One matching license found for this product: synplifypro_gowin
NOTE:  This version of the software is not a production release. No warranty is made as to the general availability of features and functionality included in this version or described in the accompanying documentation. The final contents of a production release and its timing remain at the sole discretion of Synopsys.

Starting:    C:\Gowin\1.8\SynplifyPro\bin64\mbin\synbatch.exe
Install:     C:\Gowin\1.8\SynplifyPro
Hostname:    DESKTOP-NJ8P8F8
Date:        Mon Jul  2 20:11:12 2018
Version:     N-2018.03G-Beta6

Arguments:   -product synplify_pro -batch G:/gowin_test/DBSTAR_RGMII/par/fpga_project_1/impl/temp/gao/ao_control/ao_control.prj
ProductType: synplify_pro

License checkout: synplifypro_gowin
License: synplifypro_gowin node-locked 
Licensed Vendor: gowin

Running in Vendor Mode

log file: "G:\gowin_test\DBSTAR_RGMII\par\fpga_project_1\impl\temp\gao\ao_control\rev_1\ao_control.srr"
Running: rev_1 in foreground

Running ao_control|rev_1

Running Flow: compile (Compile) on ao_control|rev_1
# Mon Jul  2 20:11:12 2018

Running Flow: compile_flow (Compile Process) on ao_control|rev_1
# Mon Jul  2 20:11:12 2018

Running: compiler (Compile Input) on ao_control|rev_1
# Mon Jul  2 20:11:12 2018
Copied G:\gowin_test\DBSTAR_RGMII\par\fpga_project_1\impl\temp\gao\ao_control\rev_1\synwork\ao_control_comp.srs to G:\gowin_test\DBSTAR_RGMII\par\fpga_project_1\impl\temp\gao\ao_control\rev_1\ao_control.srs

compiler completed
# Mon Jul  2 20:11:15 2018

Return Code: 0
Run Time:00h:00m:03s

Running: multi_srs_gen (Multi-srs Generator) on ao_control|rev_1
# Mon Jul  2 20:11:15 2018

multi_srs_gen completed
# Mon Jul  2 20:11:16 2018

Return Code: 0
Run Time:00h:00m:01s
Copied G:\gowin_test\DBSTAR_RGMII\par\fpga_project_1\impl\temp\gao\ao_control\rev_1\synwork\ao_control_mult.srs to G:\gowin_test\DBSTAR_RGMII\par\fpga_project_1\impl\temp\gao\ao_control\rev_1\ao_control.srs
Complete: Compile Process on ao_control|rev_1

Running: premap (Premap) on ao_control|rev_1
# Mon Jul  2 20:11:16 2018

premap completed
# Mon Jul  2 20:11:19 2018

Return Code: 0
Run Time:00h:00m:03s
Complete: Compile on ao_control|rev_1

Running Flow: map (Map) on ao_control|rev_1
# Mon Jul  2 20:11:19 2018
License granted for 4 parallel jobs

Running: fpga_mapper (Map & Optimize) on ao_control|rev_1
# Mon Jul  2 20:11:19 2018
Copied G:\gowin_test\DBSTAR_RGMII\par\fpga_project_1\impl\temp\gao\ao_control\rev_1\synwork\ao_control_m.srm to G:\gowin_test\DBSTAR_RGMII\par\fpga_project_1\impl\temp\gao\ao_control\rev_1\ao_control.srm

fpga_mapper completed with warnings
# Mon Jul  2 20:11:24 2018

Return Code: 1
Run Time:00h:00m:05s
Complete: Map on ao_control|rev_1
Complete: Logic Synthesis on ao_control|rev_1
exit status=0
exit status=0
License checkin: synplifypro_gowin
