D:\CODE\C_LANGUAGE\DATA-STRUCT\C_PLUS_PLUS\WINDOWS程序设计\02_USEFULFUNC\02_USEFULFUNC\DEBUG\02_USEFULFUNC.OBJ
D:\CODE\C_LANGUAGE\DATA-STRUCT\C_PLUS_PLUS\WINDOWS程序设计\02_USEFULFUNC\02_USEFULFUNC\DEBUG\VC110.PDB
D:\CODE\C_LANGUAGE\DATA-STRUCT\C_PLUS_PLUS\WINDOWS程序设计\02_USEFULFUNC\DEBUG\02_USEFULFUNC.ILK
D:\CODE\C_LANGUAGE\DATA-STRUCT\C_PLUS_PLUS\WINDOWS程序设计\02_USEFULFUNC\DEBUG\02_USEFULFUNC.EXE
D:\CODE\C_LANGUAGE\DATA-STRUCT\C_PLUS_PLUS\WINDOWS程序设计\02_USEFULFUNC\DEBUG\02_USEFULFUNC.PDB
D:\code\c_language\data-struct\c_plus_plus\Windows程序设计\02_UsefulFunc\02_UsefulFunc\Debug\02_UsefulFunc.obj
D:\code\c_language\data-struct\c_plus_plus\Windows程序设计\02_UsefulFunc\02_UsefulFunc\Debug\cl.command.1.tlog
D:\code\c_language\data-struct\c_plus_plus\Windows程序设计\02_UsefulFunc\02_UsefulFunc\Debug\CL.read.1.tlog
D:\code\c_language\data-struct\c_plus_plus\Windows程序设计\02_UsefulFunc\02_UsefulFunc\Debug\CL.write.1.tlog
D:\code\c_language\data-struct\c_plus_plus\Windows程序设计\02_UsefulFunc\02_UsefulFunc\Debug\link-cvtres.read.1.tlog
D:\code\c_language\data-struct\c_plus_plus\Windows程序设计\02_UsefulFunc\02_UsefulFunc\Debug\link-cvtres.write.1.tlog
D:\code\c_language\data-struct\c_plus_plus\Windows程序设计\02_UsefulFunc\02_UsefulFunc\Debug\link-rc.read.1.tlog
D:\code\c_language\data-struct\c_plus_plus\Windows程序设计\02_UsefulFunc\02_UsefulFunc\Debug\link-rc.write.1.tlog
D:\code\c_language\data-struct\c_plus_plus\Windows程序设计\02_UsefulFunc\02_UsefulFunc\Debug\link.command.1.tlog
D:\code\c_language\data-struct\c_plus_plus\Windows程序设计\02_UsefulFunc\02_UsefulFunc\Debug\link.read.1.tlog
D:\code\c_language\data-struct\c_plus_plus\Windows程序设计\02_UsefulFunc\02_UsefulFunc\Debug\link.write.1.tlog
D:\code\c_language\data-struct\c_plus_plus\Windows程序设计\02_UsefulFunc\02_UsefulFunc\Debug\vc110.idb
D:\code\c_language\data-struct\c_plus_plus\Windows程序设计\02_UsefulFunc\02_UsefulFunc\Debug\vc110.pdb
D:\code\c_language\data-struct\c_plus_plus\Windows程序设计\02_UsefulFunc\Debug\02_UsefulFunc.pdb
D:\code\c_language\data-struct\c_plus_plus\Windows程序设计\02_UsefulFunc\Debug\02_UsefulFunc.exe
D:\code\c_language\data-struct\c_plus_plus\Windows程序设计\02_UsefulFunc\Debug\02_UsefulFunc.ilk
