


ARM Macro Assembler    Page 1 


    1 00000000         ; * ----------------------------------------------------
                       ---------------------
    2 00000000         ; *  @file:    startup_MIMXRT1064.s
    3 00000000         ; *  @purpose: CMSIS Cortex-M7 Core Device Startup File
    4 00000000         ; *            MIMXRT1064
    5 00000000         ; *  @version: 0.1
    6 00000000         ; *  @date:    2018-6-22
    7 00000000         ; *  @build:   b180820
    8 00000000         ; * ----------------------------------------------------
                       ---------------------
    9 00000000         ; *
   10 00000000         ; * Copyright 1997-2016 Freescale Semiconductor, Inc.
   11 00000000         ; * Copyright 2016-2018 NXP
   12 00000000         ; *
   13 00000000         ; * SPDX-License-Identifier: BSD-3-Clause
   14 00000000         ; *
   15 00000000         ; *------- <<< Use Configuration Wizard in Context Menu 
                       >>> ------------------
   16 00000000         ; *
   17 00000000         ; ******************************************************
                       ***********************/
   18 00000000         
   19 00000000         
   20 00000000                 PRESERVE8
   21 00000000                 THUMB
   22 00000000         
   23 00000000         
   24 00000000         ; Vector Table Mapped to Address 0 at Reset
   25 00000000         
   26 00000000                 AREA             RESET, DATA, READONLY
   27 00000000                 EXPORT           __Vectors
   28 00000000                 EXPORT           __Vectors_End
   29 00000000                 EXPORT           __Vectors_Size
   30 00000000                 IMPORT           |Image$$ARM_LIB_STACK$$ZI$$Limi
t|
   31 00000000         
   32 00000000 00000000 
                       __Vectors
                               DCD              |Image$$ARM_LIB_STACK$$ZI$$Limi
t| 
                                                            ; Top of Stack
   33 00000004 00000000        DCD              Reset_Handler ; Reset Handler
   34 00000008 00000000        DCD              NMI_Handler ;NMI Handler
   35 0000000C 00000000        DCD              HardFault_Handler 
                                                            ;Hard Fault Handler
                                                            
   36 00000010 00000000        DCD              MemManage_Handler 
                                                            ;MPU Fault Handler
   37 00000014 00000000        DCD              BusFault_Handler 
                                                            ;Bus Fault Handler
   38 00000018 00000000        DCD              UsageFault_Handler ;Usage Fault
                                                             Handler
   39 0000001C 00000000        DCD              0           ;Reserved
   40 00000020 00000000        DCD              0           ;Reserved
   41 00000024 00000000        DCD              0           ;Reserved
   42 00000028 00000000        DCD              0           ;Reserved
   43 0000002C 00000000        DCD              SVC_Handler ;SVCall Handler
   44 00000030 00000000        DCD              DebugMon_Handler ;Debug Monitor
                                                             Handler



ARM Macro Assembler    Page 2 


   45 00000034 00000000        DCD              0           ;Reserved
   46 00000038 00000000        DCD              PendSV_Handler ;PendSV Handler
   47 0000003C 00000000        DCD              SysTick_Handler 
                                                            ;SysTick Handler
   48 00000040         
   49 00000040         ;External Interrupts
   50 00000040 00000000        DCD              DMA0_DMA16_IRQHandler ;DMA chan
                                                            nel 0/16 transfer c
                                                            omplete
   51 00000044 00000000        DCD              DMA1_DMA17_IRQHandler ;DMA chan
                                                            nel 1/17 transfer c
                                                            omplete
   52 00000048 00000000        DCD              DMA2_DMA18_IRQHandler ;DMA chan
                                                            nel 2/18 transfer c
                                                            omplete
   53 0000004C 00000000        DCD              DMA3_DMA19_IRQHandler ;DMA chan
                                                            nel 3/19 transfer c
                                                            omplete
   54 00000050 00000000        DCD              DMA4_DMA20_IRQHandler ;DMA chan
                                                            nel 4/20 transfer c
                                                            omplete
   55 00000054 00000000        DCD              DMA5_DMA21_IRQHandler ;DMA chan
                                                            nel 5/21 transfer c
                                                            omplete
   56 00000058 00000000        DCD              DMA6_DMA22_IRQHandler ;DMA chan
                                                            nel 6/22 transfer c
                                                            omplete
   57 0000005C 00000000        DCD              DMA7_DMA23_IRQHandler ;DMA chan
                                                            nel 7/23 transfer c
                                                            omplete
   58 00000060 00000000        DCD              DMA8_DMA24_IRQHandler ;DMA chan
                                                            nel 8/24 transfer c
                                                            omplete
   59 00000064 00000000        DCD              DMA9_DMA25_IRQHandler ;DMA chan
                                                            nel 9/25 transfer c
                                                            omplete
   60 00000068 00000000        DCD              DMA10_DMA26_IRQHandler ;DMA cha
                                                            nnel 10/26 transfer
                                                             complete
   61 0000006C 00000000        DCD              DMA11_DMA27_IRQHandler ;DMA cha
                                                            nnel 11/27 transfer
                                                             complete
   62 00000070 00000000        DCD              DMA12_DMA28_IRQHandler ;DMA cha
                                                            nnel 12/28 transfer
                                                             complete
   63 00000074 00000000        DCD              DMA13_DMA29_IRQHandler ;DMA cha
                                                            nnel 13/29 transfer
                                                             complete
   64 00000078 00000000        DCD              DMA14_DMA30_IRQHandler ;DMA cha
                                                            nnel 14/30 transfer
                                                             complete
   65 0000007C 00000000        DCD              DMA15_DMA31_IRQHandler ;DMA cha
                                                            nnel 15/31 transfer
                                                             complete
   66 00000080 00000000        DCD              DMA_ERROR_IRQHandler ;DMA error
                                                             interrupt channels
                                                             0-15 / 16-31
   67 00000084 00000000        DCD              CTI0_ERROR_IRQHandler 
                                                            ;CTI0_Error



ARM Macro Assembler    Page 3 


   68 00000088 00000000        DCD              CTI1_ERROR_IRQHandler 
                                                            ;CTI1_Error
   69 0000008C 00000000        DCD              CORE_IRQHandler ;CorePlatform e
                                                            xception IRQ
   70 00000090 00000000        DCD              LPUART1_IRQHandler ;LPUART1 TX 
                                                            interrupt and RX in
                                                            terrupt
   71 00000094 00000000        DCD              LPUART2_IRQHandler ;LPUART2 TX 
                                                            interrupt and RX in
                                                            terrupt
   72 00000098 00000000        DCD              LPUART3_IRQHandler ;LPUART3 TX 
                                                            interrupt and RX in
                                                            terrupt
   73 0000009C 00000000        DCD              LPUART4_IRQHandler ;LPUART4 TX 
                                                            interrupt and RX in
                                                            terrupt
   74 000000A0 00000000        DCD              LPUART5_IRQHandler ;LPUART5 TX 
                                                            interrupt and RX in
                                                            terrupt
   75 000000A4 00000000        DCD              LPUART6_IRQHandler ;LPUART6 TX 
                                                            interrupt and RX in
                                                            terrupt
   76 000000A8 00000000        DCD              LPUART7_IRQHandler ;LPUART7 TX 
                                                            interrupt and RX in
                                                            terrupt
   77 000000AC 00000000        DCD              LPUART8_IRQHandler ;LPUART8 TX 
                                                            interrupt and RX in
                                                            terrupt
   78 000000B0 00000000        DCD              LPI2C1_IRQHandler 
                                                            ;LPI2C1 interrupt
   79 000000B4 00000000        DCD              LPI2C2_IRQHandler 
                                                            ;LPI2C2 interrupt
   80 000000B8 00000000        DCD              LPI2C3_IRQHandler 
                                                            ;LPI2C3 interrupt
   81 000000BC 00000000        DCD              LPI2C4_IRQHandler 
                                                            ;LPI2C4 interrupt
   82 000000C0 00000000        DCD              LPSPI1_IRQHandler ;LPSPI1 singl
                                                            e interrupt vector 
                                                            for all sources
   83 000000C4 00000000        DCD              LPSPI2_IRQHandler ;LPSPI2 singl
                                                            e interrupt vector 
                                                            for all sources
   84 000000C8 00000000        DCD              LPSPI3_IRQHandler ;LPSPI3 singl
                                                            e interrupt vector 
                                                            for all sources
   85 000000CC 00000000        DCD              LPSPI4_IRQHandler ;LPSPI4  sing
                                                            le interrupt vector
                                                             for all sources
   86 000000D0 00000000        DCD              CAN1_IRQHandler ;CAN1 interrupt
                                                            
   87 000000D4 00000000        DCD              CAN2_IRQHandler ;CAN2 interrupt
                                                            
   88 000000D8 00000000        DCD              FLEXRAM_IRQHandler ;FlexRAM add
                                                            ress out of range O
                                                            r access hit IRQ
   89 000000DC 00000000        DCD              KPP_IRQHandler ;Keypad nterrupt
                                                            
   90 000000E0 00000000        DCD              TSC_DIG_IRQHandler 
                                                            ;TSC interrupt



ARM Macro Assembler    Page 4 


   91 000000E4 00000000        DCD              GPR_IRQ_IRQHandler 
                                                            ;GPR interrupt
   92 000000E8 00000000        DCD              LCDIF_IRQHandler 
                                                            ;LCDIF interrupt
   93 000000EC 00000000        DCD              CSI_IRQHandler ;CSI interrupt
   94 000000F0 00000000        DCD              PXP_IRQHandler ;PXP interrupt
   95 000000F4 00000000        DCD              WDOG2_IRQHandler 
                                                            ;WDOG2 interrupt
   96 000000F8 00000000        DCD              SNVS_HP_WRAPPER_IRQHandler ;SRT
                                                            C Consolidated Inte
                                                            rrupt. Non TZ
   97 000000FC 00000000        DCD              SNVS_HP_WRAPPER_TZ_IRQHandler ;
                                                            SRTC Security Inter
                                                            rupt. TZ
   98 00000100 00000000        DCD              SNVS_LP_WRAPPER_IRQHandler ;ON-
                                                            OFF button press sh
                                                            orter than 5 secs (
                                                            pulse event)
   99 00000104 00000000        DCD              CSU_IRQHandler ;CSU interrupt
  100 00000108 00000000        DCD              DCP_IRQHandler 
                                                            ;DCP_IRQ interrupt
  101 0000010C 00000000        DCD              DCP_VMI_IRQHandler ;DCP_VMI_IRQ
                                                             interrupt
  102 00000110 00000000        DCD              Reserved68_IRQHandler 
                                                            ;Reserved interrupt
                                                            
  103 00000114 00000000        DCD              TRNG_IRQHandler ;TRNG interrupt
                                                            
  104 00000118 00000000        DCD              SJC_IRQHandler ;SJC interrupt
  105 0000011C 00000000        DCD              BEE_IRQHandler ;BEE interrupt
  106 00000120 00000000        DCD              SAI1_IRQHandler ;SAI1 interrupt
                                                            
  107 00000124 00000000        DCD              SAI2_IRQHandler ;SAI1 interrupt
                                                            
  108 00000128 00000000        DCD              SAI3_RX_IRQHandler 
                                                            ;SAI3 interrupt
  109 0000012C 00000000        DCD              SAI3_TX_IRQHandler 
                                                            ;SAI3 interrupt
  110 00000130 00000000        DCD              SPDIF_IRQHandler 
                                                            ;SPDIF interrupt
  111 00000134 00000000        DCD              PMU_EVENT_IRQHandler ;Brown-out
                                                             event interrupt
  112 00000138 00000000        DCD              Reserved78_IRQHandler 
                                                            ;Reserved interrupt
                                                            
  113 0000013C 00000000        DCD              TEMP_LOW_HIGH_IRQHandler ;TempS
                                                            ensor low/high inte
                                                            rrupt
  114 00000140 00000000        DCD              TEMP_PANIC_IRQHandler ;TempSens
                                                            or panic interrupt
  115 00000144 00000000        DCD              USB_PHY1_IRQHandler ;USBPHY (UT
                                                            MI0), Interrupt
  116 00000148 00000000        DCD              USB_PHY2_IRQHandler ;USBPHY (UT
                                                            MI1), Interrupt
  117 0000014C 00000000        DCD              ADC1_IRQHandler ;ADC1 interrupt
                                                            
  118 00000150 00000000        DCD              ADC2_IRQHandler ;ADC2 interrupt
                                                            
  119 00000154 00000000        DCD              DCDC_IRQHandler ;DCDC interrupt



ARM Macro Assembler    Page 5 


                                                            
  120 00000158 00000000        DCD              Reserved86_IRQHandler 
                                                            ;Reserved interrupt
                                                            
  121 0000015C 00000000        DCD              Reserved87_IRQHandler 
                                                            ;Reserved interrupt
                                                            
  122 00000160 00000000        DCD              GPIO1_INT0_IRQHandler ;Active H
                                                            IGH Interrupt from 
                                                            INT0 from GPIO
  123 00000164 00000000        DCD              GPIO1_INT1_IRQHandler ;Active H
                                                            IGH Interrupt from 
                                                            INT1 from GPIO
  124 00000168 00000000        DCD              GPIO1_INT2_IRQHandler ;Active H
                                                            IGH Interrupt from 
                                                            INT2 from GPIO
  125 0000016C 00000000        DCD              GPIO1_INT3_IRQHandler ;Active H
                                                            IGH Interrupt from 
                                                            INT3 from GPIO
  126 00000170 00000000        DCD              GPIO1_INT4_IRQHandler ;Active H
                                                            IGH Interrupt from 
                                                            INT4 from GPIO
  127 00000174 00000000        DCD              GPIO1_INT5_IRQHandler ;Active H
                                                            IGH Interrupt from 
                                                            INT5 from GPIO
  128 00000178 00000000        DCD              GPIO1_INT6_IRQHandler ;Active H
                                                            IGH Interrupt from 
                                                            INT6 from GPIO
  129 0000017C 00000000        DCD              GPIO1_INT7_IRQHandler ;Active H
                                                            IGH Interrupt from 
                                                            INT7 from GPIO
  130 00000180 00000000        DCD              GPIO1_Combined_0_15_IRQHandler 
                                                            ;Combined interrupt
                                                             indication for GPI
                                                            O1 signal 0 through
                                                            out 15
  131 00000184 00000000        DCD              GPIO1_Combined_16_31_IRQHandler
 
                                                            ;Combined interrupt
                                                             indication for GPI
                                                            O1 signal 16 throug
                                                            hout 31
  132 00000188 00000000        DCD              GPIO2_Combined_0_15_IRQHandler 
                                                            ;Combined interrupt
                                                             indication for GPI
                                                            O2 signal 0 through
                                                            out 15
  133 0000018C 00000000        DCD              GPIO2_Combined_16_31_IRQHandler
 
                                                            ;Combined interrupt
                                                             indication for GPI
                                                            O2 signal 16 throug
                                                            hout 31
  134 00000190 00000000        DCD              GPIO3_Combined_0_15_IRQHandler 
                                                            ;Combined interrupt
                                                             indication for GPI
                                                            O3 signal 0 through
                                                            out 15
  135 00000194 00000000        DCD              GPIO3_Combined_16_31_IRQHandler



ARM Macro Assembler    Page 6 


 
                                                            ;Combined interrupt
                                                             indication for GPI
                                                            O3 signal 16 throug
                                                            hout 31
  136 00000198 00000000        DCD              GPIO4_Combined_0_15_IRQHandler 
                                                            ;Combined interrupt
                                                             indication for GPI
                                                            O4 signal 0 through
                                                            out 15
  137 0000019C 00000000        DCD              GPIO4_Combined_16_31_IRQHandler
 
                                                            ;Combined interrupt
                                                             indication for GPI
                                                            O4 signal 16 throug
                                                            hout 31
  138 000001A0 00000000        DCD              GPIO5_Combined_0_15_IRQHandler 
                                                            ;Combined interrupt
                                                             indication for GPI
                                                            O5 signal 0 through
                                                            out 15
  139 000001A4 00000000        DCD              GPIO5_Combined_16_31_IRQHandler
 
                                                            ;Combined interrupt
                                                             indication for GPI
                                                            O5 signal 16 throug
                                                            hout 31
  140 000001A8 00000000        DCD              FLEXIO1_IRQHandler 
                                                            ;FLEXIO1 interrupt
  141 000001AC 00000000        DCD              FLEXIO2_IRQHandler 
                                                            ;FLEXIO2 interrupt
  142 000001B0 00000000        DCD              WDOG1_IRQHandler 
                                                            ;WDOG1 interrupt
  143 000001B4 00000000        DCD              RTWDOG_IRQHandler 
                                                            ;RTWDOG interrupt
  144 000001B8 00000000        DCD              EWM_IRQHandler ;EWM interrupt
  145 000001BC 00000000        DCD              CCM_1_IRQHandler 
                                                            ;CCM IRQ1 interrupt
                                                            
  146 000001C0 00000000        DCD              CCM_2_IRQHandler 
                                                            ;CCM IRQ2 interrupt
                                                            
  147 000001C4 00000000        DCD              GPC_IRQHandler ;GPC interrupt
  148 000001C8 00000000        DCD              SRC_IRQHandler ;SRC interrupt
  149 000001CC 00000000        DCD              Reserved115_IRQHandler 
                                                            ;Reserved interrupt
                                                            
  150 000001D0 00000000        DCD              GPT1_IRQHandler ;GPT1 interrupt
                                                            
  151 000001D4 00000000        DCD              GPT2_IRQHandler ;GPT2 interrupt
                                                            
  152 000001D8 00000000        DCD              PWM1_0_IRQHandler ;PWM1 capture
                                                             0, compare 0, or r
                                                            eload 0 interrupt
  153 000001DC 00000000        DCD              PWM1_1_IRQHandler ;PWM1 capture
                                                             1, compare 1, or r
                                                            eload 0 interrupt
  154 000001E0 00000000        DCD              PWM1_2_IRQHandler ;PWM1 capture
                                                             2, compare 2, or r



ARM Macro Assembler    Page 7 


                                                            eload 0 interrupt
  155 000001E4 00000000        DCD              PWM1_3_IRQHandler ;PWM1 capture
                                                             3, compare 3, or r
                                                            eload 0 interrupt
  156 000001E8 00000000        DCD              PWM1_FAULT_IRQHandler ;PWM1 fau
                                                            lt or reload error 
                                                            interrupt
  157 000001EC 00000000        DCD              FLEXSPI2_IRQHandler 
                                                            ;FlexSPI2 interrupt
                                                            
  158 000001F0 00000000        DCD              FLEXSPI_IRQHandler 
                                                            ;FlexSPI0 interrupt
                                                            
  159 000001F4 00000000        DCD              SEMC_IRQHandler 
                                                            ;Reserved interrupt
                                                            
  160 000001F8 00000000        DCD              USDHC1_IRQHandler 
                                                            ;USDHC1 interrupt
  161 000001FC 00000000        DCD              USDHC2_IRQHandler 
                                                            ;USDHC2 interrupt
  162 00000200 00000000        DCD              USB_OTG2_IRQHandler 
                                                            ;USBO2 USB OTG2
  163 00000204 00000000        DCD              USB_OTG1_IRQHandler 
                                                            ;USBO2 USB OTG1
  164 00000208 00000000        DCD              ENET_IRQHandler ;ENET interrupt
                                                            
  165 0000020C 00000000        DCD              ENET_1588_Timer_IRQHandler ;ENE
                                                            T_1588_Timer interr
                                                            upt
  166 00000210 00000000        DCD              XBAR1_IRQ_0_1_IRQHandler 
                                                            ;XBAR1 interrupt
  167 00000214 00000000        DCD              XBAR1_IRQ_2_3_IRQHandler 
                                                            ;XBAR1 interrupt
  168 00000218 00000000        DCD              ADC_ETC_IRQ0_IRQHandler ;ADCETC
                                                             IRQ0 interrupt
  169 0000021C 00000000        DCD              ADC_ETC_IRQ1_IRQHandler ;ADCETC
                                                             IRQ1 interrupt
  170 00000220 00000000        DCD              ADC_ETC_IRQ2_IRQHandler ;ADCETC
                                                             IRQ2 interrupt
  171 00000224 00000000        DCD              ADC_ETC_ERROR_IRQ_IRQHandler ;A
                                                            DCETC Error IRQ int
                                                            errupt
  172 00000228 00000000        DCD              PIT_IRQHandler ;PIT interrupt
  173 0000022C 00000000        DCD              ACMP1_IRQHandler 
                                                            ;ACMP interrupt
  174 00000230 00000000        DCD              ACMP2_IRQHandler 
                                                            ;ACMP interrupt
  175 00000234 00000000        DCD              ACMP3_IRQHandler 
                                                            ;ACMP interrupt
  176 00000238 00000000        DCD              ACMP4_IRQHandler 
                                                            ;ACMP interrupt
  177 0000023C 00000000        DCD              Reserved143_IRQHandler 
                                                            ;Reserved interrupt
                                                            
  178 00000240 00000000        DCD              Reserved144_IRQHandler 
                                                            ;Reserved interrupt
                                                            
  179 00000244 00000000        DCD              ENC1_IRQHandler ;ENC1 interrupt
                                                            



ARM Macro Assembler    Page 8 


  180 00000248 00000000        DCD              ENC2_IRQHandler ;ENC2 interrupt
                                                            
  181 0000024C 00000000        DCD              ENC3_IRQHandler ;ENC3 interrupt
                                                            
  182 00000250 00000000        DCD              ENC4_IRQHandler ;ENC4 interrupt
                                                            
  183 00000254 00000000        DCD              TMR1_IRQHandler ;TMR1 interrupt
                                                            
  184 00000258 00000000        DCD              TMR2_IRQHandler ;TMR2 interrupt
                                                            
  185 0000025C 00000000        DCD              TMR3_IRQHandler ;TMR3 interrupt
                                                            
  186 00000260 00000000        DCD              TMR4_IRQHandler ;TMR4 interrupt
                                                            
  187 00000264 00000000        DCD              PWM2_0_IRQHandler ;PWM2 capture
                                                             0, compare 0, or r
                                                            eload 0 interrupt
  188 00000268 00000000        DCD              PWM2_1_IRQHandler ;PWM2 capture
                                                             1, compare 1, or r
                                                            eload 0 interrupt
  189 0000026C 00000000        DCD              PWM2_2_IRQHandler ;PWM2 capture
                                                             2, compare 2, or r
                                                            eload 0 interrupt
  190 00000270 00000000        DCD              PWM2_3_IRQHandler ;PWM2 capture
                                                             3, compare 3, or r
                                                            eload 0 interrupt
  191 00000274 00000000        DCD              PWM2_FAULT_IRQHandler ;PWM2 fau
                                                            lt or reload error 
                                                            interrupt
  192 00000278 00000000        DCD              PWM3_0_IRQHandler ;PWM3 capture
                                                             0, compare 0, or r
                                                            eload 0 interrupt
  193 0000027C 00000000        DCD              PWM3_1_IRQHandler ;PWM3 capture
                                                             1, compare 1, or r
                                                            eload 0 interrupt
  194 00000280 00000000        DCD              PWM3_2_IRQHandler ;PWM3 capture
                                                             2, compare 2, or r
                                                            eload 0 interrupt
  195 00000284 00000000        DCD              PWM3_3_IRQHandler ;PWM3 capture
                                                             3, compare 3, or r
                                                            eload 0 interrupt
  196 00000288 00000000        DCD              PWM3_FAULT_IRQHandler ;PWM3 fau
                                                            lt or reload error 
                                                            interrupt
  197 0000028C 00000000        DCD              PWM4_0_IRQHandler ;PWM4 capture
                                                             0, compare 0, or r
                                                            eload 0 interrupt
  198 00000290 00000000        DCD              PWM4_1_IRQHandler ;PWM4 capture
                                                             1, compare 1, or r
                                                            eload 0 interrupt
  199 00000294 00000000        DCD              PWM4_2_IRQHandler ;PWM4 capture
                                                             2, compare 2, or r
                                                            eload 0 interrupt
  200 00000298 00000000        DCD              PWM4_3_IRQHandler ;PWM4 capture
                                                             3, compare 3, or r
                                                            eload 0 interrupt
  201 0000029C 00000000        DCD              PWM4_FAULT_IRQHandler ;PWM4 fau
                                                            lt or reload error 
                                                            interrupt



ARM Macro Assembler    Page 9 


  202 000002A0 00000000        DCD              ENET2_IRQHandler 
                                                            ;ENET2 interrupt
  203 000002A4 00000000        DCD              ENET2_1588_Timer_IRQHandler ;EN
                                                            ET2_1588_Timer inte
                                                            rrupt
  204 000002A8 00000000        DCD              CAN3_IRQHandler ;CAN3 interrupt
                                                            
  205 000002AC 00000000        DCD              Reserved171_IRQHandler 
                                                            ;Reserved interrupt
                                                            
  206 000002B0 00000000        DCD              FLEXIO3_IRQHandler 
                                                            ;FLEXIO3 interrupt
  207 000002B4 00000000        DCD              GPIO6_7_8_9_IRQHandler ;GPIO6, 
                                                            GPIO7, GPIO8, GPIO9
                                                             interrupt
  208 000002B8 00000000        DCD              DefaultISR  ;174
  209 000002BC 00000000        DCD              DefaultISR  ;175
  210 000002C0 00000000        DCD              DefaultISR  ;176
  211 000002C4 00000000        DCD              DefaultISR  ;177
  212 000002C8 00000000        DCD              DefaultISR  ;178
  213 000002CC 00000000        DCD              DefaultISR  ;179
  214 000002D0 00000000        DCD              DefaultISR  ;180
  215 000002D4 00000000        DCD              DefaultISR  ;181
  216 000002D8 00000000        DCD              DefaultISR  ;182
  217 000002DC 00000000        DCD              DefaultISR  ;183
  218 000002E0 00000000        DCD              DefaultISR  ;184
  219 000002E4 00000000        DCD              DefaultISR  ;185
  220 000002E8 00000000        DCD              DefaultISR  ;186
  221 000002EC 00000000        DCD              DefaultISR  ;187
  222 000002F0 00000000        DCD              DefaultISR  ;188
  223 000002F4 00000000        DCD              DefaultISR  ;189
  224 000002F8 00000000        DCD              DefaultISR  ;190
  225 000002FC 00000000        DCD              DefaultISR  ;191
  226 00000300 00000000        DCD              DefaultISR  ;192
  227 00000304 00000000        DCD              DefaultISR  ;193
  228 00000308 00000000        DCD              DefaultISR  ;194
  229 0000030C 00000000        DCD              DefaultISR  ;195
  230 00000310 00000000        DCD              DefaultISR  ;196
  231 00000314 00000000        DCD              DefaultISR  ;197
  232 00000318 00000000        DCD              DefaultISR  ;198
  233 0000031C 00000000        DCD              DefaultISR  ;199
  234 00000320 00000000        DCD              DefaultISR  ;200
  235 00000324 00000000        DCD              DefaultISR  ;201
  236 00000328 00000000        DCD              DefaultISR  ;202
  237 0000032C 00000000        DCD              DefaultISR  ;203
  238 00000330 00000000        DCD              DefaultISR  ;204
  239 00000334 00000000        DCD              DefaultISR  ;205
  240 00000338 00000000        DCD              DefaultISR  ;206
  241 0000033C 00000000        DCD              DefaultISR  ;207
  242 00000340 00000000        DCD              DefaultISR  ;208
  243 00000344 00000000        DCD              DefaultISR  ;209
  244 00000348 00000000        DCD              DefaultISR  ;210
  245 0000034C 00000000        DCD              DefaultISR  ;211
  246 00000350 00000000        DCD              DefaultISR  ;212
  247 00000354 00000000        DCD              DefaultISR  ;213
  248 00000358 00000000        DCD              DefaultISR  ;214
  249 0000035C 00000000        DCD              DefaultISR  ;215
  250 00000360 00000000        DCD              DefaultISR  ;216
  251 00000364 00000000        DCD              DefaultISR  ;217



ARM Macro Assembler    Page 10 


  252 00000368 00000000        DCD              DefaultISR  ;218
  253 0000036C 00000000        DCD              DefaultISR  ;219
  254 00000370 00000000        DCD              DefaultISR  ;220
  255 00000374 00000000        DCD              DefaultISR  ;221
  256 00000378 00000000        DCD              DefaultISR  ;222
  257 0000037C 00000000        DCD              DefaultISR  ;223
  258 00000380 00000000        DCD              DefaultISR  ;224
  259 00000384 00000000        DCD              DefaultISR  ;225
  260 00000388 00000000        DCD              DefaultISR  ;226
  261 0000038C 00000000        DCD              DefaultISR  ;227
  262 00000390 00000000        DCD              DefaultISR  ;228
  263 00000394 00000000        DCD              DefaultISR  ;229
  264 00000398 00000000        DCD              DefaultISR  ;230
  265 0000039C 00000000        DCD              DefaultISR  ;231
  266 000003A0 00000000        DCD              DefaultISR  ;232
  267 000003A4 00000000        DCD              DefaultISR  ;233
  268 000003A8 00000000        DCD              DefaultISR  ;234
  269 000003AC 00000000        DCD              DefaultISR  ;235
  270 000003B0 00000000        DCD              DefaultISR  ;236
  271 000003B4 00000000        DCD              DefaultISR  ;237
  272 000003B8 00000000        DCD              DefaultISR  ;238
  273 000003BC 00000000        DCD              DefaultISR  ;239
  274 000003C0 00000000        DCD              DefaultISR  ;240
  275 000003C4 00000000        DCD              DefaultISR  ;241
  276 000003C8 00000000        DCD              DefaultISR  ;242
  277 000003CC 00000000        DCD              DefaultISR  ;243
  278 000003D0 00000000        DCD              DefaultISR  ;244
  279 000003D4 00000000        DCD              DefaultISR  ;245
  280 000003D8 00000000        DCD              DefaultISR  ;246
  281 000003DC 00000000        DCD              DefaultISR  ;247
  282 000003E0 00000000        DCD              DefaultISR  ;248
  283 000003E4 00000000        DCD              DefaultISR  ;249
  284 000003E8 00000000        DCD              DefaultISR  ;250
  285 000003EC 00000000        DCD              DefaultISR  ;251
  286 000003F0 00000000        DCD              DefaultISR  ;252
  287 000003F4 00000000        DCD              DefaultISR  ;253
  288 000003F8 00000000        DCD              DefaultISR  ;254
  289 000003FC FFFFFFFF        DCD              0xFFFFFFFF  ; Reserved for user
                                                             TRIM value
  290 00000400         __Vectors_End
  291 00000400         
  292 00000400 00000400 
                       __Vectors_Size
                               EQU              __Vectors_End - __Vectors
  293 00000400         
  294 00000400                 AREA             |.text|, CODE, READONLY
  295 00000000         
  296 00000000         ; Reset Handler
  297 00000000         
  298 00000000         Reset_Handler
                               PROC
  299 00000000                 EXPORT           Reset_Handler             [WEAK
]
  300 00000000                 IMPORT           SystemInit
  301 00000000                 IMPORT           __main
  302 00000000         
  303 00000000 B672            CPSID            I           ; Mask interrupts
  304 00000002 483F            LDR              R0, =0xE000ED08
  305 00000004 493F            LDR              R1, =__Vectors



ARM Macro Assembler    Page 11 


  306 00000006 6001            STR              R1, [R0]
  307 00000008 680A            LDR              R2, [R1]
  308 0000000A F382 8808       MSR              MSP, R2
  309 0000000E 483E            LDR              R0, =SystemInit
  310 00000010 4780            BLX              R0
  311 00000012 B662            CPSIE            i           ; Unmask interrupts
                                                            
  312 00000014 483D            LDR              R0, =__main
  313 00000016 4700            BX               R0
  314 00000018                 ENDP
  315 00000018         
  316 00000018         
  317 00000018         ; Dummy Exception Handlers (infinite loops which can be 
                       modified)
  319 00000018         NMI_Handler
                               PROC
  320 00000018                 EXPORT           NMI_Handler         [WEAK]
  321 00000018 E7FE            B                .
  322 0000001A                 ENDP
  324 0000001A         HardFault_Handler
                               PROC
  325 0000001A                 EXPORT           HardFault_Handler         [WEAK
]
  326 0000001A E7FE            B                .
  327 0000001C                 ENDP
  329 0000001C         MemManage_Handler
                               PROC
  330 0000001C                 EXPORT           MemManage_Handler         [WEAK
]
  331 0000001C E7FE            B                .
  332 0000001E                 ENDP
  334 0000001E         BusFault_Handler
                               PROC
  335 0000001E                 EXPORT           BusFault_Handler         [WEAK]
  336 0000001E E7FE            B                .
  337 00000020                 ENDP
  339 00000020         UsageFault_Handler
                               PROC
  340 00000020                 EXPORT           UsageFault_Handler         [WEA
K]
  341 00000020 E7FE            B                .
  342 00000022                 ENDP
  344 00000022         SVC_Handler
                               PROC
  345 00000022                 EXPORT           SVC_Handler         [WEAK]
  346 00000022 E7FE            B                .
  347 00000024                 ENDP
  349 00000024         DebugMon_Handler
                               PROC
  350 00000024                 EXPORT           DebugMon_Handler         [WEAK]
  351 00000024 E7FE            B                .
  352 00000026                 ENDP
  354 00000026         PendSV_Handler
                               PROC
  355 00000026                 EXPORT           PendSV_Handler         [WEAK]
  356 00000026 E7FE            B                .
  357 00000028                 ENDP
  359 00000028         SysTick_Handler
                               PROC



ARM Macro Assembler    Page 12 


  360 00000028                 EXPORT           SysTick_Handler         [WEAK]
  361 00000028 E7FE            B                .
  362 0000002A                 ENDP
  364 0000002A         DMA0_DMA16_IRQHandler
                               PROC
  365 0000002A                 EXPORT           DMA0_DMA16_IRQHandler         [
WEAK]
  366 0000002A 4839            LDR              R0, =DMA0_DMA16_DriverIRQHandle
r
  367 0000002C 4700            BX               R0
  368 0000002E                 ENDP
  369 0000002E         
  371 0000002E         DMA1_DMA17_IRQHandler
                               PROC
  372 0000002E                 EXPORT           DMA1_DMA17_IRQHandler         [
WEAK]
  373 0000002E 4839            LDR              R0, =DMA1_DMA17_DriverIRQHandle
r
  374 00000030 4700            BX               R0
  375 00000032                 ENDP
  376 00000032         
  378 00000032         DMA2_DMA18_IRQHandler
                               PROC
  379 00000032                 EXPORT           DMA2_DMA18_IRQHandler         [
WEAK]
  380 00000032 4839            LDR              R0, =DMA2_DMA18_DriverIRQHandle
r
  381 00000034 4700            BX               R0
  382 00000036                 ENDP
  383 00000036         
  385 00000036         DMA3_DMA19_IRQHandler
                               PROC
  386 00000036                 EXPORT           DMA3_DMA19_IRQHandler         [
WEAK]
  387 00000036 4839            LDR              R0, =DMA3_DMA19_DriverIRQHandle
r
  388 00000038 4700            BX               R0
  389 0000003A                 ENDP
  390 0000003A         
  392 0000003A         DMA4_DMA20_IRQHandler
                               PROC
  393 0000003A                 EXPORT           DMA4_DMA20_IRQHandler         [
WEAK]
  394 0000003A 4839            LDR              R0, =DMA4_DMA20_DriverIRQHandle
r
  395 0000003C 4700            BX               R0
  396 0000003E                 ENDP
  397 0000003E         
  399 0000003E         DMA5_DMA21_IRQHandler
                               PROC
  400 0000003E                 EXPORT           DMA5_DMA21_IRQHandler         [
WEAK]
  401 0000003E 4839            LDR              R0, =DMA5_DMA21_DriverIRQHandle
r
  402 00000040 4700            BX               R0
  403 00000042                 ENDP
  404 00000042         
  406 00000042         DMA6_DMA22_IRQHandler
                               PROC



ARM Macro Assembler    Page 13 


  407 00000042                 EXPORT           DMA6_DMA22_IRQHandler         [
WEAK]
  408 00000042 4839            LDR              R0, =DMA6_DMA22_DriverIRQHandle
r
  409 00000044 4700            BX               R0
  410 00000046                 ENDP
  411 00000046         
  413 00000046         DMA7_DMA23_IRQHandler
                               PROC
  414 00000046                 EXPORT           DMA7_DMA23_IRQHandler         [
WEAK]
  415 00000046 4839            LDR              R0, =DMA7_DMA23_DriverIRQHandle
r
  416 00000048 4700            BX               R0
  417 0000004A                 ENDP
  418 0000004A         
  420 0000004A         DMA8_DMA24_IRQHandler
                               PROC
  421 0000004A                 EXPORT           DMA8_DMA24_IRQHandler         [
WEAK]
  422 0000004A 4839            LDR              R0, =DMA8_DMA24_DriverIRQHandle
r
  423 0000004C 4700            BX               R0
  424 0000004E                 ENDP
  425 0000004E         
  427 0000004E         DMA9_DMA25_IRQHandler
                               PROC
  428 0000004E                 EXPORT           DMA9_DMA25_IRQHandler         [
WEAK]
  429 0000004E 4839            LDR              R0, =DMA9_DMA25_DriverIRQHandle
r
  430 00000050 4700            BX               R0
  431 00000052                 ENDP
  432 00000052         
  434 00000052         DMA10_DMA26_IRQHandler
                               PROC
  435 00000052                 EXPORT           DMA10_DMA26_IRQHandler         
[WEAK]
  436 00000052 4839            LDR              R0, =DMA10_DMA26_DriverIRQHandl
er
  437 00000054 4700            BX               R0
  438 00000056                 ENDP
  439 00000056         
  441 00000056         DMA11_DMA27_IRQHandler
                               PROC
  442 00000056                 EXPORT           DMA11_DMA27_IRQHandler         
[WEAK]
  443 00000056 4839            LDR              R0, =DMA11_DMA27_DriverIRQHandl
er
  444 00000058 4700            BX               R0
  445 0000005A                 ENDP
  446 0000005A         
  448 0000005A         DMA12_DMA28_IRQHandler
                               PROC
  449 0000005A                 EXPORT           DMA12_DMA28_IRQHandler         
[WEAK]
  450 0000005A 4839            LDR              R0, =DMA12_DMA28_DriverIRQHandl
er
  451 0000005C 4700            BX               R0



ARM Macro Assembler    Page 14 


  452 0000005E                 ENDP
  453 0000005E         
  455 0000005E         DMA13_DMA29_IRQHandler
                               PROC
  456 0000005E                 EXPORT           DMA13_DMA29_IRQHandler         
[WEAK]
  457 0000005E 4839            LDR              R0, =DMA13_DMA29_DriverIRQHandl
er
  458 00000060 4700            BX               R0
  459 00000062                 ENDP
  460 00000062         
  462 00000062         DMA14_DMA30_IRQHandler
                               PROC
  463 00000062                 EXPORT           DMA14_DMA30_IRQHandler         
[WEAK]
  464 00000062 4839            LDR              R0, =DMA14_DMA30_DriverIRQHandl
er
  465 00000064 4700            BX               R0
  466 00000066                 ENDP
  467 00000066         
  469 00000066         DMA15_DMA31_IRQHandler
                               PROC
  470 00000066                 EXPORT           DMA15_DMA31_IRQHandler         
[WEAK]
  471 00000066 4839            LDR              R0, =DMA15_DMA31_DriverIRQHandl
er
  472 00000068 4700            BX               R0
  473 0000006A                 ENDP
  474 0000006A         
  476 0000006A         DMA_ERROR_IRQHandler
                               PROC
  477 0000006A                 EXPORT           DMA_ERROR_IRQHandler         [W
EAK]
  478 0000006A 4839            LDR              R0, =DMA_ERROR_DriverIRQHandler
  479 0000006C 4700            BX               R0
  480 0000006E                 ENDP
  481 0000006E         
  483 0000006E         LPUART1_IRQHandler
                               PROC
  484 0000006E                 EXPORT           LPUART1_IRQHandler         [WEA
K]
  485 0000006E 4839            LDR              R0, =LPUART1_DriverIRQHandler
  486 00000070 4700            BX               R0
  487 00000072                 ENDP
  488 00000072         
  490 00000072         LPUART2_IRQHandler
                               PROC
  491 00000072                 EXPORT           LPUART2_IRQHandler         [WEA
K]
  492 00000072 4839            LDR              R0, =LPUART2_DriverIRQHandler
  493 00000074 4700            BX               R0
  494 00000076                 ENDP
  495 00000076         
  497 00000076         LPUART3_IRQHandler
                               PROC
  498 00000076                 EXPORT           LPUART3_IRQHandler         [WEA
K]
  499 00000076 4839            LDR              R0, =LPUART3_DriverIRQHandler
  500 00000078 4700            BX               R0



ARM Macro Assembler    Page 15 


  501 0000007A                 ENDP
  502 0000007A         
  504 0000007A         LPUART4_IRQHandler
                               PROC
  505 0000007A                 EXPORT           LPUART4_IRQHandler         [WEA
K]
  506 0000007A 4839            LDR              R0, =LPUART4_DriverIRQHandler
  507 0000007C 4700            BX               R0
  508 0000007E                 ENDP
  509 0000007E         
  511 0000007E         LPUART5_IRQHandler
                               PROC
  512 0000007E                 EXPORT           LPUART5_IRQHandler         [WEA
K]
  513 0000007E 4839            LDR              R0, =LPUART5_DriverIRQHandler
  514 00000080 4700            BX               R0
  515 00000082                 ENDP
  516 00000082         
  518 00000082         LPUART6_IRQHandler
                               PROC
  519 00000082                 EXPORT           LPUART6_IRQHandler         [WEA
K]
  520 00000082 4839            LDR              R0, =LPUART6_DriverIRQHandler
  521 00000084 4700            BX               R0
  522 00000086                 ENDP
  523 00000086         
  525 00000086         LPUART7_IRQHandler
                               PROC
  526 00000086                 EXPORT           LPUART7_IRQHandler         [WEA
K]
  527 00000086 4839            LDR              R0, =LPUART7_DriverIRQHandler
  528 00000088 4700            BX               R0
  529 0000008A                 ENDP
  530 0000008A         
  532 0000008A         LPUART8_IRQHandler
                               PROC
  533 0000008A                 EXPORT           LPUART8_IRQHandler         [WEA
K]
  534 0000008A 4839            LDR              R0, =LPUART8_DriverIRQHandler
  535 0000008C 4700            BX               R0
  536 0000008E                 ENDP
  537 0000008E         
  539 0000008E         LPI2C1_IRQHandler
                               PROC
  540 0000008E                 EXPORT           LPI2C1_IRQHandler         [WEAK
]
  541 0000008E 4839            LDR              R0, =LPI2C1_DriverIRQHandler
  542 00000090 4700            BX               R0
  543 00000092                 ENDP
  544 00000092         
  546 00000092         LPI2C2_IRQHandler
                               PROC
  547 00000092                 EXPORT           LPI2C2_IRQHandler         [WEAK
]
  548 00000092 4839            LDR              R0, =LPI2C2_DriverIRQHandler
  549 00000094 4700            BX               R0
  550 00000096                 ENDP
  551 00000096         
  553 00000096         LPI2C3_IRQHandler



ARM Macro Assembler    Page 16 


                               PROC
  554 00000096                 EXPORT           LPI2C3_IRQHandler         [WEAK
]
  555 00000096 4839            LDR              R0, =LPI2C3_DriverIRQHandler
  556 00000098 4700            BX               R0
  557 0000009A                 ENDP
  558 0000009A         
  560 0000009A         LPI2C4_IRQHandler
                               PROC
  561 0000009A                 EXPORT           LPI2C4_IRQHandler         [WEAK
]
  562 0000009A 4839            LDR              R0, =LPI2C4_DriverIRQHandler
  563 0000009C 4700            BX               R0
  564 0000009E                 ENDP
  565 0000009E         
  567 0000009E         LPSPI1_IRQHandler
                               PROC
  568 0000009E                 EXPORT           LPSPI1_IRQHandler         [WEAK
]
  569 0000009E 4839            LDR              R0, =LPSPI1_DriverIRQHandler
  570 000000A0 4700            BX               R0
  571 000000A2                 ENDP
  572 000000A2         
  574 000000A2         LPSPI2_IRQHandler
                               PROC
  575 000000A2                 EXPORT           LPSPI2_IRQHandler         [WEAK
]
  576 000000A2 4839            LDR              R0, =LPSPI2_DriverIRQHandler
  577 000000A4 4700            BX               R0
  578 000000A6                 ENDP
  579 000000A6         
  581 000000A6         LPSPI3_IRQHandler
                               PROC
  582 000000A6                 EXPORT           LPSPI3_IRQHandler         [WEAK
]
  583 000000A6 4839            LDR              R0, =LPSPI3_DriverIRQHandler
  584 000000A8 4700            BX               R0
  585 000000AA                 ENDP
  586 000000AA         
  588 000000AA         LPSPI4_IRQHandler
                               PROC
  589 000000AA                 EXPORT           LPSPI4_IRQHandler         [WEAK
]
  590 000000AA 4839            LDR              R0, =LPSPI4_DriverIRQHandler
  591 000000AC 4700            BX               R0
  592 000000AE                 ENDP
  593 000000AE         
  595 000000AE         CAN1_IRQHandler
                               PROC
  596 000000AE                 EXPORT           CAN1_IRQHandler         [WEAK]
  597 000000AE 4839            LDR              R0, =CAN1_DriverIRQHandler
  598 000000B0 4700            BX               R0
  599 000000B2                 ENDP
  600 000000B2         
  602 000000B2         CAN2_IRQHandler
                               PROC
  603 000000B2                 EXPORT           CAN2_IRQHandler         [WEAK]
  604 000000B2 4839            LDR              R0, =CAN2_DriverIRQHandler
  605 000000B4 4700            BX               R0



ARM Macro Assembler    Page 17 


  606 000000B6                 ENDP
  607 000000B6         
  609 000000B6         SAI1_IRQHandler
                               PROC
  610 000000B6                 EXPORT           SAI1_IRQHandler         [WEAK]
  611 000000B6 4839            LDR              R0, =SAI1_DriverIRQHandler
  612 000000B8 4700            BX               R0
  613 000000BA                 ENDP
  614 000000BA         
  616 000000BA         SAI2_IRQHandler
                               PROC
  617 000000BA                 EXPORT           SAI2_IRQHandler         [WEAK]
  618 000000BA 4839            LDR              R0, =SAI2_DriverIRQHandler
  619 000000BC 4700            BX               R0
  620 000000BE                 ENDP
  621 000000BE         
  623 000000BE         SAI3_RX_IRQHandler
                               PROC
  624 000000BE                 EXPORT           SAI3_RX_IRQHandler         [WEA
K]
  625 000000BE 4839            LDR              R0, =SAI3_RX_DriverIRQHandler
  626 000000C0 4700            BX               R0
  627 000000C2                 ENDP
  628 000000C2         
  630 000000C2         SAI3_TX_IRQHandler
                               PROC
  631 000000C2                 EXPORT           SAI3_TX_IRQHandler         [WEA
K]
  632 000000C2 4839            LDR              R0, =SAI3_TX_DriverIRQHandler
  633 000000C4 4700            BX               R0
  634 000000C6                 ENDP
  635 000000C6         
  637 000000C6         SPDIF_IRQHandler
                               PROC
  638 000000C6                 EXPORT           SPDIF_IRQHandler         [WEAK]
  639 000000C6 4839            LDR              R0, =SPDIF_DriverIRQHandler
  640 000000C8 4700            BX               R0
  641 000000CA                 ENDP
  642 000000CA         
  644 000000CA         FLEXIO1_IRQHandler
                               PROC
  645 000000CA                 EXPORT           FLEXIO1_IRQHandler         [WEA
K]
  646 000000CA 4839            LDR              R0, =FLEXIO1_DriverIRQHandler
  647 000000CC 4700            BX               R0
  648 000000CE                 ENDP
  649 000000CE         
  651 000000CE         FLEXIO2_IRQHandler
                               PROC
  652 000000CE                 EXPORT           FLEXIO2_IRQHandler         [WEA
K]
  653 000000CE 4839            LDR              R0, =FLEXIO2_DriverIRQHandler
  654 000000D0 4700            BX               R0
  655 000000D2                 ENDP
  656 000000D2         
  658 000000D2         FLEXSPI2_IRQHandler
                               PROC
  659 000000D2                 EXPORT           FLEXSPI2_IRQHandler         [WE
AK]



ARM Macro Assembler    Page 18 


  660 000000D2 4839            LDR              R0, =FLEXSPI2_DriverIRQHandler
  661 000000D4 4700            BX               R0
  662 000000D6                 ENDP
  663 000000D6         
  665 000000D6         FLEXSPI_IRQHandler
                               PROC
  666 000000D6                 EXPORT           FLEXSPI_IRQHandler         [WEA
K]
  667 000000D6 4839            LDR              R0, =FLEXSPI_DriverIRQHandler
  668 000000D8 4700            BX               R0
  669 000000DA                 ENDP
  670 000000DA         
  672 000000DA         USDHC1_IRQHandler
                               PROC
  673 000000DA                 EXPORT           USDHC1_IRQHandler         [WEAK
]
  674 000000DA 4839            LDR              R0, =USDHC1_DriverIRQHandler
  675 000000DC 4700            BX               R0
  676 000000DE                 ENDP
  677 000000DE         
  679 000000DE         USDHC2_IRQHandler
                               PROC
  680 000000DE                 EXPORT           USDHC2_IRQHandler         [WEAK
]
  681 000000DE 4839            LDR              R0, =USDHC2_DriverIRQHandler
  682 000000E0 4700            BX               R0
  683 000000E2                 ENDP
  684 000000E2         
  686 000000E2         ENET_IRQHandler
                               PROC
  687 000000E2                 EXPORT           ENET_IRQHandler         [WEAK]
  688 000000E2 4839            LDR              R0, =ENET_DriverIRQHandler
  689 000000E4 4700            BX               R0
  690 000000E6                 ENDP
  691 000000E6         
  693 000000E6         ENET_1588_Timer_IRQHandler
                               PROC
  694 000000E6                 EXPORT           ENET_1588_Timer_IRQHandler     
    [WEAK]
  695 000000E6 4839            LDR              R0, =ENET_1588_Timer_DriverIRQH
andler
  696 000000E8 4700            BX               R0
  697 000000EA                 ENDP
  698 000000EA         
  700 000000EA         ENET2_IRQHandler
                               PROC
  701 000000EA                 EXPORT           ENET2_IRQHandler         [WEAK]
  702 000000EA 4839            LDR              R0, =ENET2_DriverIRQHandler
  703 000000EC 4700            BX               R0
  704 000000EE                 ENDP
  705 000000EE         
  707 000000EE         ENET2_1588_Timer_IRQHandler
                               PROC
  708 000000EE                 EXPORT           ENET2_1588_Timer_IRQHandler    
     [WEAK]
  709 000000EE 4839            LDR              R0, =ENET2_1588_Timer_DriverIRQ
Handler
  710 000000F0 4700            BX               R0
  711 000000F2                 ENDP



ARM Macro Assembler    Page 19 


  712 000000F2         
  714 000000F2         CAN3_IRQHandler
                               PROC
  715 000000F2                 EXPORT           CAN3_IRQHandler         [WEAK]
  716 000000F2 4839            LDR              R0, =CAN3_DriverIRQHandler
  717 000000F4 4700            BX               R0
  718 000000F6                 ENDP
  719 000000F6         
  721 000000F6         FLEXIO3_IRQHandler
                               PROC
  722 000000F6                 EXPORT           FLEXIO3_IRQHandler         [WEA
K]
  723 000000F6 4839            LDR              R0, =FLEXIO3_DriverIRQHandler
  724 000000F8 4700            BX               R0
  725 000000FA                 ENDP
  726 000000FA         
  728 000000FA         Default_Handler
                               PROC
  729 000000FA                 EXPORT           DMA0_DMA16_DriverIRQHandler    
     [WEAK]
  730 000000FA                 EXPORT           DMA1_DMA17_DriverIRQHandler    
     [WEAK]
  731 000000FA                 EXPORT           DMA2_DMA18_DriverIRQHandler    
     [WEAK]
  732 000000FA                 EXPORT           DMA3_DMA19_DriverIRQHandler    
     [WEAK]
  733 000000FA                 EXPORT           DMA4_DMA20_DriverIRQHandler    
     [WEAK]
  734 000000FA                 EXPORT           DMA5_DMA21_DriverIRQHandler    
     [WEAK]
  735 000000FA                 EXPORT           DMA6_DMA22_DriverIRQHandler    
     [WEAK]
  736 000000FA                 EXPORT           DMA7_DMA23_DriverIRQHandler    
     [WEAK]
  737 000000FA                 EXPORT           DMA8_DMA24_DriverIRQHandler    
     [WEAK]
  738 000000FA                 EXPORT           DMA9_DMA25_DriverIRQHandler    
     [WEAK]
  739 000000FA                 EXPORT           DMA10_DMA26_DriverIRQHandler   
      [WEAK]
  740 000000FA                 EXPORT           DMA11_DMA27_DriverIRQHandler   
      [WEAK]
  741 000000FA                 EXPORT           DMA12_DMA28_DriverIRQHandler   
      [WEAK]
  742 000000FA                 EXPORT           DMA13_DMA29_DriverIRQHandler   
      [WEAK]
  743 000000FA                 EXPORT           DMA14_DMA30_DriverIRQHandler   
      [WEAK]
  744 000000FA                 EXPORT           DMA15_DMA31_DriverIRQHandler   
      [WEAK]
  745 000000FA                 EXPORT           DMA_ERROR_DriverIRQHandler     
    [WEAK]
  746 000000FA                 EXPORT           CTI0_ERROR_IRQHandler         [
WEAK]
  747 000000FA                 EXPORT           CTI1_ERROR_IRQHandler         [
WEAK]
  748 000000FA                 EXPORT           CORE_IRQHandler         [WEAK]
  749 000000FA                 EXPORT           LPUART1_DriverIRQHandler       
  [WEAK]



ARM Macro Assembler    Page 20 


  750 000000FA                 EXPORT           LPUART2_DriverIRQHandler       
  [WEAK]
  751 000000FA                 EXPORT           LPUART3_DriverIRQHandler       
  [WEAK]
  752 000000FA                 EXPORT           LPUART4_DriverIRQHandler       
  [WEAK]
  753 000000FA                 EXPORT           LPUART5_DriverIRQHandler       
  [WEAK]
  754 000000FA                 EXPORT           LPUART6_DriverIRQHandler       
  [WEAK]
  755 000000FA                 EXPORT           LPUART7_DriverIRQHandler       
  [WEAK]
  756 000000FA                 EXPORT           LPUART8_DriverIRQHandler       
  [WEAK]
  757 000000FA                 EXPORT           LPI2C1_DriverIRQHandler        
 [WEAK]
  758 000000FA                 EXPORT           LPI2C2_DriverIRQHandler        
 [WEAK]
  759 000000FA                 EXPORT           LPI2C3_DriverIRQHandler        
 [WEAK]
  760 000000FA                 EXPORT           LPI2C4_DriverIRQHandler        
 [WEAK]
  761 000000FA                 EXPORT           LPSPI1_DriverIRQHandler        
 [WEAK]
  762 000000FA                 EXPORT           LPSPI2_DriverIRQHandler        
 [WEAK]
  763 000000FA                 EXPORT           LPSPI3_DriverIRQHandler        
 [WEAK]
  764 000000FA                 EXPORT           LPSPI4_DriverIRQHandler        
 [WEAK]
  765 000000FA                 EXPORT           CAN1_DriverIRQHandler         [
WEAK]
  766 000000FA                 EXPORT           CAN2_DriverIRQHandler         [
WEAK]
  767 000000FA                 EXPORT           FLEXRAM_IRQHandler         [WEA
K]
  768 000000FA                 EXPORT           KPP_IRQHandler         [WEAK]
  769 000000FA                 EXPORT           TSC_DIG_IRQHandler         [WEA
K]
  770 000000FA                 EXPORT           GPR_IRQ_IRQHandler         [WEA
K]
  771 000000FA                 EXPORT           LCDIF_IRQHandler         [WEAK]
  772 000000FA                 EXPORT           CSI_IRQHandler         [WEAK]
  773 000000FA                 EXPORT           PXP_IRQHandler         [WEAK]
  774 000000FA                 EXPORT           WDOG2_IRQHandler         [WEAK]
  775 000000FA                 EXPORT           SNVS_HP_WRAPPER_IRQHandler     
    [WEAK]
  776 000000FA                 EXPORT           SNVS_HP_WRAPPER_TZ_IRQHandler  
       [WEAK]
  777 000000FA                 EXPORT           SNVS_LP_WRAPPER_IRQHandler     
    [WEAK]
  778 000000FA                 EXPORT           CSU_IRQHandler         [WEAK]
  779 000000FA                 EXPORT           DCP_IRQHandler         [WEAK]
  780 000000FA                 EXPORT           DCP_VMI_IRQHandler         [WEA
K]
  781 000000FA                 EXPORT           Reserved68_IRQHandler         [
WEAK]
  782 000000FA                 EXPORT           TRNG_IRQHandler         [WEAK]
  783 000000FA                 EXPORT           SJC_IRQHandler         [WEAK]



ARM Macro Assembler    Page 21 


  784 000000FA                 EXPORT           BEE_IRQHandler         [WEAK]
  785 000000FA                 EXPORT           SAI1_DriverIRQHandler         [
WEAK]
  786 000000FA                 EXPORT           SAI2_DriverIRQHandler         [
WEAK]
  787 000000FA                 EXPORT           SAI3_RX_DriverIRQHandler       
  [WEAK]
  788 000000FA                 EXPORT           SAI3_TX_DriverIRQHandler       
  [WEAK]
  789 000000FA                 EXPORT           SPDIF_DriverIRQHandler         
[WEAK]
  790 000000FA                 EXPORT           PMU_EVENT_IRQHandler         [W
EAK]
  791 000000FA                 EXPORT           Reserved78_IRQHandler         [
WEAK]
  792 000000FA                 EXPORT           TEMP_LOW_HIGH_IRQHandler       
  [WEAK]
  793 000000FA                 EXPORT           TEMP_PANIC_IRQHandler         [
WEAK]
  794 000000FA                 EXPORT           USB_PHY1_IRQHandler         [WE
AK]
  795 000000FA                 EXPORT           USB_PHY2_IRQHandler         [WE
AK]
  796 000000FA                 EXPORT           ADC1_IRQHandler         [WEAK]
  797 000000FA                 EXPORT           ADC2_IRQHandler         [WEAK]
  798 000000FA                 EXPORT           DCDC_IRQHandler         [WEAK]
  799 000000FA                 EXPORT           Reserved86_IRQHandler         [
WEAK]
  800 000000FA                 EXPORT           Reserved87_IRQHandler         [
WEAK]
  801 000000FA                 EXPORT           GPIO1_INT0_IRQHandler         [
WEAK]
  802 000000FA                 EXPORT           GPIO1_INT1_IRQHandler         [
WEAK]
  803 000000FA                 EXPORT           GPIO1_INT2_IRQHandler         [
WEAK]
  804 000000FA                 EXPORT           GPIO1_INT3_IRQHandler         [
WEAK]
  805 000000FA                 EXPORT           GPIO1_INT4_IRQHandler         [
WEAK]
  806 000000FA                 EXPORT           GPIO1_INT5_IRQHandler         [
WEAK]
  807 000000FA                 EXPORT           GPIO1_INT6_IRQHandler         [
WEAK]
  808 000000FA                 EXPORT           GPIO1_INT7_IRQHandler         [
WEAK]
  809 000000FA                 EXPORT           GPIO1_Combined_0_15_IRQHandler 
        [WEAK]
  810 000000FA                 EXPORT           GPIO1_Combined_16_31_IRQHandler
         [WEAK]
  811 000000FA                 EXPORT           GPIO2_Combined_0_15_IRQHandler 
        [WEAK]
  812 000000FA                 EXPORT           GPIO2_Combined_16_31_IRQHandler
         [WEAK]
  813 000000FA                 EXPORT           GPIO3_Combined_0_15_IRQHandler 
        [WEAK]
  814 000000FA                 EXPORT           GPIO3_Combined_16_31_IRQHandler
         [WEAK]
  815 000000FA                 EXPORT           GPIO4_Combined_0_15_IRQHandler 



ARM Macro Assembler    Page 22 


        [WEAK]
  816 000000FA                 EXPORT           GPIO4_Combined_16_31_IRQHandler
         [WEAK]
  817 000000FA                 EXPORT           GPIO5_Combined_0_15_IRQHandler 
        [WEAK]
  818 000000FA                 EXPORT           GPIO5_Combined_16_31_IRQHandler
         [WEAK]
  819 000000FA                 EXPORT           FLEXIO1_DriverIRQHandler       
  [WEAK]
  820 000000FA                 EXPORT           FLEXIO2_DriverIRQHandler       
  [WEAK]
  821 000000FA                 EXPORT           WDOG1_IRQHandler         [WEAK]
  822 000000FA                 EXPORT           RTWDOG_IRQHandler         [WEAK
]
  823 000000FA                 EXPORT           EWM_IRQHandler         [WEAK]
  824 000000FA                 EXPORT           CCM_1_IRQHandler         [WEAK]
  825 000000FA                 EXPORT           CCM_2_IRQHandler         [WEAK]
  826 000000FA                 EXPORT           GPC_IRQHandler         [WEAK]
  827 000000FA                 EXPORT           SRC_IRQHandler         [WEAK]
  828 000000FA                 EXPORT           Reserved115_IRQHandler         
[WEAK]
  829 000000FA                 EXPORT           GPT1_IRQHandler         [WEAK]
  830 000000FA                 EXPORT           GPT2_IRQHandler         [WEAK]
  831 000000FA                 EXPORT           PWM1_0_IRQHandler         [WEAK
]
  832 000000FA                 EXPORT           PWM1_1_IRQHandler         [WEAK
]
  833 000000FA                 EXPORT           PWM1_2_IRQHandler         [WEAK
]
  834 000000FA                 EXPORT           PWM1_3_IRQHandler         [WEAK
]
  835 000000FA                 EXPORT           PWM1_FAULT_IRQHandler         [
WEAK]
  836 000000FA                 EXPORT           FLEXSPI2_DriverIRQHandler      
   [WEAK]
  837 000000FA                 EXPORT           FLEXSPI_DriverIRQHandler       
  [WEAK]
  838 000000FA                 EXPORT           SEMC_IRQHandler         [WEAK]
  839 000000FA                 EXPORT           USDHC1_DriverIRQHandler        
 [WEAK]
  840 000000FA                 EXPORT           USDHC2_DriverIRQHandler        
 [WEAK]
  841 000000FA                 EXPORT           USB_OTG2_IRQHandler         [WE
AK]
  842 000000FA                 EXPORT           USB_OTG1_IRQHandler         [WE
AK]
  843 000000FA                 EXPORT           ENET_DriverIRQHandler         [
WEAK]
  844 000000FA                 EXPORT           ENET_1588_Timer_DriverIRQHandle
r         [WEAK]
  845 000000FA                 EXPORT           XBAR1_IRQ_0_1_IRQHandler       
  [WEAK]
  846 000000FA                 EXPORT           XBAR1_IRQ_2_3_IRQHandler       
  [WEAK]
  847 000000FA                 EXPORT           ADC_ETC_IRQ0_IRQHandler        
 [WEAK]
  848 000000FA                 EXPORT           ADC_ETC_IRQ1_IRQHandler        
 [WEAK]
  849 000000FA                 EXPORT           ADC_ETC_IRQ2_IRQHandler        



ARM Macro Assembler    Page 23 


 [WEAK]
  850 000000FA                 EXPORT           ADC_ETC_ERROR_IRQ_IRQHandler   
      [WEAK]
  851 000000FA                 EXPORT           PIT_IRQHandler         [WEAK]
  852 000000FA                 EXPORT           ACMP1_IRQHandler         [WEAK]
  853 000000FA                 EXPORT           ACMP2_IRQHandler         [WEAK]
  854 000000FA                 EXPORT           ACMP3_IRQHandler         [WEAK]
  855 000000FA                 EXPORT           ACMP4_IRQHandler         [WEAK]
  856 000000FA                 EXPORT           Reserved143_IRQHandler         
[WEAK]
  857 000000FA                 EXPORT           Reserved144_IRQHandler         
[WEAK]
  858 000000FA                 EXPORT           ENC1_IRQHandler         [WEAK]
  859 000000FA                 EXPORT           ENC2_IRQHandler         [WEAK]
  860 000000FA                 EXPORT           ENC3_IRQHandler         [WEAK]
  861 000000FA                 EXPORT           ENC4_IRQHandler         [WEAK]
  862 000000FA                 EXPORT           TMR1_IRQHandler         [WEAK]
  863 000000FA                 EXPORT           TMR2_IRQHandler         [WEAK]
  864 000000FA                 EXPORT           TMR3_IRQHandler         [WEAK]
  865 000000FA                 EXPORT           TMR4_IRQHandler         [WEAK]
  866 000000FA                 EXPORT           PWM2_0_IRQHandler         [WEAK
]
  867 000000FA                 EXPORT           PWM2_1_IRQHandler         [WEAK
]
  868 000000FA                 EXPORT           PWM2_2_IRQHandler         [WEAK
]
  869 000000FA                 EXPORT           PWM2_3_IRQHandler         [WEAK
]
  870 000000FA                 EXPORT           PWM2_FAULT_IRQHandler         [
WEAK]
  871 000000FA                 EXPORT           PWM3_0_IRQHandler         [WEAK
]
  872 000000FA                 EXPORT           PWM3_1_IRQHandler         [WEAK
]
  873 000000FA                 EXPORT           PWM3_2_IRQHandler         [WEAK
]
  874 000000FA                 EXPORT           PWM3_3_IRQHandler         [WEAK
]
  875 000000FA                 EXPORT           PWM3_FAULT_IRQHandler         [
WEAK]
  876 000000FA                 EXPORT           PWM4_0_IRQHandler         [WEAK
]
  877 000000FA                 EXPORT           PWM4_1_IRQHandler         [WEAK
]
  878 000000FA                 EXPORT           PWM4_2_IRQHandler         [WEAK
]
  879 000000FA                 EXPORT           PWM4_3_IRQHandler         [WEAK
]
  880 000000FA                 EXPORT           PWM4_FAULT_IRQHandler         [
WEAK]
  881 000000FA                 EXPORT           ENET2_DriverIRQHandler         
[WEAK]
  882 000000FA                 EXPORT           ENET2_1588_Timer_DriverIRQHandl
er         [WEAK]
  883 000000FA                 EXPORT           CAN3_DriverIRQHandler         [
WEAK]
  884 000000FA                 EXPORT           Reserved171_IRQHandler         
[WEAK]
  885 000000FA                 EXPORT           FLEXIO3_DriverIRQHandler       



ARM Macro Assembler    Page 24 


  [WEAK]
  886 000000FA                 EXPORT           GPIO6_7_8_9_IRQHandler         
[WEAK]
  887 000000FA                 EXPORT           DefaultISR         [WEAK]
  888 000000FA         DMA0_DMA16_DriverIRQHandler
  889 000000FA         DMA1_DMA17_DriverIRQHandler
  890 000000FA         DMA2_DMA18_DriverIRQHandler
  891 000000FA         DMA3_DMA19_DriverIRQHandler
  892 000000FA         DMA4_DMA20_DriverIRQHandler
  893 000000FA         DMA5_DMA21_DriverIRQHandler
  894 000000FA         DMA6_DMA22_DriverIRQHandler
  895 000000FA         DMA7_DMA23_DriverIRQHandler
  896 000000FA         DMA8_DMA24_DriverIRQHandler
  897 000000FA         DMA9_DMA25_DriverIRQHandler
  898 000000FA         DMA10_DMA26_DriverIRQHandler
  899 000000FA         DMA11_DMA27_DriverIRQHandler
  900 000000FA         DMA12_DMA28_DriverIRQHandler
  901 000000FA         DMA13_DMA29_DriverIRQHandler
  902 000000FA         DMA14_DMA30_DriverIRQHandler
  903 000000FA         DMA15_DMA31_DriverIRQHandler
  904 000000FA         DMA_ERROR_DriverIRQHandler
  905 000000FA         CTI0_ERROR_IRQHandler
  906 000000FA         CTI1_ERROR_IRQHandler
  907 000000FA         CORE_IRQHandler
  908 000000FA         LPUART1_DriverIRQHandler
  909 000000FA         LPUART2_DriverIRQHandler
  910 000000FA         LPUART3_DriverIRQHandler
  911 000000FA         LPUART4_DriverIRQHandler
  912 000000FA         LPUART5_DriverIRQHandler
  913 000000FA         LPUART6_DriverIRQHandler
  914 000000FA         LPUART7_DriverIRQHandler
  915 000000FA         LPUART8_DriverIRQHandler
  916 000000FA         LPI2C1_DriverIRQHandler
  917 000000FA         LPI2C2_DriverIRQHandler
  918 000000FA         LPI2C3_DriverIRQHandler
  919 000000FA         LPI2C4_DriverIRQHandler
  920 000000FA         LPSPI1_DriverIRQHandler
  921 000000FA         LPSPI2_DriverIRQHandler
  922 000000FA         LPSPI3_DriverIRQHandler
  923 000000FA         LPSPI4_DriverIRQHandler
  924 000000FA         CAN1_DriverIRQHandler
  925 000000FA         CAN2_DriverIRQHandler
  926 000000FA         FLEXRAM_IRQHandler
  927 000000FA         KPP_IRQHandler
  928 000000FA         TSC_DIG_IRQHandler
  929 000000FA         GPR_IRQ_IRQHandler
  930 000000FA         LCDIF_IRQHandler
  931 000000FA         CSI_IRQHandler
  932 000000FA         PXP_IRQHandler
  933 000000FA         WDOG2_IRQHandler
  934 000000FA         SNVS_HP_WRAPPER_IRQHandler
  935 000000FA         SNVS_HP_WRAPPER_TZ_IRQHandler
  936 000000FA         SNVS_LP_WRAPPER_IRQHandler
  937 000000FA         CSU_IRQHandler
  938 000000FA         DCP_IRQHandler
  939 000000FA         DCP_VMI_IRQHandler
  940 000000FA         Reserved68_IRQHandler
  941 000000FA         TRNG_IRQHandler
  942 000000FA         SJC_IRQHandler



ARM Macro Assembler    Page 25 


  943 000000FA         BEE_IRQHandler
  944 000000FA         SAI1_DriverIRQHandler
  945 000000FA         SAI2_DriverIRQHandler
  946 000000FA         SAI3_RX_DriverIRQHandler
  947 000000FA         SAI3_TX_DriverIRQHandler
  948 000000FA         SPDIF_DriverIRQHandler
  949 000000FA         PMU_EVENT_IRQHandler
  950 000000FA         Reserved78_IRQHandler
  951 000000FA         TEMP_LOW_HIGH_IRQHandler
  952 000000FA         TEMP_PANIC_IRQHandler
  953 000000FA         USB_PHY1_IRQHandler
  954 000000FA         USB_PHY2_IRQHandler
  955 000000FA         ADC1_IRQHandler
  956 000000FA         ADC2_IRQHandler
  957 000000FA         DCDC_IRQHandler
  958 000000FA         Reserved86_IRQHandler
  959 000000FA         Reserved87_IRQHandler
  960 000000FA         GPIO1_INT0_IRQHandler
  961 000000FA         GPIO1_INT1_IRQHandler
  962 000000FA         GPIO1_INT2_IRQHandler
  963 000000FA         GPIO1_INT3_IRQHandler
  964 000000FA         GPIO1_INT4_IRQHandler
  965 000000FA         GPIO1_INT5_IRQHandler
  966 000000FA         GPIO1_INT6_IRQHandler
  967 000000FA         GPIO1_INT7_IRQHandler
  968 000000FA         GPIO1_Combined_0_15_IRQHandler
  969 000000FA         GPIO1_Combined_16_31_IRQHandler
  970 000000FA         GPIO2_Combined_0_15_IRQHandler
  971 000000FA         GPIO2_Combined_16_31_IRQHandler
  972 000000FA         GPIO3_Combined_0_15_IRQHandler
  973 000000FA         GPIO3_Combined_16_31_IRQHandler
  974 000000FA         GPIO4_Combined_0_15_IRQHandler
  975 000000FA         GPIO4_Combined_16_31_IRQHandler
  976 000000FA         GPIO5_Combined_0_15_IRQHandler
  977 000000FA         GPIO5_Combined_16_31_IRQHandler
  978 000000FA         FLEXIO1_DriverIRQHandler
  979 000000FA         FLEXIO2_DriverIRQHandler
  980 000000FA         WDOG1_IRQHandler
  981 000000FA         RTWDOG_IRQHandler
  982 000000FA         EWM_IRQHandler
  983 000000FA         CCM_1_IRQHandler
  984 000000FA         CCM_2_IRQHandler
  985 000000FA         GPC_IRQHandler
  986 000000FA         SRC_IRQHandler
  987 000000FA         Reserved115_IRQHandler
  988 000000FA         GPT1_IRQHandler
  989 000000FA         GPT2_IRQHandler
  990 000000FA         PWM1_0_IRQHandler
  991 000000FA         PWM1_1_IRQHandler
  992 000000FA         PWM1_2_IRQHandler
  993 000000FA         PWM1_3_IRQHandler
  994 000000FA         PWM1_FAULT_IRQHandler
  995 000000FA         FLEXSPI2_DriverIRQHandler
  996 000000FA         FLEXSPI_DriverIRQHandler
  997 000000FA         SEMC_IRQHandler
  998 000000FA         USDHC1_DriverIRQHandler
  999 000000FA         USDHC2_DriverIRQHandler
 1000 000000FA         USB_OTG2_IRQHandler
 1001 000000FA         USB_OTG1_IRQHandler



ARM Macro Assembler    Page 26 


 1002 000000FA         ENET_DriverIRQHandler
 1003 000000FA         ENET_1588_Timer_DriverIRQHandler
 1004 000000FA         XBAR1_IRQ_0_1_IRQHandler
 1005 000000FA         XBAR1_IRQ_2_3_IRQHandler
 1006 000000FA         ADC_ETC_IRQ0_IRQHandler
 1007 000000FA         ADC_ETC_IRQ1_IRQHandler
 1008 000000FA         ADC_ETC_IRQ2_IRQHandler
 1009 000000FA         ADC_ETC_ERROR_IRQ_IRQHandler
 1010 000000FA         PIT_IRQHandler
 1011 000000FA         ACMP1_IRQHandler
 1012 000000FA         ACMP2_IRQHandler
 1013 000000FA         ACMP3_IRQHandler
 1014 000000FA         ACMP4_IRQHandler
 1015 000000FA         Reserved143_IRQHandler
 1016 000000FA         Reserved144_IRQHandler
 1017 000000FA         ENC1_IRQHandler
 1018 000000FA         ENC2_IRQHandler
 1019 000000FA         ENC3_IRQHandler
 1020 000000FA         ENC4_IRQHandler
 1021 000000FA         TMR1_IRQHandler
 1022 000000FA         TMR2_IRQHandler
 1023 000000FA         TMR3_IRQHandler
 1024 000000FA         TMR4_IRQHandler
 1025 000000FA         PWM2_0_IRQHandler
 1026 000000FA         PWM2_1_IRQHandler
 1027 000000FA         PWM2_2_IRQHandler
 1028 000000FA         PWM2_3_IRQHandler
 1029 000000FA         PWM2_FAULT_IRQHandler
 1030 000000FA         PWM3_0_IRQHandler
 1031 000000FA         PWM3_1_IRQHandler
 1032 000000FA         PWM3_2_IRQHandler
 1033 000000FA         PWM3_3_IRQHandler
 1034 000000FA         PWM3_FAULT_IRQHandler
 1035 000000FA         PWM4_0_IRQHandler
 1036 000000FA         PWM4_1_IRQHandler
 1037 000000FA         PWM4_2_IRQHandler
 1038 000000FA         PWM4_3_IRQHandler
 1039 000000FA         PWM4_FAULT_IRQHandler
 1040 000000FA         ENET2_DriverIRQHandler
 1041 000000FA         ENET2_1588_Timer_DriverIRQHandler
 1042 000000FA         CAN3_DriverIRQHandler
 1043 000000FA         Reserved171_IRQHandler
 1044 000000FA         FLEXIO3_DriverIRQHandler
 1045 000000FA         GPIO6_7_8_9_IRQHandler
 1046 000000FA         DefaultISR
 1047 000000FA 4839            LDR              R0, =DefaultISR
 1048 000000FC 4700            BX               R0
 1049 000000FE                 ENDP
 1050 000000FE 00 00           ALIGN
 1051 00000100         
 1052 00000100         
 1053 00000100                 END
              E000ED08 
              00000000 
              00000000 
              00000000 
              00000000 
              00000000 
              00000000 



ARM Macro Assembler    Page 27 


              00000000 
              00000000 
              00000000 
              00000000 
              00000000 
              00000000 
              00000000 
              00000000 
              00000000 
              00000000 
              00000000 
              00000000 
              00000000 
              00000000 
              00000000 
              00000000 
              00000000 
              00000000 
              00000000 
              00000000 
              00000000 
              00000000 
              00000000 
              00000000 
              00000000 
              00000000 
              00000000 
              00000000 
              00000000 
              00000000 
              00000000 
              00000000 
              00000000 
              00000000 
              00000000 
              00000000 
              00000000 
              00000000 
              00000000 
              00000000 
              00000000 
              00000000 
              00000000 
              00000000 
              00000000 
              00000000 
              00000000 
              00000000 
              00000000 
              00000000 
Command Line: --diag_suppress=9931 --cpu=Cortex-M7.fp.dp --apcs=interwork --dep
end=flexspi_nor_release\startup_mimxrt1064.d -oflexspi_nor_release\startup_mimx
rt1064.o -ID:\code\c_language\data-struct\IoT_Study\demo_apps\led_blinky\mdk\RT
E -ID:\code\c_language\data-struct\IoT_Study\demo_apps\led_blinky\mdk\RTE\Board
_Support\MIMXRT1064DVL6A -ID:\code\c_language\data-struct\IoT_Study\demo_apps\l
ed_blinky\mdk\RTE\Device\MIMXRT1064DVL6A -I"F:\Program Filesx86\MDK\ARM\PACK\AR
M\CMSIS\4.2.0\CMSIS\Include" -I"F:\Program Filesx86\MDK\ARM\PACK\NXP\MIMXRT1064
_DFP\10.0.0\drivers" -I"F:\Program Filesx86\MDK\ARM\PACK\NXP\MIMXRT1064_DFP\10.
0.0\utilities" -I"F:\Program Filesx86\MDK\ARM\PACK\NXP\MIMXRT1064_DFP\10.0.0\ut



ARM Macro Assembler    Page 28 


ilities\io" -I"F:\Program Filesx86\MDK\ARM\PACK\NXP\MIMXRT1064_DFP\10.0.0\utili
ties\log" -I"F:\Program Filesx86\MDK\ARM\PACK\NXP\MIMXRT1064_DFP\10.0.0\utiliti
es\str" -I"F:\Program Filesx86\MDK\ARM\PACK\NXP\MIMXRT1064_DFP\10.0.0\xip" -I"F
:\Program Filesx86\MDK\ARM\PACK\NXP\MIMXRT1064_DFP\10.0.0\Device\Include" --pre
define="__MICROLIB SETA 1" --predefine="__UVISION_VERSION SETA 514" --predefine
="_RTE_ SETA 1" --predefine="CPU_MIMXRT1064DVL6A SETA 1" --predefine="NDEBUG SE
TA 1" --predefine="__STARTUP_INITIALIZE_NONCACHEDATA SETA 1" --list=.\output\st
artup_mimxrt1064.lst RTE\Device\MIMXRT1064DVL6A\startup_MIMXRT1064.s
