Analysis & Synthesis report for uart_rx_top
Sat Apr 01 10:09:39 2017
Quartus II 64-Bit Version 13.0.0 Build 156 04/24/2013 SJ Full Version


---------------------
; Table of Contents ;
---------------------
  1. Legal Notice
  2. Analysis & Synthesis Summary
  3. Analysis & Synthesis Settings
  4. Parallel Compilation
  5. Analysis & Synthesis Source Files Read
  6. Analysis & Synthesis Resource Usage Summary
  7. Analysis & Synthesis Resource Utilization by Entity
  8. Analysis & Synthesis IP Cores Summary
  9. Registers Removed During Synthesis
 10. General Register Statistics
 11. Inverted Register Statistics
 12. Multiplexer Restructuring Statistics (Restructuring Performed)
 13. Source assignments for ISSP:issp|altsource_probe:altsource_probe_component|altsource_probe_body:altsource_probe_body_inst|altsource_probe_impl:\wider_probe_gen:wider_probe_inst
 14. Parameter Settings for User Entity Instance: ISSP:issp|altsource_probe:altsource_probe_component
 15. Port Connectivity Checks: "ISSP:issp"
 16. Port Connectivity Checks: "uart_byte_rx:uart_byte_rx"
 17. Elapsed Time Per Partition
 18. Analysis & Synthesis Messages
 19. Analysis & Synthesis Suppressed Messages



----------------
; Legal Notice ;
----------------
Copyright (C) 1991-2013 Altera Corporation
Your use of Altera Corporation's design tools, logic functions 
and other software and tools, and its AMPP partner logic 
functions, and any output files from any of the foregoing 
(including device programming or simulation files), and any 
associated documentation or information are expressly subject 
to the terms and conditions of the Altera Program License 
Subscription Agreement, Altera MegaCore Function License 
Agreement, or other applicable license agreement, including, 
without limitation, that your use is for the sole purpose of 
programming logic devices manufactured by Altera and sold by 
Altera or its authorized distributors.  Please refer to the 
applicable agreement for further details.



+----------------------------------------------------------------------------------+
; Analysis & Synthesis Summary                                                     ;
+------------------------------------+---------------------------------------------+
; Analysis & Synthesis Status        ; Successful - Sat Apr 01 10:09:39 2017       ;
; Quartus II 64-Bit Version          ; 13.0.0 Build 156 04/24/2013 SJ Full Version ;
; Revision Name                      ; uart_rx_top                                 ;
; Top-level Entity Name              ; uart_rx_top                                 ;
; Family                             ; Cyclone IV E                                ;
; Total logic elements               ; 281                                         ;
;     Total combinational functions  ; 240                                         ;
;     Dedicated logic registers      ; 169                                         ;
; Total registers                    ; 169                                         ;
; Total pins                         ; 3                                           ;
; Total virtual pins                 ; 0                                           ;
; Total memory bits                  ; 0                                           ;
; Embedded Multiplier 9-bit elements ; 0                                           ;
; Total PLLs                         ; 0                                           ;
+------------------------------------+---------------------------------------------+


+----------------------------------------------------------------------------------------------------------------------+
; Analysis & Synthesis Settings                                                                                        ;
+----------------------------------------------------------------------------+--------------------+--------------------+
; Option                                                                     ; Setting            ; Default Value      ;
+----------------------------------------------------------------------------+--------------------+--------------------+
; Device                                                                     ; EP4CE10F17C8       ;                    ;
; Top-level entity name                                                      ; uart_rx_top        ; uart_rx_top        ;
; Family name                                                                ; Cyclone IV E       ; Cyclone IV GX      ;
; Use smart compilation                                                      ; Off                ; Off                ;
; Enable parallel Assembler and TimeQuest Timing Analyzer during compilation ; On                 ; On                 ;
; Enable compact report table                                                ; Off                ; Off                ;
; Restructure Multiplexers                                                   ; Auto               ; Auto               ;
; Create Debugging Nodes for IP Cores                                        ; Off                ; Off                ;
; Preserve fewer node names                                                  ; On                 ; On                 ;
; Disable OpenCore Plus hardware evaluation                                  ; Off                ; Off                ;
; Verilog Version                                                            ; Verilog_2001       ; Verilog_2001       ;
; VHDL Version                                                               ; VHDL_1993          ; VHDL_1993          ;
; State Machine Processing                                                   ; Auto               ; Auto               ;
; Safe State Machine                                                         ; Off                ; Off                ;
; Extract Verilog State Machines                                             ; On                 ; On                 ;
; Extract VHDL State Machines                                                ; On                 ; On                 ;
; Ignore Verilog initial constructs                                          ; Off                ; Off                ;
; Iteration limit for constant Verilog loops                                 ; 5000               ; 5000               ;
; Iteration limit for non-constant Verilog loops                             ; 250                ; 250                ;
; Add Pass-Through Logic to Inferred RAMs                                    ; On                 ; On                 ;
; Infer RAMs from Raw Logic                                                  ; On                 ; On                 ;
; Parallel Synthesis                                                         ; On                 ; On                 ;
; DSP Block Balancing                                                        ; Auto               ; Auto               ;
; NOT Gate Push-Back                                                         ; On                 ; On                 ;
; Power-Up Don't Care                                                        ; On                 ; On                 ;
; Remove Redundant Logic Cells                                               ; Off                ; Off                ;
; Remove Duplicate Registers                                                 ; On                 ; On                 ;
; Ignore CARRY Buffers                                                       ; Off                ; Off                ;
; Ignore CASCADE Buffers                                                     ; Off                ; Off                ;
; Ignore GLOBAL Buffers                                                      ; Off                ; Off                ;
; Ignore ROW GLOBAL Buffers                                                  ; Off                ; Off                ;
; Ignore LCELL Buffers                                                       ; Off                ; Off                ;
; Ignore SOFT Buffers                                                        ; On                 ; On                 ;
; Limit AHDL Integers to 32 Bits                                             ; Off                ; Off                ;
; Optimization Technique                                                     ; Balanced           ; Balanced           ;
; Carry Chain Length                                                         ; 70                 ; 70                 ;
; Auto Carry Chains                                                          ; On                 ; On                 ;
; Auto Open-Drain Pins                                                       ; On                 ; On                 ;
; Perform WYSIWYG Primitive Resynthesis                                      ; Off                ; Off                ;
; Auto ROM Replacement                                                       ; On                 ; On                 ;
; Auto RAM Replacement                                                       ; On                 ; On                 ;
; Auto DSP Block Replacement                                                 ; On                 ; On                 ;
; Auto Shift Register Replacement                                            ; Auto               ; Auto               ;
; Allow Shift Register Merging across Hierarchies                            ; Auto               ; Auto               ;
; Auto Clock Enable Replacement                                              ; On                 ; On                 ;
; Strict RAM Replacement                                                     ; Off                ; Off                ;
; Allow Synchronous Control Signals                                          ; On                 ; On                 ;
; Force Use of Synchronous Clear Signals                                     ; Off                ; Off                ;
; Auto RAM Block Balancing                                                   ; On                 ; On                 ;
; Auto RAM to Logic Cell Conversion                                          ; Off                ; Off                ;
; Auto Resource Sharing                                                      ; Off                ; Off                ;
; Allow Any RAM Size For Recognition                                         ; Off                ; Off                ;
; Allow Any ROM Size For Recognition                                         ; Off                ; Off                ;
; Allow Any Shift Register Size For Recognition                              ; Off                ; Off                ;
; Use LogicLock Constraints during Resource Balancing                        ; On                 ; On                 ;
; Ignore translate_off and synthesis_off directives                          ; Off                ; Off                ;
; Timing-Driven Synthesis                                                    ; On                 ; On                 ;
; Report Parameter Settings                                                  ; On                 ; On                 ;
; Report Source Assignments                                                  ; On                 ; On                 ;
; Report Connectivity Checks                                                 ; On                 ; On                 ;
; Ignore Maximum Fan-Out Assignments                                         ; Off                ; Off                ;
; Synchronization Register Chain Length                                      ; 2                  ; 2                  ;
; PowerPlay Power Optimization                                               ; Normal compilation ; Normal compilation ;
; HDL message level                                                          ; Level2             ; Level2             ;
; Suppress Register Optimization Related Messages                            ; Off                ; Off                ;
; Number of Removed Registers Reported in Synthesis Report                   ; 5000               ; 5000               ;
; Number of Swept Nodes Reported in Synthesis Report                         ; 5000               ; 5000               ;
; Number of Inverted Registers Reported in Synthesis Report                  ; 100                ; 100                ;
; Clock MUX Protection                                                       ; On                 ; On                 ;
; Auto Gated Clock Conversion                                                ; Off                ; Off                ;
; Block Design Naming                                                        ; Auto               ; Auto               ;
; SDC constraint protection                                                  ; Off                ; Off                ;
; Synthesis Effort                                                           ; Auto               ; Auto               ;
; Shift Register Replacement - Allow Asynchronous Clear Signal               ; On                 ; On                 ;
; Pre-Mapping Resynthesis Optimization                                       ; Off                ; Off                ;
; Analysis & Synthesis Message Level                                         ; Medium             ; Medium             ;
; Disable Register Merging Across Hierarchies                                ; Auto               ; Auto               ;
; Resource Aware Inference For Block RAM                                     ; On                 ; On                 ;
; Synthesis Seed                                                             ; 1                  ; 1                  ;
+----------------------------------------------------------------------------+--------------------+--------------------+


+------------------------------------------+
; Parallel Compilation                     ;
+----------------------------+-------------+
; Processors                 ; Number      ;
+----------------------------+-------------+
; Number detected on machine ; 8           ;
; Maximum allowed            ; 4           ;
;                            ;             ;
; Average used               ; 1.00        ;
; Maximum used               ; 1           ;
;                            ;             ;
; Usage by Processor         ; % Time Used ;
;     Processor 1            ; 100.0%      ;
;     Processors 2-8         ;   0.0%      ;
+----------------------------+-------------+


+----------------------------------------------------------------------------------------------------------------------------------------------------------------------+
; Analysis & Synthesis Source Files Read                                                                                                                               ;
+----------------------------------+-----------------+-----------------------------+-------------------------------------------------------------------------+---------+
; File Name with User-Entered Path ; Used in Netlist ; File Type                   ; File Name with Absolute Path                                            ; Library ;
+----------------------------------+-----------------+-----------------------------+-------------------------------------------------------------------------+---------+
; ip/ISSP.v                        ; yes             ; User Wizard-Generated File  ; F:/AC620DEMO/TEST/class17_uart_rx/13.0/prj/ip/ISSP.v                    ;         ;
; ../rtl/uart_rx_top.v             ; yes             ; User Verilog HDL File       ; F:/AC620DEMO/TEST/class17_uart_rx/13.0/rtl/uart_rx_top.v                ;         ;
; ../rtl/uart_byte_rx.v            ; yes             ; User Verilog HDL File       ; F:/AC620DEMO/TEST/class17_uart_rx/13.0/rtl/uart_byte_rx.v               ;         ;
; altsource_probe.v                ; yes             ; Megafunction                ; d:/altera/13.0/quartus/libraries/megafunctions/altsource_probe.v        ;         ;
; altsource_probe_body.vhd         ; yes             ; Megafunction                ; d:/altera/13.0/quartus/libraries/megafunctions/altsource_probe_body.vhd ;         ;
; sld_rom_sr.vhd                   ; yes             ; Encrypted Megafunction      ; d:/altera/13.0/quartus/libraries/megafunctions/sld_rom_sr.vhd           ;         ;
; sld_hub.vhd                      ; yes             ; Encrypted Megafunction      ; d:/altera/13.0/quartus/libraries/megafunctions/sld_hub.vhd              ;         ;
; sld_jtag_hub.vhd                 ; yes             ; Encrypted Megafunction      ; d:/altera/13.0/quartus/libraries/megafunctions/sld_jtag_hub.vhd         ;         ;
+----------------------------------+-----------------+-----------------------------+-------------------------------------------------------------------------+---------+


+------------------------------------------------------------------------+
; Analysis & Synthesis Resource Usage Summary                            ;
+---------------------------------------------+--------------------------+
; Resource                                    ; Usage                    ;
+---------------------------------------------+--------------------------+
; Estimated Total logic elements              ; 281                      ;
;                                             ;                          ;
; Total combinational functions               ; 240                      ;
; Logic element usage by number of LUT inputs ;                          ;
;     -- 4 input functions                    ; 102                      ;
;     -- 3 input functions                    ; 61                       ;
;     -- <=2 input functions                  ; 77                       ;
;                                             ;                          ;
; Logic elements by mode                      ;                          ;
;     -- normal mode                          ; 210                      ;
;     -- arithmetic mode                      ; 30                       ;
;                                             ;                          ;
; Total registers                             ; 169                      ;
;     -- Dedicated logic registers            ; 169                      ;
;     -- I/O registers                        ; 0                        ;
;                                             ;                          ;
; I/O pins                                    ; 3                        ;
; Embedded Multiplier 9-bit elements          ; 0                        ;
; Maximum fan-out node                        ; altera_internal_jtag~TDO ;
; Maximum fan-out                             ; 118                      ;
; Total fan-out                               ; 1365                     ;
; Average fan-out                             ; 3.22                     ;
+---------------------------------------------+--------------------------+


+-----------------------------------------------------------------------------------------------------------------------------------------------------------------------------------------------------------------------------------------------------------------------------------------------------------------------------------------------------------------------------------------------------------------------+
; Analysis & Synthesis Resource Utilization by Entity                                                                                                                                                                                                                                                                                                                                                                   ;
+----------------------------------------------------------------------+-------------------+--------------+-------------+--------------+---------+-----------+------+--------------+---------------------------------------------------------------------------------------------------------------------------------------------------------------------------------------------------------------------+--------------+
; Compilation Hierarchy Node                                           ; LC Combinationals ; LC Registers ; Memory Bits ; DSP Elements ; DSP 9x9 ; DSP 18x18 ; Pins ; Virtual Pins ; Full Hierarchy Name                                                                                                                                                                                                 ; Library Name ;
+----------------------------------------------------------------------+-------------------+--------------+-------------+--------------+---------+-----------+------+--------------+---------------------------------------------------------------------------------------------------------------------------------------------------------------------------------------------------------------------+--------------+
; |uart_rx_top                                                         ; 240 (1)           ; 169 (8)      ; 0           ; 0            ; 0       ; 0         ; 3    ; 0            ; |uart_rx_top                                                                                                                                                                                                        ;              ;
;    |ISSP:issp|                                                       ; 30 (0)            ; 17 (0)       ; 0           ; 0            ; 0       ; 0         ; 0    ; 0            ; |uart_rx_top|ISSP:issp                                                                                                                                                                                              ;              ;
;       |altsource_probe:altsource_probe_component|                    ; 30 (0)            ; 17 (0)       ; 0           ; 0            ; 0       ; 0         ; 0    ; 0            ; |uart_rx_top|ISSP:issp|altsource_probe:altsource_probe_component                                                                                                                                                    ;              ;
;          |altsource_probe_body:altsource_probe_body_inst|            ; 30 (3)            ; 17 (0)       ; 0           ; 0            ; 0       ; 0         ; 0    ; 0            ; |uart_rx_top|ISSP:issp|altsource_probe:altsource_probe_component|altsource_probe_body:altsource_probe_body_inst                                                                                                     ;              ;
;             |altsource_probe_impl:\wider_probe_gen:wider_probe_inst| ; 27 (17)           ; 17 (10)      ; 0           ; 0            ; 0       ; 0         ; 0    ; 0            ; |uart_rx_top|ISSP:issp|altsource_probe:altsource_probe_component|altsource_probe_body:altsource_probe_body_inst|altsource_probe_impl:\wider_probe_gen:wider_probe_inst                                              ;              ;
;                |sld_rom_sr:\no_instance_id_gen:rom_info_inst|        ; 10 (10)           ; 7 (7)        ; 0           ; 0            ; 0       ; 0         ; 0    ; 0            ; |uart_rx_top|ISSP:issp|altsource_probe:altsource_probe_component|altsource_probe_body:altsource_probe_body_inst|altsource_probe_impl:\wider_probe_gen:wider_probe_inst|sld_rom_sr:\no_instance_id_gen:rom_info_inst ;              ;
;    |sld_hub:auto_hub|                                                ; 113 (1)           ; 78 (0)       ; 0           ; 0            ; 0       ; 0         ; 0    ; 0            ; |uart_rx_top|sld_hub:auto_hub                                                                                                                                                                                       ;              ;
;       |sld_jtag_hub:\jtag_hub_gen:sld_jtag_hub_inst|                 ; 112 (76)          ; 78 (50)      ; 0           ; 0            ; 0       ; 0         ; 0    ; 0            ; |uart_rx_top|sld_hub:auto_hub|sld_jtag_hub:\jtag_hub_gen:sld_jtag_hub_inst                                                                                                                                          ;              ;
;          |sld_rom_sr:hub_info_reg|                                   ; 19 (19)           ; 9 (9)        ; 0           ; 0            ; 0       ; 0         ; 0    ; 0            ; |uart_rx_top|sld_hub:auto_hub|sld_jtag_hub:\jtag_hub_gen:sld_jtag_hub_inst|sld_rom_sr:hub_info_reg                                                                                                                  ;              ;
;          |sld_shadow_jsm:shadow_jsm|                                 ; 17 (17)           ; 19 (19)      ; 0           ; 0            ; 0       ; 0         ; 0    ; 0            ; |uart_rx_top|sld_hub:auto_hub|sld_jtag_hub:\jtag_hub_gen:sld_jtag_hub_inst|sld_shadow_jsm:shadow_jsm                                                                                                                ;              ;
;    |uart_byte_rx:uart_byte_rx|                                       ; 96 (96)           ; 66 (66)      ; 0           ; 0            ; 0       ; 0         ; 0    ; 0            ; |uart_rx_top|uart_byte_rx:uart_byte_rx                                                                                                                                                                              ;              ;
+----------------------------------------------------------------------+-------------------+--------------+-------------+--------------+---------+-----------+------+--------------+---------------------------------------------------------------------------------------------------------------------------------------------------------------------------------------------------------------------+--------------+
Note: For table entries with two numbers listed, the numbers in parentheses indicate the number of resources of the given type used by the specific entity alone. The numbers listed outside of parentheses indicate the total resources of the given type used by the specific entity and all of its sub-entities in the hierarchy.


+---------------------------------------------------------------------------------------------------------------------------------------------------------------+
; Analysis & Synthesis IP Cores Summary                                                                                                                         ;
+--------+------------------------------+---------+--------------+--------------+------------------------+------------------------------------------------------+
; Vendor ; IP Core Name                 ; Version ; Release Date ; License Type ; Entity Instance        ; IP Include File                                      ;
+--------+------------------------------+---------+--------------+--------------+------------------------+------------------------------------------------------+
; Altera ; In-System Sources and Probes ; 13.0    ; N/A          ; N/A          ; |uart_rx_top|ISSP:issp ; F:/AC620DEMO/TEST/class17_uart_rx/13.0/prj/ip/ISSP.v ;
+--------+------------------------------+---------+--------------+--------------+------------------------+------------------------------------------------------+


+----------------------------------------------------------------------------------+
; Registers Removed During Synthesis                                               ;
+-----------------------------------------+----------------------------------------+
; Register name                           ; Reason for Removal                     ;
+-----------------------------------------+----------------------------------------+
; uart_byte_rx:uart_byte_rx|bps_DR[9..15] ; Stuck at GND due to stuck port data_in ;
; uart_byte_rx:uart_byte_rx|bps_DR[8]     ; Stuck at VCC due to stuck port data_in ;
; uart_byte_rx:uart_byte_rx|bps_DR[7]     ; Stuck at GND due to stuck port data_in ;
; uart_byte_rx:uart_byte_rx|bps_DR[6]     ; Stuck at VCC due to stuck port data_in ;
; uart_byte_rx:uart_byte_rx|bps_DR[3..5]  ; Stuck at GND due to stuck port data_in ;
; uart_byte_rx:uart_byte_rx|bps_DR[2]     ; Stuck at VCC due to stuck port data_in ;
; uart_byte_rx:uart_byte_rx|bps_DR[0,1]   ; Stuck at GND due to stuck port data_in ;
; Total Number of Removed Registers = 16  ;                                        ;
+-----------------------------------------+----------------------------------------+


+------------------------------------------------------+
; General Register Statistics                          ;
+----------------------------------------------+-------+
; Statistic                                    ; Value ;
+----------------------------------------------+-------+
; Total registers                              ; 169   ;
; Number of registers using Synchronous Clear  ; 60    ;
; Number of registers using Synchronous Load   ; 11    ;
; Number of registers using Asynchronous Clear ; 109   ;
; Number of registers using Asynchronous Load  ; 0     ;
; Number of registers using Clock Enable       ; 109   ;
; Number of registers using Preset             ; 0     ;
+----------------------------------------------+-------+


+----------------------------------------------------------------------------------------+
; Inverted Register Statistics                                                           ;
+------------------------------------------------------------------------------+---------+
; Inverted Register                                                            ; Fan out ;
+------------------------------------------------------------------------------+---------+
; sld_hub:auto_hub|sld_jtag_hub:\jtag_hub_gen:sld_jtag_hub_inst|tdo            ; 1       ;
; sld_hub:auto_hub|sld_jtag_hub:\jtag_hub_gen:sld_jtag_hub_inst|jtag_ir_reg[2] ; 2       ;
; sld_hub:auto_hub|sld_jtag_hub:\jtag_hub_gen:sld_jtag_hub_inst|jtag_ir_reg[1] ; 3       ;
; Total number of inverted registers = 3                                       ;         ;
+------------------------------------------------------------------------------+---------+


+---------------------------------------------------------------------------------------------------------------------------------------------------------------------------------------------------------------------------------------------------------------------------------------------------------------------------------------------------+
; Multiplexer Restructuring Statistics (Restructuring Performed)                                                                                                                                                                                                                                                                                    ;
+--------------------+-----------+---------------+----------------------+------------------------+------------+-------------------------------------------------------------------------------------------------------------------------------------------------------------------------------------------------------------------------------------+
; Multiplexer Inputs ; Bus Width ; Baseline Area ; Area if Restructured ; Saving if Restructured ; Registered ; Example Multiplexer Output                                                                                                                                                                                                          ;
+--------------------+-----------+---------------+----------------------+------------------------+------------+-------------------------------------------------------------------------------------------------------------------------------------------------------------------------------------------------------------------------------------+
; 3:1                ; 16 bits   ; 32 LEs        ; 16 LEs               ; 16 LEs                 ; Yes        ; |uart_rx_top|uart_byte_rx:uart_byte_rx|div_cnt[10]                                                                                                                                                                                  ;
; 5:1                ; 7 bits    ; 21 LEs        ; 14 LEs               ; 7 LEs                  ; Yes        ; |uart_rx_top|ISSP:issp|altsource_probe:altsource_probe_component|altsource_probe_body:altsource_probe_body_inst|altsource_probe_impl:\wider_probe_gen:wider_probe_inst|shift_reg[4]                                                 ;
; 5:1                ; 3 bits    ; 9 LEs         ; 3 LEs                ; 6 LEs                  ; Yes        ; |uart_rx_top|ISSP:issp|altsource_probe:altsource_probe_component|altsource_probe_body:altsource_probe_body_inst|altsource_probe_impl:\wider_probe_gen:wider_probe_inst|sld_rom_sr:\no_instance_id_gen:rom_info_inst|word_counter[0] ;
; 9:1                ; 4 bits    ; 24 LEs        ; 16 LEs               ; 8 LEs                  ; Yes        ; |uart_rx_top|ISSP:issp|altsource_probe:altsource_probe_component|altsource_probe_body:altsource_probe_body_inst|altsource_probe_impl:\wider_probe_gen:wider_probe_inst|sld_rom_sr:\no_instance_id_gen:rom_info_inst|WORD_SR[0]      ;
; 256:1              ; 3 bits    ; 510 LEs       ; 3 LEs                ; 507 LEs                ; Yes        ; |uart_rx_top|uart_byte_rx:uart_byte_rx|r_data_byte[7][0]                                                                                                                                                                            ;
; 256:1              ; 3 bits    ; 510 LEs       ; 3 LEs                ; 507 LEs                ; Yes        ; |uart_rx_top|uart_byte_rx:uart_byte_rx|r_data_byte[6][0]                                                                                                                                                                            ;
; 256:1              ; 3 bits    ; 510 LEs       ; 3 LEs                ; 507 LEs                ; Yes        ; |uart_rx_top|uart_byte_rx:uart_byte_rx|r_data_byte[5][0]                                                                                                                                                                            ;
; 256:1              ; 3 bits    ; 510 LEs       ; 3 LEs                ; 507 LEs                ; Yes        ; |uart_rx_top|uart_byte_rx:uart_byte_rx|r_data_byte[4][0]                                                                                                                                                                            ;
; 256:1              ; 3 bits    ; 510 LEs       ; 3 LEs                ; 507 LEs                ; Yes        ; |uart_rx_top|uart_byte_rx:uart_byte_rx|r_data_byte[3][0]                                                                                                                                                                            ;
; 256:1              ; 3 bits    ; 510 LEs       ; 3 LEs                ; 507 LEs                ; Yes        ; |uart_rx_top|uart_byte_rx:uart_byte_rx|r_data_byte[2][2]                                                                                                                                                                            ;
; 256:1              ; 3 bits    ; 510 LEs       ; 3 LEs                ; 507 LEs                ; Yes        ; |uart_rx_top|uart_byte_rx:uart_byte_rx|r_data_byte[1][2]                                                                                                                                                                            ;
; 256:1              ; 3 bits    ; 510 LEs       ; 3 LEs                ; 507 LEs                ; Yes        ; |uart_rx_top|uart_byte_rx:uart_byte_rx|r_data_byte[0][2]                                                                                                                                                                            ;
; 256:1              ; 3 bits    ; 510 LEs       ; 3 LEs                ; 507 LEs                ; Yes        ; |uart_rx_top|uart_byte_rx:uart_byte_rx|START_BIT[2]                                                                                                                                                                                 ;
+--------------------+-----------+---------------+----------------------+------------------------+------------+-------------------------------------------------------------------------------------------------------------------------------------------------------------------------------------------------------------------------------------+


+----------------------------------------------------------------------------------------------------------------------------------------------------------------------------------+
; Source assignments for ISSP:issp|altsource_probe:altsource_probe_component|altsource_probe_body:altsource_probe_body_inst|altsource_probe_impl:\wider_probe_gen:wider_probe_inst ;
+---------------------------------+-------+------+---------------------------------------------------------------------------------------------------------------------------------+
; Assignment                      ; Value ; From ; To                                                                                                                              ;
+---------------------------------+-------+------+---------------------------------------------------------------------------------------------------------------------------------+
; NOT_GATE_PUSH_BACK              ; OFF   ; -    ; -                                                                                                                               ;
; POWER_UP_LEVEL                  ; LOW   ; -    ; -                                                                                                                               ;
; AUTO_SHIFT_REGISTER_RECOGNITION ; OFF   ; -    ; -                                                                                                                               ;
; AUTO_CLOCK_ENABLE_RECOGNITION   ; OFF   ; -    ; hold_reg[0]                                                                                                                     ;
+---------------------------------+-------+------+---------------------------------------------------------------------------------------------------------------------------------+


+--------------------------------------------------------------------------------------------------+
; Parameter Settings for User Entity Instance: ISSP:issp|altsource_probe:altsource_probe_component ;
+-------------------------+-----------------+------------------------------------------------------+
; Parameter Name          ; Value           ; Type                                                 ;
+-------------------------+-----------------+------------------------------------------------------+
; lpm_type                ; altsource_probe ; String                                               ;
; lpm_hint                ; UNUSED          ; String                                               ;
; sld_auto_instance_index ; YES             ; String                                               ;
; sld_instance_index      ; 0               ; Signed Integer                                       ;
; SLD_NODE_INFO           ; 4746752         ; Signed Integer                                       ;
; sld_ir_width            ; 4               ; Signed Integer                                       ;
; instance_id             ; NONE            ; String                                               ;
; probe_width             ; 8               ; Signed Integer                                       ;
; source_width            ; 0               ; Signed Integer                                       ;
; source_initial_value    ;  0              ; String                                               ;
; enable_metastability    ; NO              ; String                                               ;
+-------------------------+-----------------+------------------------------------------------------+
Note: In order to hide this table in the UI and the text report file, please set the "Show Parameter Settings in Synthesis Report" option in "Analysis and Synthesis Settings -> More Settings" to "Off".


+-----------------------------------------------------+
; Port Connectivity Checks: "ISSP:issp"               ;
+--------+--------+----------+------------------------+
; Port   ; Type   ; Severity ; Details                ;
+--------+--------+----------+------------------------+
; source ; Output ; Info     ; Explicitly unconnected ;
+--------+--------+----------+------------------------+


+-------------------------------------------------------+
; Port Connectivity Checks: "uart_byte_rx:uart_byte_rx" ;
+----------+-------+----------+-------------------------+
; Port     ; Type  ; Severity ; Details                 ;
+----------+-------+----------+-------------------------+
; baud_set ; Input ; Info     ; Stuck at GND            ;
+----------+-------+----------+-------------------------+


+-------------------------------+
; Elapsed Time Per Partition    ;
+----------------+--------------+
; Partition Name ; Elapsed Time ;
+----------------+--------------+
; Top            ; 00:00:01     ;
+----------------+--------------+


+-------------------------------+
; Analysis & Synthesis Messages ;
+-------------------------------+
Info: *******************************************************************
Info: Running Quartus II 64-Bit Analysis & Synthesis
    Info: Version 13.0.0 Build 156 04/24/2013 SJ Full Version
    Info: Processing started: Sat Apr 01 10:09:35 2017
Info: Command: quartus_map --read_settings_files=on --write_settings_files=off uart_rx_top -c uart_rx_top
Info (11104): Parallel Compilation has detected 8 hyper-threaded processors. However, the extra hyper-threaded processors will not be used by default. Parallel Compilation will use 4 of the 4 physical processors detected instead.
Info (12021): Found 1 design units, including 1 entities, in source file ip/issp.v
    Info (12023): Found entity 1: ISSP
Info (12021): Found 1 design units, including 1 entities, in source file /ac620demo/test/class17_uart_rx/13.0/testbench/uart_byte_rx_tb.v
    Info (12023): Found entity 1: uart_byte_rx_tb
Info (12021): Found 1 design units, including 1 entities, in source file /ac620demo/test/class17_uart_rx/13.0/rtl/uart_rx_top.v
    Info (12023): Found entity 1: uart_rx_top
Info (12021): Found 1 design units, including 1 entities, in source file /ac620demo/test/class17_uart_rx/13.0/rtl/uart_byte_tx.v
    Info (12023): Found entity 1: uart_byte_tx
Info (12021): Found 1 design units, including 1 entities, in source file /ac620demo/test/class17_uart_rx/13.0/rtl/uart_byte_rx.v
    Info (12023): Found entity 1: uart_byte_rx
Info (12127): Elaborating entity "uart_rx_top" for the top level hierarchy
Info (12128): Elaborating entity "uart_byte_rx" for hierarchy "uart_byte_rx:uart_byte_rx"
Info (12128): Elaborating entity "ISSP" for hierarchy "ISSP:issp"
Info (12128): Elaborating entity "altsource_probe" for hierarchy "ISSP:issp|altsource_probe:altsource_probe_component"
Info (12130): Elaborated megafunction instantiation "ISSP:issp|altsource_probe:altsource_probe_component"
Info (12133): Instantiated megafunction "ISSP:issp|altsource_probe:altsource_probe_component" with the following parameter:
    Info (12134): Parameter "enable_metastability" = "NO"
    Info (12134): Parameter "instance_id" = "NONE"
    Info (12134): Parameter "probe_width" = "8"
    Info (12134): Parameter "sld_auto_instance_index" = "YES"
    Info (12134): Parameter "sld_instance_index" = "0"
    Info (12134): Parameter "source_initial_value" = " 0"
    Info (12134): Parameter "source_width" = "0"
Info (12128): Elaborating entity "altsource_probe_body" for hierarchy "ISSP:issp|altsource_probe:altsource_probe_component|altsource_probe_body:altsource_probe_body_inst"
Info (12128): Elaborating entity "altsource_probe_impl" for hierarchy "ISSP:issp|altsource_probe:altsource_probe_component|altsource_probe_body:altsource_probe_body_inst|altsource_probe_impl:\wider_probe_gen:wider_probe_inst"
Info (12128): Elaborating entity "sld_rom_sr" for hierarchy "ISSP:issp|altsource_probe:altsource_probe_component|altsource_probe_body:altsource_probe_body_inst|altsource_probe_impl:\wider_probe_gen:wider_probe_inst|sld_rom_sr:\no_instance_id_gen:rom_info_inst"
Warning (12030): Port "source" on the entity instantiation of "altsource_probe_component" is connected to a signal of width 1. The formal width of the signal in the module is 2.  The extra bits will be left dangling without any fan-out logic.
Info (286031): Timing-Driven Synthesis is running on partition "Top"
Info (144001): Generated suppressed messages file F:/AC620DEMO/TEST/class17_uart_rx/13.0/prj/output_files/uart_rx_top.map.smsg
Info (16010): Generating hard_block partition "hard_block:auto_generated_inst"
    Info (16011): Adding 0 node(s), including 0 DDIO, 0 PLL, 0 transceiver and 0 LCELL
Info (21057): Implemented 293 device resources after synthesis - the final resource count might be different
    Info (21058): Implemented 6 input pins
    Info (21059): Implemented 1 output pins
    Info (21061): Implemented 285 logic cells
Info: Quartus II 64-Bit Analysis & Synthesis was successful. 0 errors, 1 warning
    Info: Peak virtual memory: 526 megabytes
    Info: Processing ended: Sat Apr 01 10:09:39 2017
    Info: Elapsed time: 00:00:04
    Info: Total CPU time (on all processors): 00:00:03


+------------------------------------------+
; Analysis & Synthesis Suppressed Messages ;
+------------------------------------------+
The suppressed messages can be found in F:/AC620DEMO/TEST/class17_uart_rx/13.0/prj/output_files/uart_rx_top.map.smsg.


