 
****************************************
Report : cell
Design : counter
Version: 2003.03
Date   : Mon Apr 11 16:01:00 2005
****************************************

Attributes:
    b - black box (unknown)
    h - hierarchical
    n - noncombinational
    r - removable
    u - contains unmapped logic

Cell                      Reference       Library             Area  Attributes
--------------------------------------------------------------------------------
U3                        EOI             class           3.000000  
U4                        B2I             class           2.000000  
U5                        B2I             class           2.000000  
U6                        B2I             class           2.000000  
U7                        B2IP            class           4.000000  
U8                        OR2P            class           2.000000  
U9                        IVI             class           1.000000  
U10                       B2I             class           2.000000  
U11                       B2I             class           2.000000  
U12                       B5IP            class           3.000000  
U13                       B2I             class           2.000000  
U14                       IVI             class           1.000000  
U15                       IVAP            class           2.000000  
U16                       ENI             class           3.000000  
U17                       ENI             class           3.000000  
U18                       ND2I            class           1.000000  
U19                       AN4             class           3.000000  
U20                       MUX21H          class           4.000000  
q_reg[0]                  FD2             class           9.000000  n
q_reg[1]                  FD2S            class           10.000000 n
q_reg[2]                  FD2S            class           10.000000 n
q_reg[3]                  FD2S            class           10.000000 n
--------------------------------------------------------------------------------
Total 22 cells                                            81.000000
1
