 
****************************************
Report : timing
        -path full
        -delay min
        -max_paths 1
Design : counter
Version: 2003.03
Date   : Sun Apr 10 11:24:41 2005
****************************************

Operating Conditions: 
Wire Load Model Mode: top

  Startpoint: ld (input port clocked by clk)
  Endpoint: q_reg[1] (rising edge-triggered flip-flop clocked by clk)
  Path Group: clk
  Path Type: min

  Des/Clust/Port     Wire Load Model       Library
  ------------------------------------------------
  counter            05x05                 class

  Point                                    Incr       Path
  -----------------------------------------------------------
  clock clk (rise edge)                    0.00       0.00
  clock network delay (ideal)              0.00       0.00
  input external delay                     0.10       0.10 r
  ld (in)                                  0.00       0.10 r
  q_reg[1]/TE (FD2S)                       0.00       0.10 r
  data arrival time                                   0.10

  clock clk (rise edge)                    0.00       0.00
  clock network delay (ideal)              0.00       0.00
  clock uncertainty                        0.10       0.10
  q_reg[1]/CP (FD2S)                       0.00       0.10 r
  library hold time                        0.30       0.40
  data required time                                  0.40
  -----------------------------------------------------------
  data required time                                  0.40
  data arrival time                                  -0.10
  -----------------------------------------------------------
  slack (VIOLATED)                                   -0.30


1
