Information: Updating design information... (UID-85)
 
****************************************
Report : timing
        -path full
        -delay max
        -max_paths 1
Design : counter
Version: 2003.03
Date   : Sun Apr 10 11:24:41 2005
****************************************

Operating Conditions: 
Wire Load Model Mode: top

  Startpoint: q_reg[1] (rising edge-triggered flip-flop clocked by clk)
  Endpoint: q_reg[3] (rising edge-triggered flip-flop clocked by clk)
  Path Group: clk
  Path Type: max

  Des/Clust/Port     Wire Load Model       Library
  ------------------------------------------------
  counter            05x05                 class

  Point                                    Incr       Path
  -----------------------------------------------------------
  clock clk (rise edge)                    0.00       0.00
  clock network delay (ideal)              0.00       0.00
  q_reg[1]/CP (FD2S)                       0.00       0.00 r
  q_reg[1]/Q (FD2S)                        1.39       1.39 r
  U10/Z2 (B2I)                             0.74       2.13 r
  U14/Z (ND2I)                             0.12       2.25 f
  U7/Z2 (B2I)                              0.92       3.17 f
  U4/Z (OR2P)                              0.99       4.16 f
  U5/Z (IVI)                               0.24       4.40 r
  U13/Z (ENI)                              0.42       4.83 f
  q_reg[3]/D (FD2S)                        0.00       4.83 f
  data arrival time                                   4.83

  clock clk (rise edge)                   10.00      10.00
  clock network delay (ideal)              0.00      10.00
  clock uncertainty                       -0.10       9.90
  q_reg[3]/CP (FD2S)                       0.00       9.90 r
  library setup time                      -1.25       8.65
  data required time                                  8.65
  -----------------------------------------------------------
  data required time                                  8.65
  data arrival time                                  -4.83
  -----------------------------------------------------------
  slack (MET)                                         3.82


1
