Information: Updating design information... (UID-85)
 
****************************************
Report : timing
        -path full
        -delay max
        -max_paths 1
Design : counter
Version: 2003.03
Date   : Mon Apr 11 15:56:43 2005
****************************************

Operating Conditions: 
Wire Load Model Mode: top

  Startpoint: q_reg[0] (rising edge-triggered flip-flop clocked by clk)
  Endpoint: q_reg[3] (rising edge-triggered flip-flop clocked by clk)
  Path Group: clk
  Path Type: max

  Des/Clust/Port     Wire Load Model       Library
  ------------------------------------------------
  counter            05x05                 class

  Point                                    Incr       Path
  -----------------------------------------------------------
  clock clk (rise edge)                    0.00       0.00
  clock network delay (ideal)              0.00       0.00
  q_reg[0]/CP (FD2)                        0.00       0.00 r
  q_reg[0]/Q (FD2)                         1.39       1.39 r
  U13/Z2 (B2I)                             0.75       2.14 r
  U18/Z (ND2I)                             0.20       2.34 f
  U8/Z (OR2P)                              0.99       3.33 f
  U9/Z (IVI)                               0.24       3.57 r
  U17/Z (ENI)                              0.42       3.99 f
  q_reg[3]/D (FD2S)                        0.00       3.99 f
  data arrival time                                   3.99

  clock clk (rise edge)                   10.00      10.00
  clock network delay (ideal)              0.00      10.00
  clock uncertainty                       -0.10       9.90
  q_reg[3]/CP (FD2S)                       0.00       9.90 r
  library setup time                      -1.25       8.65
  data required time                                  8.65
  -----------------------------------------------------------
  data required time                                  8.65
  data arrival time                                  -3.99
  -----------------------------------------------------------
  slack (MET)                                         4.66


1
