Flow report for TFT_CTRL
Wed Jun 20 13:46:22 2018
Quartus II 64-Bit Version 13.0.0 Build 156 04/24/2013 SJ Full Version


---------------------
; Table of Contents ;
---------------------
  1. Legal Notice
  2. Flow Summary
  3. Flow Settings
  4. Flow Non-Default Global Settings
  5. Flow Elapsed Time
  6. Flow OS Summary
  7. Flow Log
  8. Flow Messages
  9. Flow Suppressed Messages



----------------
; Legal Notice ;
----------------
Copyright (C) 1991-2013 Altera Corporation
Your use of Altera Corporation's design tools, logic functions 
and other software and tools, and its AMPP partner logic 
functions, and any output files from any of the foregoing 
(including device programming or simulation files), and any 
associated documentation or information are expressly subject 
to the terms and conditions of the Altera Program License 
Subscription Agreement, Altera MegaCore Function License 
Agreement, or other applicable license agreement, including, 
without limitation, that your use is for the sole purpose of 
programming logic devices manufactured by Altera and sold by 
Altera or its authorized distributors.  Please refer to the 
applicable agreement for further details.



+----------------------------------------------------------------------------------+
; Flow Summary                                                                     ;
+------------------------------------+---------------------------------------------+
; Flow Status                        ; Successful - Wed Jun 20 13:46:22 2018       ;
; Quartus II 64-Bit Version          ; 13.0.0 Build 156 04/24/2013 SJ Full Version ;
; Revision Name                      ; TFT_CTRL                                    ;
; Top-level Entity Name              ; TFT_CTRL_test                               ;
; Family                             ; Cyclone IV E                                ;
; Device                             ; EP4CE10F17C8                                ;
; Timing Models                      ; Final                                       ;
; Total logic elements               ; 90 / 10,320 ( < 1 % )                       ;
;     Total combinational functions  ; 90 / 10,320 ( < 1 % )                       ;
;     Dedicated logic registers      ; 20 / 10,320 ( < 1 % )                       ;
; Total registers                    ; 20                                          ;
; Total pins                         ; 23 / 180 ( 13 % )                           ;
; Total virtual pins                 ; 0                                           ;
; Total memory bits                  ; 0 / 423,936 ( 0 % )                         ;
; Embedded Multiplier 9-bit elements ; 0 / 46 ( 0 % )                              ;
; Total PLLs                         ; 1 / 2 ( 50 % )                              ;
+------------------------------------+---------------------------------------------+


+-----------------------------------------+
; Flow Settings                           ;
+-------------------+---------------------+
; Option            ; Setting             ;
+-------------------+---------------------+
; Start date & time ; 06/20/2018 13:46:06 ;
; Main task         ; Compilation         ;
; Revision Name     ; TFT_CTRL            ;
+-------------------+---------------------+


+-------------------------------------------------------------------------------------------------------------------------------+
; Flow Non-Default Global Settings                                                                                              ;
+--------------------------------------+---------------------------------------+---------------+---------------+----------------+
; Assignment Name                      ; Value                                 ; Default Value ; Entity Name   ; Section Id     ;
+--------------------------------------+---------------------------------------+---------------+---------------+----------------+
; COMPILER_SIGNATURE_ID                ; 251457860065655.152947356612204       ; --            ; --            ; --             ;
; EDA_DESIGN_INSTANCE_NAME             ; NA                                    ; --            ; --            ; TFT_CTRL_tb    ;
; EDA_NATIVELINK_SIMULATION_TEST_BENCH ; TFT_CTRL_tb                           ; --            ; --            ; eda_simulation ;
; EDA_OUTPUT_DATA_FORMAT               ; Verilog Hdl                           ; --            ; --            ; eda_simulation ;
; EDA_SIMULATION_TOOL                  ; ModelSim-Altera (Verilog)             ; <None>        ; --            ; --             ;
; EDA_TEST_BENCH_ENABLE_STATUS         ; TEST_BENCH_MODE                       ; --            ; --            ; eda_simulation ;
; EDA_TEST_BENCH_FILE                  ; ../testbench/TFT_CTRL_tb.v            ; --            ; --            ; TFT_CTRL_tb    ;
; EDA_TEST_BENCH_MODULE_NAME           ; TFT_CTRL_tb                           ; --            ; --            ; TFT_CTRL_tb    ;
; EDA_TEST_BENCH_NAME                  ; TFT_CTRL_tb                           ; --            ; --            ; eda_simulation ;
; EDA_TIME_SCALE                       ; 1 ps                                  ; --            ; --            ; eda_simulation ;
; IP_TOOL_NAME                         ; ALTPLL                                ; --            ; --            ; --             ;
; IP_TOOL_VERSION                      ; 13.0                                  ; --            ; --            ; --             ;
; MAX_CORE_JUNCTION_TEMP               ; 85                                    ; --            ; --            ; --             ;
; MIN_CORE_JUNCTION_TEMP               ; 0                                     ; --            ; --            ; --             ;
; MISC_FILE                            ; TFT_test_pll_bb.v                     ; --            ; --            ; --             ;
; MISC_FILE                            ; TFT_test_pll.ppf                      ; --            ; --            ; --             ;
; NOMINAL_CORE_SUPPLY_VOLTAGE          ; 1.2V                                  ; --            ; --            ; --             ;
; PARTITION_COLOR                      ; 16764057                              ; --            ; TFT_CTRL_test ; Top            ;
; PARTITION_FITTER_PRESERVATION_LEVEL  ; PLACEMENT_AND_ROUTING                 ; --            ; TFT_CTRL_test ; Top            ;
; PARTITION_NETLIST_TYPE               ; SOURCE                                ; --            ; TFT_CTRL_test ; Top            ;
; POWER_BOARD_THERMAL_MODEL            ; None (CONSERVATIVE)                   ; --            ; --            ; --             ;
; POWER_PRESET_COOLING_SOLUTION        ; 23 MM HEAT SINK WITH 200 LFPM AIRFLOW ; --            ; --            ; --             ;
; PROJECT_OUTPUT_DIRECTORY             ; output_files                          ; --            ; --            ; --             ;
; TOP_LEVEL_ENTITY                     ; TFT_CTRL_test                         ; TFT_CTRL      ; --            ; --             ;
+--------------------------------------+---------------------------------------+---------------+---------------+----------------+


+-------------------------------------------------------------------------------------------------------------------------------+
; Flow Elapsed Time                                                                                                             ;
+---------------------------+--------------+-------------------------+---------------------+------------------------------------+
; Module Name               ; Elapsed Time ; Average Processors Used ; Peak Virtual Memory ; Total CPU Time (on all processors) ;
+---------------------------+--------------+-------------------------+---------------------+------------------------------------+
; Analysis & Synthesis      ; 00:00:02     ; 1.0                     ; 460 MB              ; 00:00:02                           ;
; Fitter                    ; 00:00:06     ; 1.6                     ; 1050 MB             ; 00:00:06                           ;
; Assembler                 ; 00:00:01     ; 1.0                     ; 406 MB              ; 00:00:01                           ;
; TimeQuest Timing Analyzer ; 00:00:02     ; 1.0                     ; 461 MB              ; 00:00:02                           ;
; EDA Netlist Writer        ; 00:00:01     ; 1.0                     ; 376 MB              ; 00:00:01                           ;
; Total                     ; 00:00:12     ; --                      ; --                  ; 00:00:12                           ;
+---------------------------+--------------+-------------------------+---------------------+------------------------------------+


+----------------------------------------------------------------------------------------+
; Flow OS Summary                                                                        ;
+---------------------------+------------------+-----------+------------+----------------+
; Module Name               ; Machine Hostname ; OS Name   ; OS Version ; Processor type ;
+---------------------------+------------------+-----------+------------+----------------+
; Analysis & Synthesis      ; USER-20170329RI  ; Windows 7 ; 6.1        ; x86_64         ;
; Fitter                    ; USER-20170329RI  ; Windows 7 ; 6.1        ; x86_64         ;
; Assembler                 ; USER-20170329RI  ; Windows 7 ; 6.1        ; x86_64         ;
; TimeQuest Timing Analyzer ; USER-20170329RI  ; Windows 7 ; 6.1        ; x86_64         ;
; EDA Netlist Writer        ; USER-20170329RI  ; Windows 7 ; 6.1        ; x86_64         ;
+---------------------------+------------------+-----------+------------+----------------+


------------
; Flow Log ;
------------
quartus_map --read_settings_files=on --write_settings_files=off TFT_CTRL -c TFT_CTRL
quartus_fit --read_settings_files=off --write_settings_files=off TFT_CTRL -c TFT_CTRL
quartus_asm --read_settings_files=off --write_settings_files=off TFT_CTRL -c TFT_CTRL
quartus_sta TFT_CTRL -c TFT_CTRL
quartus_eda --read_settings_files=off --write_settings_files=off TFT_CTRL -c TFT_CTRL



