Command: vcs sram_memctl.v sram_assertions.sva -sverilog -assert enable_diag -PP \
-l compile.log
                         Chronologic VCS (TM)
           Version X-2005.06-B -- Thu Apr 14 05:28:22 2005
               Copyright (c) 1991-2005 by Synopsys Inc.
                         ALL RIGHTS RESERVED

This program is proprietary and confidential information of Synopsys Inc.
and may be used and disclosed only as authorized in a license agreement
controlling such use and disclosure.

***** Warning: ACC/CLI capabilities have been enabled for the entire design.
      For faster performance enable module specific capability in pli.tab file
Parsing design file 'sram_memctl.v'
Parsing design file 'sram_assertions.sva'
Top Level Modules:
       $root
       sram_memctl
No TimeScale specified
Starting vcs inline pass...
2 modules and 0 UDP read.
recompiling module $root
recompiling module sram_memctl
Both modules done.
if [ -x ../simv ]; then chmod -x ../simv; fi
gcc   -o ../simv  5NrI_d.o 5NrIB_d.o E1gK_1_d.o 7PBw_1_d.o SIM_l.o   /build/SCRATCH_agni/ugaira/X-2005.06-B/VCS/Linux/vcsX-2005.06-B/gui/virsim/linux/vcdplus/vcs7_2/libvirsim.a \
/build/SCRATCH_agni/ugaira/X-2005.06-B/VCS/Linux/vcsX-2005.06-B/linux/lib/libvcsnew.so \
/build/SCRATCH_agni/ugaira/X-2005.06-B/VCS/Linux/vcsX-2005.06-B/linux/lib/ctype-stubs_32.a \
-ldl -lm  -lc -ldl    
../simv up to date
CPU time: 1.670 seconds to compile + .310 seconds to link
