Analysis & Synthesis report for fifo
Thu Dec 07 23:32:18 2017
Quartus II 64-Bit Version 13.0.0 Build 156 04/24/2013 SJ Full Version


---------------------
; Table of Contents ;
---------------------
  1. Legal Notice
  2. Analysis & Synthesis Summary
  3. Analysis & Synthesis Settings
  4. Parallel Compilation
  5. Analysis & Synthesis Source Files Read
  6. Analysis & Synthesis Resource Usage Summary
  7. Analysis & Synthesis Resource Utilization by Entity
  8. Analysis & Synthesis RAM Summary
  9. Analysis & Synthesis IP Cores Summary
 10. General Register Statistics
 11. Source assignments for scfifo:scfifo_component|scfifo_foa1:auto_generated|a_dpfifo_3u31:dpfifo|dpram_j811:FIFOram|altsyncram_q3k1:altsyncram1
 12. Parameter Settings for User Entity Instance: scfifo:scfifo_component
 13. scfifo Parameter Settings by Entity Instance
 14. Elapsed Time Per Partition
 15. Analysis & Synthesis Messages



----------------
; Legal Notice ;
----------------
Copyright (C) 1991-2013 Altera Corporation
Your use of Altera Corporation's design tools, logic functions 
and other software and tools, and its AMPP partner logic 
functions, and any output files from any of the foregoing 
(including device programming or simulation files), and any 
associated documentation or information are expressly subject 
to the terms and conditions of the Altera Program License 
Subscription Agreement, Altera MegaCore Function License 
Agreement, or other applicable license agreement, including, 
without limitation, that your use is for the sole purpose of 
programming logic devices manufactured by Altera and sold by 
Altera or its authorized distributors.  Please refer to the 
applicable agreement for further details.



+----------------------------------------------------------------------------------+
; Analysis & Synthesis Summary                                                     ;
+------------------------------------+---------------------------------------------+
; Analysis & Synthesis Status        ; Successful - Thu Dec 07 23:32:18 2017       ;
; Quartus II 64-Bit Version          ; 13.0.0 Build 156 04/24/2013 SJ Full Version ;
; Revision Name                      ; fifo                                        ;
; Top-level Entity Name              ; myscfifo                                    ;
; Family                             ; Cyclone IV E                                ;
; Total logic elements               ; 51                                          ;
;     Total combinational functions  ; 51                                          ;
;     Dedicated logic registers      ; 28                                          ;
; Total registers                    ; 28                                          ;
; Total pins                         ; 48                                          ;
; Total virtual pins                 ; 0                                           ;
; Total memory bits                  ; 4,096                                       ;
; Embedded Multiplier 9-bit elements ; 0                                           ;
; Total PLLs                         ; 0                                           ;
+------------------------------------+---------------------------------------------+


+----------------------------------------------------------------------------------------------------------------------+
; Analysis & Synthesis Settings                                                                                        ;
+----------------------------------------------------------------------------+--------------------+--------------------+
; Option                                                                     ; Setting            ; Default Value      ;
+----------------------------------------------------------------------------+--------------------+--------------------+
; Device                                                                     ; EP4CE10F17C8       ;                    ;
; Top-level entity name                                                      ; myscfifo           ; fifo               ;
; Family name                                                                ; Cyclone IV E       ; Cyclone IV GX      ;
; Use smart compilation                                                      ; Off                ; Off                ;
; Enable parallel Assembler and TimeQuest Timing Analyzer during compilation ; On                 ; On                 ;
; Enable compact report table                                                ; Off                ; Off                ;
; Restructure Multiplexers                                                   ; Auto               ; Auto               ;
; Create Debugging Nodes for IP Cores                                        ; Off                ; Off                ;
; Preserve fewer node names                                                  ; On                 ; On                 ;
; Disable OpenCore Plus hardware evaluation                                  ; Off                ; Off                ;
; Verilog Version                                                            ; Verilog_2001       ; Verilog_2001       ;
; VHDL Version                                                               ; VHDL_1993          ; VHDL_1993          ;
; State Machine Processing                                                   ; Auto               ; Auto               ;
; Safe State Machine                                                         ; Off                ; Off                ;
; Extract Verilog State Machines                                             ; On                 ; On                 ;
; Extract VHDL State Machines                                                ; On                 ; On                 ;
; Ignore Verilog initial constructs                                          ; Off                ; Off                ;
; Iteration limit for constant Verilog loops                                 ; 5000               ; 5000               ;
; Iteration limit for non-constant Verilog loops                             ; 250                ; 250                ;
; Add Pass-Through Logic to Inferred RAMs                                    ; On                 ; On                 ;
; Infer RAMs from Raw Logic                                                  ; On                 ; On                 ;
; Parallel Synthesis                                                         ; On                 ; On                 ;
; DSP Block Balancing                                                        ; Auto               ; Auto               ;
; NOT Gate Push-Back                                                         ; On                 ; On                 ;
; Power-Up Don't Care                                                        ; On                 ; On                 ;
; Remove Redundant Logic Cells                                               ; Off                ; Off                ;
; Remove Duplicate Registers                                                 ; On                 ; On                 ;
; Ignore CARRY Buffers                                                       ; Off                ; Off                ;
; Ignore CASCADE Buffers                                                     ; Off                ; Off                ;
; Ignore GLOBAL Buffers                                                      ; Off                ; Off                ;
; Ignore ROW GLOBAL Buffers                                                  ; Off                ; Off                ;
; Ignore LCELL Buffers                                                       ; Off                ; Off                ;
; Ignore SOFT Buffers                                                        ; On                 ; On                 ;
; Limit AHDL Integers to 32 Bits                                             ; Off                ; Off                ;
; Optimization Technique                                                     ; Balanced           ; Balanced           ;
; Carry Chain Length                                                         ; 70                 ; 70                 ;
; Auto Carry Chains                                                          ; On                 ; On                 ;
; Auto Open-Drain Pins                                                       ; On                 ; On                 ;
; Perform WYSIWYG Primitive Resynthesis                                      ; Off                ; Off                ;
; Auto ROM Replacement                                                       ; On                 ; On                 ;
; Auto RAM Replacement                                                       ; On                 ; On                 ;
; Auto DSP Block Replacement                                                 ; On                 ; On                 ;
; Auto Shift Register Replacement                                            ; Auto               ; Auto               ;
; Allow Shift Register Merging across Hierarchies                            ; Auto               ; Auto               ;
; Auto Clock Enable Replacement                                              ; On                 ; On                 ;
; Strict RAM Replacement                                                     ; Off                ; Off                ;
; Allow Synchronous Control Signals                                          ; On                 ; On                 ;
; Force Use of Synchronous Clear Signals                                     ; Off                ; Off                ;
; Auto RAM Block Balancing                                                   ; On                 ; On                 ;
; Auto RAM to Logic Cell Conversion                                          ; Off                ; Off                ;
; Auto Resource Sharing                                                      ; Off                ; Off                ;
; Allow Any RAM Size For Recognition                                         ; Off                ; Off                ;
; Allow Any ROM Size For Recognition                                         ; Off                ; Off                ;
; Allow Any Shift Register Size For Recognition                              ; Off                ; Off                ;
; Use LogicLock Constraints during Resource Balancing                        ; On                 ; On                 ;
; Ignore translate_off and synthesis_off directives                          ; Off                ; Off                ;
; Timing-Driven Synthesis                                                    ; On                 ; On                 ;
; Report Parameter Settings                                                  ; On                 ; On                 ;
; Report Source Assignments                                                  ; On                 ; On                 ;
; Report Connectivity Checks                                                 ; On                 ; On                 ;
; Ignore Maximum Fan-Out Assignments                                         ; Off                ; Off                ;
; Synchronization Register Chain Length                                      ; 2                  ; 2                  ;
; PowerPlay Power Optimization                                               ; Normal compilation ; Normal compilation ;
; HDL message level                                                          ; Level2             ; Level2             ;
; Suppress Register Optimization Related Messages                            ; Off                ; Off                ;
; Number of Removed Registers Reported in Synthesis Report                   ; 5000               ; 5000               ;
; Number of Swept Nodes Reported in Synthesis Report                         ; 5000               ; 5000               ;
; Number of Inverted Registers Reported in Synthesis Report                  ; 100                ; 100                ;
; Clock MUX Protection                                                       ; On                 ; On                 ;
; Auto Gated Clock Conversion                                                ; Off                ; Off                ;
; Block Design Naming                                                        ; Auto               ; Auto               ;
; SDC constraint protection                                                  ; Off                ; Off                ;
; Synthesis Effort                                                           ; Auto               ; Auto               ;
; Shift Register Replacement - Allow Asynchronous Clear Signal               ; On                 ; On                 ;
; Pre-Mapping Resynthesis Optimization                                       ; Off                ; Off                ;
; Analysis & Synthesis Message Level                                         ; Medium             ; Medium             ;
; Disable Register Merging Across Hierarchies                                ; Auto               ; Auto               ;
; Resource Aware Inference For Block RAM                                     ; On                 ; On                 ;
; Synthesis Seed                                                             ; 1                  ; 1                  ;
+----------------------------------------------------------------------------+--------------------+--------------------+


+------------------------------------------+
; Parallel Compilation                     ;
+----------------------------+-------------+
; Processors                 ; Number      ;
+----------------------------+-------------+
; Number detected on machine ; 8           ;
; Maximum allowed            ; 4           ;
;                            ;             ;
; Average used               ; 1.00        ;
; Maximum used               ; 1           ;
;                            ;             ;
; Usage by Processor         ; % Time Used ;
;     Processor 1            ; 100.0%      ;
;     Processors 2-8         ;   0.0%      ;
+----------------------------+-------------+


+------------------------------------------------------------------------------------------------------------------------------------------------------------------------------------+
; Analysis & Synthesis Source Files Read                                                                                                                                             ;
+----------------------------------+-----------------+------------------------------+--------------------------------------------------------------------------------------+---------+
; File Name with User-Entered Path ; Used in Netlist ; File Type                    ; File Name with Absolute Path                                                         ; Library ;
+----------------------------------+-----------------+------------------------------+--------------------------------------------------------------------------------------+---------+
; ip/myscfifo.v                    ; yes             ; User Wizard-Generated File   ; D:/fpga/ac620/demo_release/book_prj/chapter4/class21_fifo/prj/ip/myscfifo.v          ;         ;
; scfifo.tdf                       ; yes             ; Megafunction                 ; d:/altera/13.0/quartus/libraries/megafunctions/scfifo.tdf                            ;         ;
; a_regfifo.inc                    ; yes             ; Megafunction                 ; d:/altera/13.0/quartus/libraries/megafunctions/a_regfifo.inc                         ;         ;
; a_dpfifo.inc                     ; yes             ; Megafunction                 ; d:/altera/13.0/quartus/libraries/megafunctions/a_dpfifo.inc                          ;         ;
; a_i2fifo.inc                     ; yes             ; Megafunction                 ; d:/altera/13.0/quartus/libraries/megafunctions/a_i2fifo.inc                          ;         ;
; a_fffifo.inc                     ; yes             ; Megafunction                 ; d:/altera/13.0/quartus/libraries/megafunctions/a_fffifo.inc                          ;         ;
; a_f2fifo.inc                     ; yes             ; Megafunction                 ; d:/altera/13.0/quartus/libraries/megafunctions/a_f2fifo.inc                          ;         ;
; aglobal130.inc                   ; yes             ; Megafunction                 ; d:/altera/13.0/quartus/libraries/megafunctions/aglobal130.inc                        ;         ;
; db/scfifo_foa1.tdf               ; yes             ; Auto-Generated Megafunction  ; D:/fpga/ac620/demo_release/book_prj/chapter4/class21_fifo/prj/db/scfifo_foa1.tdf     ;         ;
; db/a_dpfifo_3u31.tdf             ; yes             ; Auto-Generated Megafunction  ; D:/fpga/ac620/demo_release/book_prj/chapter4/class21_fifo/prj/db/a_dpfifo_3u31.tdf   ;         ;
; db/a_fefifo_08f.tdf              ; yes             ; Auto-Generated Megafunction  ; D:/fpga/ac620/demo_release/book_prj/chapter4/class21_fifo/prj/db/a_fefifo_08f.tdf    ;         ;
; db/cntr_fo7.tdf                  ; yes             ; Auto-Generated Megafunction  ; D:/fpga/ac620/demo_release/book_prj/chapter4/class21_fifo/prj/db/cntr_fo7.tdf        ;         ;
; db/dpram_j811.tdf                ; yes             ; Auto-Generated Megafunction  ; D:/fpga/ac620/demo_release/book_prj/chapter4/class21_fifo/prj/db/dpram_j811.tdf      ;         ;
; db/altsyncram_q3k1.tdf           ; yes             ; Auto-Generated Megafunction  ; D:/fpga/ac620/demo_release/book_prj/chapter4/class21_fifo/prj/db/altsyncram_q3k1.tdf ;         ;
; db/cntr_3ob.tdf                  ; yes             ; Auto-Generated Megafunction  ; D:/fpga/ac620/demo_release/book_prj/chapter4/class21_fifo/prj/db/cntr_3ob.tdf        ;         ;
+----------------------------------+-----------------+------------------------------+--------------------------------------------------------------------------------------+---------+


+-----------------------------------------------------------+
; Analysis & Synthesis Resource Usage Summary               ;
+---------------------------------------------+-------------+
; Resource                                    ; Usage       ;
+---------------------------------------------+-------------+
; Estimated Total logic elements              ; 51          ;
;                                             ;             ;
; Total combinational functions               ; 51          ;
; Logic element usage by number of LUT inputs ;             ;
;     -- 4 input functions                    ; 12          ;
;     -- 3 input functions                    ; 12          ;
;     -- <=2 input functions                  ; 27          ;
;                                             ;             ;
; Logic elements by mode                      ;             ;
;     -- normal mode                          ; 30          ;
;     -- arithmetic mode                      ; 21          ;
;                                             ;             ;
; Total registers                             ; 28          ;
;     -- Dedicated logic registers            ; 28          ;
;     -- I/O registers                        ; 0           ;
;                                             ;             ;
; I/O pins                                    ; 48          ;
; Total memory bits                           ; 4096        ;
; Embedded Multiplier 9-bit elements          ; 0           ;
; Maximum fan-out node                        ; clock~input ;
; Maximum fan-out                             ; 44          ;
; Total fan-out                               ; 660         ;
; Average fan-out                             ; 3.46        ;
+---------------------------------------------+-------------+


+------------------------------------------------------------------------------------------------------------------------------------------------------------------------------------------------------------------------------------------------------------------------------------------------------------+
; Analysis & Synthesis Resource Utilization by Entity                                                                                                                                                                                                                                                        ;
+----------------------------------------------+-------------------+--------------+-------------+--------------+---------+-----------+------+--------------+----------------------------------------------------------------------------------------------------------------------------------+--------------+
; Compilation Hierarchy Node                   ; LC Combinationals ; LC Registers ; Memory Bits ; DSP Elements ; DSP 9x9 ; DSP 18x18 ; Pins ; Virtual Pins ; Full Hierarchy Name                                                                                                              ; Library Name ;
+----------------------------------------------+-------------------+--------------+-------------+--------------+---------+-----------+------+--------------+----------------------------------------------------------------------------------------------------------------------------------+--------------+
; |myscfifo                                    ; 51 (1)            ; 28 (0)       ; 4096        ; 0            ; 0       ; 0         ; 48   ; 0            ; |myscfifo                                                                                                                        ;              ;
;    |scfifo:scfifo_component|                 ; 50 (0)            ; 28 (0)       ; 4096        ; 0            ; 0       ; 0         ; 0    ; 0            ; |myscfifo|scfifo:scfifo_component                                                                                                ;              ;
;       |scfifo_foa1:auto_generated|           ; 50 (7)            ; 28 (2)       ; 4096        ; 0            ; 0       ; 0         ; 0    ; 0            ; |myscfifo|scfifo:scfifo_component|scfifo_foa1:auto_generated                                                                     ;              ;
;          |a_dpfifo_3u31:dpfifo|              ; 43 (10)           ; 26 (0)       ; 4096        ; 0            ; 0       ; 0         ; 0    ; 0            ; |myscfifo|scfifo:scfifo_component|scfifo_foa1:auto_generated|a_dpfifo_3u31:dpfifo                                                ;              ;
;             |a_fefifo_08f:fifo_state|        ; 16 (7)            ; 10 (2)       ; 0           ; 0            ; 0       ; 0         ; 0    ; 0            ; |myscfifo|scfifo:scfifo_component|scfifo_foa1:auto_generated|a_dpfifo_3u31:dpfifo|a_fefifo_08f:fifo_state                        ;              ;
;                |cntr_fo7:count_usedw|        ; 9 (9)             ; 8 (8)        ; 0           ; 0            ; 0       ; 0         ; 0    ; 0            ; |myscfifo|scfifo:scfifo_component|scfifo_foa1:auto_generated|a_dpfifo_3u31:dpfifo|a_fefifo_08f:fifo_state|cntr_fo7:count_usedw   ;              ;
;             |cntr_3ob:rd_ptr_count|          ; 8 (8)             ; 8 (8)        ; 0           ; 0            ; 0       ; 0         ; 0    ; 0            ; |myscfifo|scfifo:scfifo_component|scfifo_foa1:auto_generated|a_dpfifo_3u31:dpfifo|cntr_3ob:rd_ptr_count                          ;              ;
;             |cntr_3ob:wr_ptr|                ; 9 (9)             ; 8 (8)        ; 0           ; 0            ; 0       ; 0         ; 0    ; 0            ; |myscfifo|scfifo:scfifo_component|scfifo_foa1:auto_generated|a_dpfifo_3u31:dpfifo|cntr_3ob:wr_ptr                                ;              ;
;             |dpram_j811:FIFOram|             ; 0 (0)             ; 0 (0)        ; 4096        ; 0            ; 0       ; 0         ; 0    ; 0            ; |myscfifo|scfifo:scfifo_component|scfifo_foa1:auto_generated|a_dpfifo_3u31:dpfifo|dpram_j811:FIFOram                             ;              ;
;                |altsyncram_q3k1:altsyncram1| ; 0 (0)             ; 0 (0)        ; 4096        ; 0            ; 0       ; 0         ; 0    ; 0            ; |myscfifo|scfifo:scfifo_component|scfifo_foa1:auto_generated|a_dpfifo_3u31:dpfifo|dpram_j811:FIFOram|altsyncram_q3k1:altsyncram1 ;              ;
+----------------------------------------------+-------------------+--------------+-------------+--------------+---------+-----------+------+--------------+----------------------------------------------------------------------------------------------------------------------------------+--------------+
Note: For table entries with two numbers listed, the numbers in parentheses indicate the number of resources of the given type used by the specific entity alone. The numbers listed outside of parentheses indicate the total resources of the given type used by the specific entity and all of its sub-entities in the hierarchy.


+---------------------------------------------------------------------------------------------------------------------------------------------------------------------------------------------------------------------------------------+
; Analysis & Synthesis RAM Summary                                                                                                                                                                                                      ;
+-----------------------------------------------------------------------------------------------------------------------------------+------+------------------+--------------+--------------+--------------+--------------+------+------+
; Name                                                                                                                              ; Type ; Mode             ; Port A Depth ; Port A Width ; Port B Depth ; Port B Width ; Size ; MIF  ;
+-----------------------------------------------------------------------------------------------------------------------------------+------+------------------+--------------+--------------+--------------+--------------+------+------+
; scfifo:scfifo_component|scfifo_foa1:auto_generated|a_dpfifo_3u31:dpfifo|dpram_j811:FIFOram|altsyncram_q3k1:altsyncram1|ALTSYNCRAM ; AUTO ; Simple Dual Port ; 256          ; 16           ; 256          ; 16           ; 4096 ; None ;
+-----------------------------------------------------------------------------------------------------------------------------------+------+------------------+--------------+--------------+--------------+--------------+------+------+


+---------------------------------------------------------------------------------------------------------------------------------------------------------------+
; Analysis & Synthesis IP Cores Summary                                                                                                                         ;
+--------+--------------+---------+--------------+--------------+-----------------+-----------------------------------------------------------------------------+
; Vendor ; IP Core Name ; Version ; Release Date ; License Type ; Entity Instance ; IP Include File                                                             ;
+--------+--------------+---------+--------------+--------------+-----------------+-----------------------------------------------------------------------------+
; Altera ; FIFO         ; 13.0    ; N/A          ; N/A          ; |myscfifo       ; D:/fpga/ac620/demo_release/book_prj/chapter4/class21_fifo/prj/ip/myscfifo.v ;
+--------+--------------+---------+--------------+--------------+-----------------+-----------------------------------------------------------------------------+


+------------------------------------------------------+
; General Register Statistics                          ;
+----------------------------------------------+-------+
; Statistic                                    ; Value ;
+----------------------------------------------+-------+
; Total registers                              ; 28    ;
; Number of registers using Synchronous Clear  ; 3     ;
; Number of registers using Synchronous Load   ; 24    ;
; Number of registers using Asynchronous Clear ; 0     ;
; Number of registers using Asynchronous Load  ; 0     ;
; Number of registers using Clock Enable       ; 24    ;
; Number of registers using Preset             ; 0     ;
+----------------------------------------------+-------+


+-----------------------------------------------------------------------------------------------------------------------------------------------+
; Source assignments for scfifo:scfifo_component|scfifo_foa1:auto_generated|a_dpfifo_3u31:dpfifo|dpram_j811:FIFOram|altsyncram_q3k1:altsyncram1 ;
+---------------------------------+--------------------+------+---------------------------------------------------------------------------------+
; Assignment                      ; Value              ; From ; To                                                                              ;
+---------------------------------+--------------------+------+---------------------------------------------------------------------------------+
; OPTIMIZE_POWER_DURING_SYNTHESIS ; NORMAL_COMPILATION ; -    ; -                                                                               ;
+---------------------------------+--------------------+------+---------------------------------------------------------------------------------+


+----------------------------------------------------------------------+
; Parameter Settings for User Entity Instance: scfifo:scfifo_component ;
+-------------------------+--------------+-----------------------------+
; Parameter Name          ; Value        ; Type                        ;
+-------------------------+--------------+-----------------------------+
; AUTO_CARRY_CHAINS       ; ON           ; AUTO_CARRY                  ;
; IGNORE_CARRY_BUFFERS    ; OFF          ; IGNORE_CARRY                ;
; AUTO_CASCADE_CHAINS     ; ON           ; AUTO_CASCADE                ;
; IGNORE_CASCADE_BUFFERS  ; OFF          ; IGNORE_CASCADE              ;
; lpm_width               ; 16           ; Signed Integer              ;
; LPM_NUMWORDS            ; 256          ; Signed Integer              ;
; LPM_WIDTHU              ; 8            ; Signed Integer              ;
; LPM_SHOWAHEAD           ; OFF          ; Untyped                     ;
; UNDERFLOW_CHECKING      ; ON           ; Untyped                     ;
; OVERFLOW_CHECKING       ; ON           ; Untyped                     ;
; ALLOW_RWCYCLE_WHEN_FULL ; OFF          ; Untyped                     ;
; ADD_RAM_OUTPUT_REGISTER ; OFF          ; Untyped                     ;
; ALMOST_FULL_VALUE       ; 254          ; Signed Integer              ;
; ALMOST_EMPTY_VALUE      ; 2            ; Signed Integer              ;
; USE_EAB                 ; ON           ; Untyped                     ;
; MAXIMIZE_SPEED          ; 5            ; Untyped                     ;
; DEVICE_FAMILY           ; Cyclone IV E ; Untyped                     ;
; OPTIMIZE_FOR_SPEED      ; 5            ; Untyped                     ;
; CBXI_PARAMETER          ; scfifo_foa1  ; Untyped                     ;
+-------------------------+--------------+-----------------------------+
Note: In order to hide this table in the UI and the text report file, please set the "Show Parameter Settings in Synthesis Report" option in "Analysis and Synthesis Settings -> More Settings" to "Off".


+------------------------------------------------------+
; scfifo Parameter Settings by Entity Instance         ;
+----------------------------+-------------------------+
; Name                       ; Value                   ;
+----------------------------+-------------------------+
; Number of entity instances ; 1                       ;
; Entity Instance            ; scfifo:scfifo_component ;
;     -- FIFO Type           ; Single Clock            ;
;     -- lpm_width           ; 16                      ;
;     -- LPM_NUMWORDS        ; 256                     ;
;     -- LPM_SHOWAHEAD       ; OFF                     ;
;     -- USE_EAB             ; ON                      ;
+----------------------------+-------------------------+


+-------------------------------+
; Elapsed Time Per Partition    ;
+----------------+--------------+
; Partition Name ; Elapsed Time ;
+----------------+--------------+
; Top            ; 00:00:00     ;
+----------------+--------------+


+-------------------------------+
; Analysis & Synthesis Messages ;
+-------------------------------+
Info: *******************************************************************
Info: Running Quartus II 64-Bit Analysis & Synthesis
    Info: Version 13.0.0 Build 156 04/24/2013 SJ Full Version
    Info: Processing started: Thu Dec 07 23:32:16 2017
Info: Command: quartus_map --read_settings_files=on --write_settings_files=off fifo -c fifo
Info (11104): Parallel Compilation has detected 8 hyper-threaded processors. However, the extra hyper-threaded processors will not be used by default. Parallel Compilation will use 4 of the 4 physical processors detected instead.
Info (12021): Found 1 design units, including 1 entities, in source file ip/mydcfifo.v
    Info (12023): Found entity 1: mydcfifo
Info (12021): Found 1 design units, including 1 entities, in source file ip/myscfifo.v
    Info (12023): Found entity 1: myscfifo
Info (12021): Found 1 design units, including 1 entities, in source file /fpga/ac620/demo_release/book_prj/chapter4/class21_fifo/testbench/mydcfifo_tb.v
    Info (12023): Found entity 1: mydcfifo_tb
Info (12021): Found 1 design units, including 1 entities, in source file /fpga/ac620/demo_release/book_prj/chapter4/class21_fifo/testbench/myscfifo_tb.v
    Info (12023): Found entity 1: myscfifo_tb
Info (12127): Elaborating entity "myscfifo" for the top level hierarchy
Info (12128): Elaborating entity "scfifo" for hierarchy "scfifo:scfifo_component"
Info (12130): Elaborated megafunction instantiation "scfifo:scfifo_component"
Info (12133): Instantiated megafunction "scfifo:scfifo_component" with the following parameter:
    Info (12134): Parameter "add_ram_output_register" = "OFF"
    Info (12134): Parameter "almost_empty_value" = "2"
    Info (12134): Parameter "almost_full_value" = "254"
    Info (12134): Parameter "intended_device_family" = "Cyclone IV E"
    Info (12134): Parameter "lpm_numwords" = "256"
    Info (12134): Parameter "lpm_showahead" = "OFF"
    Info (12134): Parameter "lpm_type" = "scfifo"
    Info (12134): Parameter "lpm_width" = "16"
    Info (12134): Parameter "lpm_widthu" = "8"
    Info (12134): Parameter "overflow_checking" = "ON"
    Info (12134): Parameter "underflow_checking" = "ON"
    Info (12134): Parameter "use_eab" = "ON"
Info (12021): Found 1 design units, including 1 entities, in source file db/scfifo_foa1.tdf
    Info (12023): Found entity 1: scfifo_foa1
Info (12128): Elaborating entity "scfifo_foa1" for hierarchy "scfifo:scfifo_component|scfifo_foa1:auto_generated"
Info (12021): Found 1 design units, including 1 entities, in source file db/a_dpfifo_3u31.tdf
    Info (12023): Found entity 1: a_dpfifo_3u31
Info (12128): Elaborating entity "a_dpfifo_3u31" for hierarchy "scfifo:scfifo_component|scfifo_foa1:auto_generated|a_dpfifo_3u31:dpfifo"
Info (12021): Found 1 design units, including 1 entities, in source file db/a_fefifo_08f.tdf
    Info (12023): Found entity 1: a_fefifo_08f
Info (12128): Elaborating entity "a_fefifo_08f" for hierarchy "scfifo:scfifo_component|scfifo_foa1:auto_generated|a_dpfifo_3u31:dpfifo|a_fefifo_08f:fifo_state"
Info (12021): Found 1 design units, including 1 entities, in source file db/cntr_fo7.tdf
    Info (12023): Found entity 1: cntr_fo7
Info (12128): Elaborating entity "cntr_fo7" for hierarchy "scfifo:scfifo_component|scfifo_foa1:auto_generated|a_dpfifo_3u31:dpfifo|a_fefifo_08f:fifo_state|cntr_fo7:count_usedw"
Info (12021): Found 1 design units, including 1 entities, in source file db/dpram_j811.tdf
    Info (12023): Found entity 1: dpram_j811
Info (12128): Elaborating entity "dpram_j811" for hierarchy "scfifo:scfifo_component|scfifo_foa1:auto_generated|a_dpfifo_3u31:dpfifo|dpram_j811:FIFOram"
Info (12021): Found 1 design units, including 1 entities, in source file db/altsyncram_q3k1.tdf
    Info (12023): Found entity 1: altsyncram_q3k1
Info (12128): Elaborating entity "altsyncram_q3k1" for hierarchy "scfifo:scfifo_component|scfifo_foa1:auto_generated|a_dpfifo_3u31:dpfifo|dpram_j811:FIFOram|altsyncram_q3k1:altsyncram1"
Info (12021): Found 1 design units, including 1 entities, in source file db/cntr_3ob.tdf
    Info (12023): Found entity 1: cntr_3ob
Info (12128): Elaborating entity "cntr_3ob" for hierarchy "scfifo:scfifo_component|scfifo_foa1:auto_generated|a_dpfifo_3u31:dpfifo|cntr_3ob:rd_ptr_count"
Info (286030): Timing-Driven Synthesis is running
Info (16010): Generating hard_block partition "hard_block:auto_generated_inst"
    Info (16011): Adding 0 node(s), including 0 DDIO, 0 PLL, 0 transceiver and 0 LCELL
Info (21057): Implemented 115 device resources after synthesis - the final resource count might be different
    Info (21058): Implemented 20 input pins
    Info (21059): Implemented 28 output pins
    Info (21061): Implemented 51 logic cells
    Info (21064): Implemented 16 RAM segments
Info: Quartus II 64-Bit Analysis & Synthesis was successful. 0 errors, 0 warnings
    Info: Peak virtual memory: 468 megabytes
    Info: Processing ended: Thu Dec 07 23:32:18 2017
    Info: Elapsed time: 00:00:02
    Info: Total CPU time (on all processors): 00:00:02


