
Copyright (C) 1994-2018 Synopsys, Inc.
This Synopsys software and all associated documentation are proprietary to Synopsys, Inc.
and may only be used pursuant to the terms and conditions of a written license agreement
with Synopsys, Inc. All other use, reproduction, modification, or distribution of the
Synopsys software or the associated documentation is strictly prohibited.
Tool: Synplify Pro (R)
Build: N-2018.03G-Beta6
Install: C:\Gowin\1.8\SynplifyPro
OS: Windows 6.2

Hostname: DESKTOP-NJ8P8F8

Implementation : rev_1

# Written on Mon Jul  2 20:11:35 2018

##### DESIGN INFO #######################################################

Top View:                "ao_top_0"
Constraint File(s):      (none)




##### SUMMARY ############################################################

Found 0 issues in 0 out of 0 constraints


##### DETAILS ############################################################



Clock Relationships
*******************

Starting                Ending                  |     rise to rise     |     fall to fall     |     rise to fall     |     fall to rise                     
-----------------------------------------------------------------------------------------------------------------------------------------------------------
ao_top_0|clk_i          ao_top_0|clk_i          |     4.596            |     4.596            |     No paths         |     2.298                            
ao_top_0|clk_i          ao_top_0|control[0]     |     Diff grp         |     No paths         |     No paths         |     Diff grp                         
ao_top_0|control[0]     ao_top_0|clk_i          |     Diff grp         |     No paths         |     No paths         |     No paths                         
ao_top_0|control[0]     ao_top_0|control[0]     |     6.667            |     No paths         |     No paths         |     No paths                         
===========================================================================================================================================================
 Note: 'No paths' indicates there are no paths in the design for that pair of clock edges.
       'Diff grp' indicates that paths exist but the starting clock and ending clock are in different clock groups.


Unconstrained Start/End Points
******************************

p:control[1]
p:control[2]
p:control[3]
p:control[4]
p:control[5]
p:control[6]
p:control[7]
p:control[8]
p:control[9]
p:data_i[0]
p:data_i[1]
p:data_i[2]
p:data_i[3]
p:data_i[4]
p:data_i[5]
p:data_i[6]
p:data_i[7]
p:data_i[8]
p:data_i[9]
p:data_i[10]
p:data_i[11]
p:data_i[12]
p:data_i[13]
p:data_i[14]
p:data_i[15]
p:data_i[16]
p:data_i[17]
p:data_i[18]
p:data_i[19]
p:data_i[20]
p:data_i[21]
p:data_i[22]
p:data_i[23]
p:data_i[24]
p:data_i[25]
p:data_i[26]
p:data_i[27]
p:data_i[28]
p:data_i[29]
p:data_i[30]
p:data_i[31]
p:data_i[32]
p:data_i[33]
p:data_i[34]
p:data_i[35]
p:data_i[36]
p:data_i[37]
p:data_i[38]
p:data_i[39]
p:data_i[40]
p:data_i[41]
p:data_i[42]
p:data_i[43]
p:data_i[44]
p:data_i[45]
p:data_i[46]
p:data_i[47]
p:data_i[48]
p:data_i[49]
p:data_i[50]
p:trig0_i[0]
p:trig0_i[1]
p:trig0_i[2]
p:trig0_i[3]
p:trig0_i[4]
p:trig0_i[5]
p:trig0_i[6]
p:trig0_i[7]
p:trig1_i[0]
p:trig1_i[1]
p:trig1_i[2]
p:trig1_i[3]
p:trig1_i[4]
p:trig1_i[5]
p:trig1_i[6]
p:trig1_i[7]
p:trig1_i[8]
p:trig1_i[9]
p:trig1_i[10]
p:trig1_i[11]
p:trig1_i[12]
p:trig1_i[13]
p:trig1_i[14]
p:trig1_i[15]
p:trig2_i[0]
p:trig2_i[1]
p:trig2_i[2]
p:trig2_i[3]
p:trig2_i[4]
p:trig2_i[5]
p:trig2_i[6]
p:trig2_i[7]
p:trig3_i[0]
p:trig3_i[1]
p:trig3_i[2]
p:trig3_i[3]
p:trig3_i[4]
p:trig3_i[5]
p:trig3_i[6]
p:trig3_i[7]
p:trig3_i[8]
p:trig3_i[9]
p:trig3_i[10]
p:trig3_i[11]
p:trig3_i[12]
p:trig3_i[13]
p:trig3_i[14]
p:trig3_i[15]
p:trig4_i[0]
p:trig4_i[1]
p:trig4_i[2]


Inapplicable constraints
************************

(none)


Applicable constraints with issues
**********************************

(none)


Constraints with matching wildcard expressions
**********************************************

(none)


Library Report
**************


# End of Constraint Checker Report
