# vsim -novopt -c -debugdb -l simulation.log "+UVM_TESTNAME=my_test" top -do "run -all; log -r * " 
# Start time: 11:51:06 on Apr 26,2020
# ** Warning: (vsim-8891) All optimizations are turned off because the -novopt switch is in effect. This will cause your simulation to run very slowly. If you are using this switch to preserve visibility for Debug or PLI features please see the User's Manual section on Preserving Object Visibility with vopt.
# 
# //  Questa Sim-64
# //  Version 10.4e win64 Apr  9 2016
# //
# //  Copyright 1991-2016 Mentor Graphics Corporation
# //  All Rights Reserved.
# //
# //  THIS WORK CONTAINS TRADE SECRET AND PROPRIETARY INFORMATION
# //  WHICH IS THE PROPERTY OF MENTOR GRAPHICS CORPORATION OR ITS
# //  LICENSORS AND IS SUBJECT TO LICENSE TERMS.
# //  THIS DOCUMENT CONTAINS TRADE SECRETS AND COMMERCIAL OR FINANCIAL
# //  INFORMATION THAT ARE PRIVILEGED, CONFIDENTIAL, AND EXEMPT FROM
# //  DISCLOSURE UNDER THE FREEDOM OF INFORMATION ACT, 5 U.S.C. SECTION 552.
# //  FURTHERMORE, THIS INFORMATION IS PROHIBITED FROM DISCLOSURE UNDER
# //  THE TRADE SECRETS ACT, 18 U.S.C. SECTION 1905.
# //
# Refreshing D:/code/c_language/data-struct/uvm_training_lab/labs/lab08-c/work.top
# Refreshing D:/code/c_language/data-struct/uvm_training_lab/labs/lab08-c/work.uvm_pkg_sv_unit
# Refreshing D:/code/c_language/data-struct/uvm_training_lab/labs/lab08-c/work.uvm_pkg
# Loading sv_std.std
# Loading work.uvm_pkg
# Loading work.uvm_pkg_sv_unit
# ** Note: (vsim-8785) UVM-aware debugging capabilities will be disabled since no compiled "questa_uvm_pkg" can be found.
# 
# This also means that later if you turn on UVM-aware debugging your debug simulations may have
# 
# different random seeds from your non-debug simulations.
# 
# Loading work.top
# Refreshing D:/code/c_language/data-struct/uvm_training_lab/labs/lab08-c/work.dut_interface
# Loading work.dut_interface
# Refreshing D:/code/c_language/data-struct/uvm_training_lab/labs/lab08-c/work.router
# Loading work.router
# Refreshing D:/code/c_language/data-struct/uvm_training_lab/labs/lab08-c/work.rtslice
# Loading work.rtslice
# ** Warning: (vsim-3764) my_sequence.sv(14): Stand-alone call to function 'get' treated as implicit void cast.
#    Time: 0 ns  Iteration: 0  Region: /uvm_pkg_sv_unit::my_sequence File: top.sv
# ** Warning: (vsim-8806) ../../uvm-1.1d/src/tlm1/uvm_analysis_port.svh(114): Task "write" is being called in function "write".
#    Time: 0 ns  Iteration: 0  Instance: /top File: top.sv
# ** Note: (vsim-8900) Creating design debug database vsim.dbg.
# 
# It appears vopt was not run with -debugdb option on this design.
# Advanced Causality and Schematic debug features will not be available.
# run -all
# ----------------------------------------------------------------
# UVM-1.1d
# (C) 2007-2013 Mentor Graphics Corporation
# (C) 2007-2013 Cadence Design Systems, Inc.
# (C) 2006-2013 Synopsys, Inc.
# (C) 2011-2013 Cypress Semiconductor Corp.
# ----------------------------------------------------------------
# 
#   ***********       IMPORTANT RELEASE NOTES         ************
# 
#   You are using a version of the UVM library that has been compiled
#   with `UVM_NO_DEPRECATED undefined.
#   See http://www.eda.org/svdb/view.php?id=3313 for more details.
# 
#   You are using a version of the UVM library that has been compiled
#   with `UVM_OBJECT_MUST_HAVE_CONSTRUCTOR undefined.
#   See http://www.eda.org/svdb/view.php?id=3770 for more details.
# 
#       (Specify +UVM_NO_RELNOTES to turn off this notice)
# 
# UVM_INFO ../../uvm-1.1d/src/base/uvm_root.svh(370) @ 0: reporter [NO_DPI_TSTNAME] UVM_NO_DPI defined--getting UVM_TESTNAME directly, without DPI
# UVM_INFO @ 0: reporter [RNTST] Running test my_test...
# UVM_INFO my_env.sv(28) @ 0: uvm_test_top.m_env [COVERAGE_ENABLE] The function coverage is enabled for this testcase
# UVM_INFO my_env.sv(31) @ 0: uvm_test_top.m_env [CHECK_ENABLE] The check function is enabled for this testcase
# pad_cycles = 10
# UVM_INFO my_env.sv(40) @ 0: uvm_test_top.m_env [ENV] Connect the agent and reference model...
# UVM_INFO @ 0: reporter [UVMTOP] UVM testbench topology:
# --------------------------------------------------------------
# Name                       Type                    Size  Value
# --------------------------------------------------------------
# uvm_test_top               my_test                 -     @450 
#   m_env                    my_env                  -     @460 
#     m_agent                master_agent            -     @482 
#       m_a2r_a_port         uvm_analysis_port       -     @490 
#       m_driv               my_driver               -     @649 
#         rsp_port           uvm_analysis_port       -     @666 
#         seq_item_port      uvm_seq_item_pull_port  -     @657 
#       m_moni               my_monitor              -     @675 
#         m2r_a_port         uvm_analysis_port       -     @683 
#       m_seqr               uvm_sequencer           -     @526 
#         rsp_export         uvm_analysis_export     -     @534 
#         seq_item_export    uvm_seq_item_pull_imp   -     @640 
#         arbitration_queue  array                   0     -    
#         lock_queue         array                   0     -    
#         num_last_reqs      integral                32    'd1  
#         num_last_rsps      integral                32    'd1  
#     ref_model              my_reference_model      -     @499 
#       i_m2r_a_imp          uvm_analysis_imp        -     @507 
# --------------------------------------------------------------
# 
# UVM_INFO my_driver.sv(57) @ 290: uvm_test_top.m_env.m_agent.m_driv [DRV_RUN_PHASE] 
# Driver now send the transaction 
# --------------------------------------------------------------------------------------------
# Name                           Type            Size  Value                                  
# --------------------------------------------------------------------------------------------
# tr                             my_transaction  -     @711                                   
#   sa                           integral        4     'hf                                    
#   da                           integral        4     'h0                                    
#   payload                      da(integral)    3     -                                      
#     [0]                        integral        8     'h6c                                   
#     [1]                        integral        8     'hf8                                   
#     [2]                        integral        8     'h8e                                   
#   begin_time                   time            64    290                                    
#   depth                        int             32    'd2                                    
#   parent sequence (name)       string          5     m_seq                                  
#   parent sequence (full name)  string          39    uvm_test_top.m_env.m_agent.m_seqr.m_seq
#   sequencer                    string          33    uvm_test_top.m_env.m_agent.m_seqr      
# --------------------------------------------------------------------------------------------
# 
# UVM_INFO my_monitor.sv(82) @ 1050: uvm_test_top.m_env.m_agent.m_moni [Monitor] 
# Monitor Got An Input Transaction: 
# --------------------------------------
# Name       Type            Size  Value
# --------------------------------------
# tr         my_transaction  -     @707 
#   sa       integral        4     'hf  
#   da       integral        4     'h0  
#   payload  da(integral)    3     -    
#     [0]    integral        8     'h6c 
#     [1]    integral        8     'hf8 
#     [2]    integral        8     'h8e 
# --------------------------------------
# 
# UVM_INFO my_monitor.sv(83) @ 1050: uvm_test_top.m_env.m_agent.m_moni [Monitor] Now monitor send the transaction to the reference model!
# UVM_INFO my_reference_model.sv(18) @ 1050: uvm_test_top.m_env.ref_model [REF_REPORT] 
# master agent have been sent a transaction: 
# --------------------------------------
# Name       Type            Size  Value
# --------------------------------------
# tr         my_transaction  -     @707 
#   sa       integral        4     'hf  
#   da       integral        4     'h0  
#   payload  da(integral)    3     -    
#     [0]    integral        8     'h6c 
#     [1]    integral        8     'hf8 
#     [2]    integral        8     'h8e 
# --------------------------------------
# 
# UVM_INFO my_sequence.sv(31) @ 1050: uvm_test_top.m_env.m_agent.m_seqr@@m_seq [SEQ] 
# Sequence get the response: 
# -----------------------------------------
# Name          Type            Size  Value
# -----------------------------------------
# tr            my_transaction  -     @743 
#   sa          integral        4     'hf  
#   da          integral        4     'h0  
#   payload     da(integral)    3     -    
#     [0]       integral        8     'h6c 
#     [1]       integral        8     'hf8 
#     [2]       integral        8     'h8e 
#   begin_time  time            64    290  
# -----------------------------------------
# 
# UVM_INFO my_driver.sv(57) @ 1050: uvm_test_top.m_env.m_agent.m_driv [DRV_RUN_PHASE] 
# Driver now send the transaction 
# --------------------------------------------------------------------------------------------
# Name                           Type            Size  Value                                  
# --------------------------------------------------------------------------------------------
# tr                             my_transaction  -     @752                                   
#   sa                           integral        4     'hf                                    
#   da                           integral        4     'hd                                    
#   payload                      da(integral)    3     -                                      
#     [0]                        integral        8     'h46                                   
#     [1]                        integral        8     'h60                                   
#     [2]                        integral        8     'hd                                    
#   begin_time                   time            64    1050                                   
#   depth                        int             32    'd2                                    
#   parent sequence (name)       string          5     m_seq                                  
#   parent sequence (full name)  string          39    uvm_test_top.m_env.m_agent.m_seqr.m_seq
#   sequencer                    string          33    uvm_test_top.m_env.m_agent.m_seqr      
# --------------------------------------------------------------------------------------------
# 
# UVM_INFO my_monitor.sv(82) @ 1810: uvm_test_top.m_env.m_agent.m_moni [Monitor] 
# Monitor Got An Input Transaction: 
# --------------------------------------
# Name       Type            Size  Value
# --------------------------------------
# tr         my_transaction  -     @747 
#   sa       integral        4     'hf  
#   da       integral        4     'hd  
#   payload  da(integral)    3     -    
#     [0]    integral        8     'h46 
#     [1]    integral        8     'h60 
#     [2]    integral        8     'hd  
# --------------------------------------
# 
# UVM_INFO my_monitor.sv(83) @ 1810: uvm_test_top.m_env.m_agent.m_moni [Monitor] Now monitor send the transaction to the reference model!
# UVM_INFO my_reference_model.sv(18) @ 1810: uvm_test_top.m_env.ref_model [REF_REPORT] 
# master agent have been sent a transaction: 
# --------------------------------------
# Name       Type            Size  Value
# --------------------------------------
# tr         my_transaction  -     @747 
#   sa       integral        4     'hf  
#   da       integral        4     'hd  
#   payload  da(integral)    3     -    
#     [0]    integral        8     'h46 
#     [1]    integral        8     'h60 
#     [2]    integral        8     'hd  
# --------------------------------------
# 
# UVM_INFO my_sequence.sv(31) @ 1810: uvm_test_top.m_env.m_agent.m_seqr@@m_seq [SEQ] 
# Sequence get the response: 
# -----------------------------------------
# Name          Type            Size  Value
# -----------------------------------------
# tr            my_transaction  -     @760 
#   sa          integral        4     'hf  
#   da          integral        4     'hd  
#   payload     da(integral)    3     -    
#     [0]       integral        8     'h46 
#     [1]       integral        8     'h60 
#     [2]       integral        8     'hd  
#   begin_time  time            64    1050 
# -----------------------------------------
# 
# UVM_INFO my_driver.sv(57) @ 1810: uvm_test_top.m_env.m_agent.m_driv [DRV_RUN_PHASE] 
# Driver now send the transaction 
# --------------------------------------------------------------------------------------------
# Name                           Type            Size  Value                                  
# --------------------------------------------------------------------------------------------
# tr                             my_transaction  -     @768                                   
#   sa                           integral        4     'h2                                    
#   da                           integral        4     'h7                                    
#   payload                      da(integral)    2     -                                      
#     [0]                        integral        8     'hda                                   
#     [1]                        integral        8     'h13                                   
#   begin_time                   time            64    1810                                   
#   depth                        int             32    'd2                                    
#   parent sequence (name)       string          5     m_seq                                  
#   parent sequence (full name)  string          39    uvm_test_top.m_env.m_agent.m_seqr.m_seq
#   sequencer                    string          33    uvm_test_top.m_env.m_agent.m_seqr      
# --------------------------------------------------------------------------------------------
# 
# UVM_INFO my_monitor.sv(82) @ 2410: uvm_test_top.m_env.m_agent.m_moni [Monitor] 
# Monitor Got An Input Transaction: 
# --------------------------------------
# Name       Type            Size  Value
# --------------------------------------
# tr         my_transaction  -     @764 
#   sa       integral        4     'h2  
#   da       integral        4     'h7  
#   payload  da(integral)    2     -    
#     [0]    integral        8     'hda 
#     [1]    integral        8     'h13 
# --------------------------------------
# 
# UVM_INFO my_monitor.sv(83) @ 2410: uvm_test_top.m_env.m_agent.m_moni [Monitor] Now monitor send the transaction to the reference model!
# UVM_INFO my_reference_model.sv(18) @ 2410: uvm_test_top.m_env.ref_model [REF_REPORT] 
# master agent have been sent a transaction: 
# --------------------------------------
# Name       Type            Size  Value
# --------------------------------------
# tr         my_transaction  -     @764 
#   sa       integral        4     'h2  
#   da       integral        4     'h7  
#   payload  da(integral)    2     -    
#     [0]    integral        8     'hda 
#     [1]    integral        8     'h13 
# --------------------------------------
# 
# UVM_INFO my_sequence.sv(31) @ 2410: uvm_test_top.m_env.m_agent.m_seqr@@m_seq [SEQ] 
# Sequence get the response: 
# -----------------------------------------
# Name          Type            Size  Value
# -----------------------------------------
# tr            my_transaction  -     @776 
#   sa          integral        4     'h2  
#   da          integral        4     'h7  
#   payload     da(integral)    2     -    
#     [0]       integral        8     'hda 
#     [1]       integral        8     'h13 
#   begin_time  time            64    1810 
# -----------------------------------------
# 
# UVM_INFO my_driver.sv(57) @ 2410: uvm_test_top.m_env.m_agent.m_driv [DRV_RUN_PHASE] 
# Driver now send the transaction 
# --------------------------------------------------------------------------------------------
# Name                           Type            Size  Value                                  
# --------------------------------------------------------------------------------------------
# tr                             my_transaction  -     @784                                   
#   sa                           integral        4     'hb                                    
#   da                           integral        4     'h3                                    
#   payload                      da(integral)    2     -                                      
#     [0]                        integral        8     'he0                                   
#     [1]                        integral        8     'hc5                                   
#   begin_time                   time            64    2410                                   
#   depth                        int             32    'd2                                    
#   parent sequence (name)       string          5     m_seq                                  
#   parent sequence (full name)  string          39    uvm_test_top.m_env.m_agent.m_seqr.m_seq
#   sequencer                    string          33    uvm_test_top.m_env.m_agent.m_seqr      
# --------------------------------------------------------------------------------------------
# 
# UVM_INFO my_monitor.sv(82) @ 3010: uvm_test_top.m_env.m_agent.m_moni [Monitor] 
# Monitor Got An Input Transaction: 
# --------------------------------------
# Name       Type            Size  Value
# --------------------------------------
# tr         my_transaction  -     @780 
#   sa       integral        4     'hb  
#   da       integral        4     'h3  
#   payload  da(integral)    2     -    
#     [0]    integral        8     'he0 
#     [1]    integral        8     'hc5 
# --------------------------------------
# 
# UVM_INFO my_monitor.sv(83) @ 3010: uvm_test_top.m_env.m_agent.m_moni [Monitor] Now monitor send the transaction to the reference model!
# UVM_INFO my_reference_model.sv(18) @ 3010: uvm_test_top.m_env.ref_model [REF_REPORT] 
# master agent have been sent a transaction: 
# --------------------------------------
# Name       Type            Size  Value
# --------------------------------------
# tr         my_transaction  -     @780 
#   sa       integral        4     'hb  
#   da       integral        4     'h3  
#   payload  da(integral)    2     -    
#     [0]    integral        8     'he0 
#     [1]    integral        8     'hc5 
# --------------------------------------
# 
# UVM_INFO my_sequence.sv(31) @ 3010: uvm_test_top.m_env.m_agent.m_seqr@@m_seq [SEQ] 
# Sequence get the response: 
# -----------------------------------------
# Name          Type            Size  Value
# -----------------------------------------
# tr            my_transaction  -     @792 
#   sa          integral        4     'hb  
#   da          integral        4     'h3  
#   payload     da(integral)    2     -    
#     [0]       integral        8     'he0 
#     [1]       integral        8     'hc5 
#   begin_time  time            64    2410 
# -----------------------------------------
# 
# UVM_INFO my_driver.sv(57) @ 3010: uvm_test_top.m_env.m_agent.m_driv [DRV_RUN_PHASE] 
# Driver now send the transaction 
# --------------------------------------------------------------------------------------------
# Name                           Type            Size  Value                                  
# --------------------------------------------------------------------------------------------
# tr                             my_transaction  -     @800                                   
#   sa                           integral        4     'hf                                    
#   da                           integral        4     'h9                                    
#   payload                      da(integral)    3     -                                      
#     [0]                        integral        8     'hd6                                   
#     [1]                        integral        8     'h40                                   
#     [2]                        integral        8     'ha8                                   
#   begin_time                   time            64    3010                                   
#   depth                        int             32    'd2                                    
#   parent sequence (name)       string          5     m_seq                                  
#   parent sequence (full name)  string          39    uvm_test_top.m_env.m_agent.m_seqr.m_seq
#   sequencer                    string          33    uvm_test_top.m_env.m_agent.m_seqr      
# --------------------------------------------------------------------------------------------
# 
# UVM_INFO my_monitor.sv(82) @ 3770: uvm_test_top.m_env.m_agent.m_moni [Monitor] 
# Monitor Got An Input Transaction: 
# --------------------------------------
# Name       Type            Size  Value
# --------------------------------------
# tr         my_transaction  -     @796 
#   sa       integral        4     'hf  
#   da       integral        4     'h9  
#   payload  da(integral)    3     -    
#     [0]    integral        8     'hd6 
#     [1]    integral        8     'h40 
#     [2]    integral        8     'ha8 
# --------------------------------------
# 
# UVM_INFO my_monitor.sv(83) @ 3770: uvm_test_top.m_env.m_agent.m_moni [Monitor] Now monitor send the transaction to the reference model!
# UVM_INFO my_reference_model.sv(18) @ 3770: uvm_test_top.m_env.ref_model [REF_REPORT] 
# master agent have been sent a transaction: 
# --------------------------------------
# Name       Type            Size  Value
# --------------------------------------
# tr         my_transaction  -     @796 
#   sa       integral        4     'hf  
#   da       integral        4     'h9  
#   payload  da(integral)    3     -    
#     [0]    integral        8     'hd6 
#     [1]    integral        8     'h40 
#     [2]    integral        8     'ha8 
# --------------------------------------
# 
# UVM_INFO my_sequence.sv(31) @ 3770: uvm_test_top.m_env.m_agent.m_seqr@@m_seq [SEQ] 
# Sequence get the response: 
# -----------------------------------------
# Name          Type            Size  Value
# -----------------------------------------
# tr            my_transaction  -     @808 
#   sa          integral        4     'hf  
#   da          integral        4     'h9  
#   payload     da(integral)    3     -    
#     [0]       integral        8     'hd6 
#     [1]       integral        8     'h40 
#     [2]       integral        8     'ha8 
#   begin_time  time            64    3010 
# -----------------------------------------
# 
# UVM_INFO my_driver.sv(57) @ 3770: uvm_test_top.m_env.m_agent.m_driv [DRV_RUN_PHASE] 
# Driver now send the transaction 
# --------------------------------------------------------------------------------------------
# Name                           Type            Size  Value                                  
# --------------------------------------------------------------------------------------------
# tr                             my_transaction  -     @816                                   
#   sa                           integral        4     'hf                                    
#   da                           integral        4     'h5                                    
#   payload                      da(integral)    4     -                                      
#     [0]                        integral        8     'h8f                                   
#     [1]                        integral        8     'h5e                                   
#     [2]                        integral        8     'h2d                                   
#     [3]                        integral        8     'he9                                   
#   begin_time                   time            64    3770                                   
#   depth                        int             32    'd2                                    
#   parent sequence (name)       string          5     m_seq                                  
#   parent sequence (full name)  string          39    uvm_test_top.m_env.m_agent.m_seqr.m_seq
#   sequencer                    string          33    uvm_test_top.m_env.m_agent.m_seqr      
# --------------------------------------------------------------------------------------------
# 
# UVM_INFO my_monitor.sv(82) @ 4690: uvm_test_top.m_env.m_agent.m_moni [Monitor] 
# Monitor Got An Input Transaction: 
# --------------------------------------
# Name       Type            Size  Value
# --------------------------------------
# tr         my_transaction  -     @812 
#   sa       integral        4     'hf  
#   da       integral        4     'h5  
#   payload  da(integral)    4     -    
#     [0]    integral        8     'h8f 
#     [1]    integral        8     'h5e 
#     [2]    integral        8     'h2d 
#     [3]    integral        8     'he9 
# --------------------------------------
# 
# UVM_INFO my_monitor.sv(83) @ 4690: uvm_test_top.m_env.m_agent.m_moni [Monitor] Now monitor send the transaction to the reference model!
# UVM_INFO my_reference_model.sv(18) @ 4690: uvm_test_top.m_env.ref_model [REF_REPORT] 
# master agent have been sent a transaction: 
# --------------------------------------
# Name       Type            Size  Value
# --------------------------------------
# tr         my_transaction  -     @812 
#   sa       integral        4     'hf  
#   da       integral        4     'h5  
#   payload  da(integral)    4     -    
#     [0]    integral        8     'h8f 
#     [1]    integral        8     'h5e 
#     [2]    integral        8     'h2d 
#     [3]    integral        8     'he9 
# --------------------------------------
# 
# UVM_INFO my_sequence.sv(31) @ 4690: uvm_test_top.m_env.m_agent.m_seqr@@m_seq [SEQ] 
# Sequence get the response: 
# -----------------------------------------
# Name          Type            Size  Value
# -----------------------------------------
# tr            my_transaction  -     @824 
#   sa          integral        4     'hf  
#   da          integral        4     'h5  
#   payload     da(integral)    4     -    
#     [0]       integral        8     'h8f 
#     [1]       integral        8     'h5e 
#     [2]       integral        8     'h2d 
#     [3]       integral        8     'he9 
#   begin_time  time            64    3770 
# -----------------------------------------
# 
# UVM_INFO my_driver.sv(57) @ 4690: uvm_test_top.m_env.m_agent.m_driv [DRV_RUN_PHASE] 
# Driver now send the transaction 
# --------------------------------------------------------------------------------------------
# Name                           Type            Size  Value                                  
# --------------------------------------------------------------------------------------------
# tr                             my_transaction  -     @832                                   
#   sa                           integral        4     'h1                                    
#   da                           integral        4     'h4                                    
#   payload                      da(integral)    3     -                                      
#     [0]                        integral        8     'h7b                                   
#     [1]                        integral        8     'hd0                                   
#     [2]                        integral        8     'h3f                                   
#   begin_time                   time            64    4690                                   
#   depth                        int             32    'd2                                    
#   parent sequence (name)       string          5     m_seq                                  
#   parent sequence (full name)  string          39    uvm_test_top.m_env.m_agent.m_seqr.m_seq
#   sequencer                    string          33    uvm_test_top.m_env.m_agent.m_seqr      
# --------------------------------------------------------------------------------------------
# 
# UVM_INFO my_monitor.sv(82) @ 5450: uvm_test_top.m_env.m_agent.m_moni [Monitor] 
# Monitor Got An Input Transaction: 
# --------------------------------------
# Name       Type            Size  Value
# --------------------------------------
# tr         my_transaction  -     @828 
#   sa       integral        4     'h1  
#   da       integral        4     'h4  
#   payload  da(integral)    3     -    
#     [0]    integral        8     'h7b 
#     [1]    integral        8     'hd0 
#     [2]    integral        8     'h3f 
# --------------------------------------
# 
# UVM_INFO my_monitor.sv(83) @ 5450: uvm_test_top.m_env.m_agent.m_moni [Monitor] Now monitor send the transaction to the reference model!
# UVM_INFO my_reference_model.sv(18) @ 5450: uvm_test_top.m_env.ref_model [REF_REPORT] 
# master agent have been sent a transaction: 
# --------------------------------------
# Name       Type            Size  Value
# --------------------------------------
# tr         my_transaction  -     @828 
#   sa       integral        4     'h1  
#   da       integral        4     'h4  
#   payload  da(integral)    3     -    
#     [0]    integral        8     'h7b 
#     [1]    integral        8     'hd0 
#     [2]    integral        8     'h3f 
# --------------------------------------
# 
# UVM_INFO my_sequence.sv(31) @ 5450: uvm_test_top.m_env.m_agent.m_seqr@@m_seq [SEQ] 
# Sequence get the response: 
# -----------------------------------------
# Name          Type            Size  Value
# -----------------------------------------
# tr            my_transaction  -     @840 
#   sa          integral        4     'h1  
#   da          integral        4     'h4  
#   payload     da(integral)    3     -    
#     [0]       integral        8     'h7b 
#     [1]       integral        8     'hd0 
#     [2]       integral        8     'h3f 
#   begin_time  time            64    4690 
# -----------------------------------------
# 
# UVM_INFO my_driver.sv(57) @ 5450: uvm_test_top.m_env.m_agent.m_driv [DRV_RUN_PHASE] 
# Driver now send the transaction 
# --------------------------------------------------------------------------------------------
# Name                           Type            Size  Value                                  
# --------------------------------------------------------------------------------------------
# tr                             my_transaction  -     @848                                   
#   sa                           integral        4     'h5                                    
#   da                           integral        4     'h5                                    
#   payload                      da(integral)    4     -                                      
#     [0]                        integral        8     'hd3                                   
#     [1]                        integral        8     'hcd                                   
#     [2]                        integral        8     'h3e                                   
#     [3]                        integral        8     'h44                                   
#   begin_time                   time            64    5450                                   
#   depth                        int             32    'd2                                    
#   parent sequence (name)       string          5     m_seq                                  
#   parent sequence (full name)  string          39    uvm_test_top.m_env.m_agent.m_seqr.m_seq
#   sequencer                    string          33    uvm_test_top.m_env.m_agent.m_seqr      
# --------------------------------------------------------------------------------------------
# 
# UVM_INFO my_monitor.sv(82) @ 6370: uvm_test_top.m_env.m_agent.m_moni [Monitor] 
# Monitor Got An Input Transaction: 
# --------------------------------------
# Name       Type            Size  Value
# --------------------------------------
# tr         my_transaction  -     @844 
#   sa       integral        4     'h5  
#   da       integral        4     'h5  
#   payload  da(integral)    4     -    
#     [0]    integral        8     'hd3 
#     [1]    integral        8     'hcd 
#     [2]    integral        8     'h3e 
#     [3]    integral        8     'h44 
# --------------------------------------
# 
# UVM_INFO my_monitor.sv(83) @ 6370: uvm_test_top.m_env.m_agent.m_moni [Monitor] Now monitor send the transaction to the reference model!
# UVM_INFO my_reference_model.sv(18) @ 6370: uvm_test_top.m_env.ref_model [REF_REPORT] 
# master agent have been sent a transaction: 
# --------------------------------------
# Name       Type            Size  Value
# --------------------------------------
# tr         my_transaction  -     @844 
#   sa       integral        4     'h5  
#   da       integral        4     'h5  
#   payload  da(integral)    4     -    
#     [0]    integral        8     'hd3 
#     [1]    integral        8     'hcd 
#     [2]    integral        8     'h3e 
#     [3]    integral        8     'h44 
# --------------------------------------
# 
# UVM_INFO my_sequence.sv(31) @ 6370: uvm_test_top.m_env.m_agent.m_seqr@@m_seq [SEQ] 
# Sequence get the response: 
# -----------------------------------------
# Name          Type            Size  Value
# -----------------------------------------
# tr            my_transaction  -     @856 
#   sa          integral        4     'h5  
#   da          integral        4     'h5  
#   payload     da(integral)    4     -    
#     [0]       integral        8     'hd3 
#     [1]       integral        8     'hcd 
#     [2]       integral        8     'h3e 
#     [3]       integral        8     'h44 
#   begin_time  time            64    5450 
# -----------------------------------------
# 
# UVM_INFO my_driver.sv(57) @ 6370: uvm_test_top.m_env.m_agent.m_driv [DRV_RUN_PHASE] 
# Driver now send the transaction 
# --------------------------------------------------------------------------------------------
# Name                           Type            Size  Value                                  
# --------------------------------------------------------------------------------------------
# tr                             my_transaction  -     @864                                   
#   sa                           integral        4     'h9                                    
#   da                           integral        4     'ha                                    
#   payload                      da(integral)    4     -                                      
#     [0]                        integral        8     'h27                                   
#     [1]                        integral        8     'hbe                                   
#     [2]                        integral        8     'h24                                   
#     [3]                        integral        8     'he7                                   
#   begin_time                   time            64    6370                                   
#   depth                        int             32    'd2                                    
#   parent sequence (name)       string          5     m_seq                                  
#   parent sequence (full name)  string          39    uvm_test_top.m_env.m_agent.m_seqr.m_seq
#   sequencer                    string          33    uvm_test_top.m_env.m_agent.m_seqr      
# --------------------------------------------------------------------------------------------
# 
# UVM_INFO my_monitor.sv(82) @ 7290: uvm_test_top.m_env.m_agent.m_moni [Monitor] 
# Monitor Got An Input Transaction: 
# --------------------------------------
# Name       Type            Size  Value
# --------------------------------------
# tr         my_transaction  -     @860 
#   sa       integral        4     'h9  
#   da       integral        4     'ha  
#   payload  da(integral)    4     -    
#     [0]    integral        8     'h27 
#     [1]    integral        8     'hbe 
#     [2]    integral        8     'h24 
#     [3]    integral        8     'he7 
# --------------------------------------
# 
# UVM_INFO my_monitor.sv(83) @ 7290: uvm_test_top.m_env.m_agent.m_moni [Monitor] Now monitor send the transaction to the reference model!
# UVM_INFO my_reference_model.sv(18) @ 7290: uvm_test_top.m_env.ref_model [REF_REPORT] 
# master agent have been sent a transaction: 
# --------------------------------------
# Name       Type            Size  Value
# --------------------------------------
# tr         my_transaction  -     @860 
#   sa       integral        4     'h9  
#   da       integral        4     'ha  
#   payload  da(integral)    4     -    
#     [0]    integral        8     'h27 
#     [1]    integral        8     'hbe 
#     [2]    integral        8     'h24 
#     [3]    integral        8     'he7 
# --------------------------------------
# 
# UVM_INFO my_sequence.sv(31) @ 7290: uvm_test_top.m_env.m_agent.m_seqr@@m_seq [SEQ] 
# Sequence get the response: 
# -----------------------------------------
# Name          Type            Size  Value
# -----------------------------------------
# tr            my_transaction  -     @872 
#   sa          integral        4     'h9  
#   da          integral        4     'ha  
#   payload     da(integral)    4     -    
#     [0]       integral        8     'h27 
#     [1]       integral        8     'hbe 
#     [2]       integral        8     'h24 
#     [3]       integral        8     'he7 
#   begin_time  time            64    6370 
# -----------------------------------------
# 
# UVM_INFO my_driver.sv(57) @ 7290: uvm_test_top.m_env.m_agent.m_driv [DRV_RUN_PHASE] 
# Driver now send the transaction 
# --------------------------------------------------------------------------------------------
# Name                           Type            Size  Value                                  
# --------------------------------------------------------------------------------------------
# tr                             my_transaction  -     @880                                   
#   sa                           integral        4     'he                                    
#   da                           integral        4     'h8                                    
#   payload                      da(integral)    3     -                                      
#     [0]                        integral        8     'h13                                   
#     [1]                        integral        8     'h52                                   
#     [2]                        integral        8     'hf5                                   
#   begin_time                   time            64    7290                                   
#   depth                        int             32    'd2                                    
#   parent sequence (name)       string          5     m_seq                                  
#   parent sequence (full name)  string          39    uvm_test_top.m_env.m_agent.m_seqr.m_seq
#   sequencer                    string          33    uvm_test_top.m_env.m_agent.m_seqr      
# --------------------------------------------------------------------------------------------
# 
# UVM_INFO my_monitor.sv(82) @ 8050: uvm_test_top.m_env.m_agent.m_moni [Monitor] 
# Monitor Got An Input Transaction: 
# --------------------------------------
# Name       Type            Size  Value
# --------------------------------------
# tr         my_transaction  -     @876 
#   sa       integral        4     'he  
#   da       integral        4     'h8  
#   payload  da(integral)    3     -    
#     [0]    integral        8     'h13 
#     [1]    integral        8     'h52 
#     [2]    integral        8     'hf5 
# --------------------------------------
# 
# UVM_INFO my_monitor.sv(83) @ 8050: uvm_test_top.m_env.m_agent.m_moni [Monitor] Now monitor send the transaction to the reference model!
# UVM_INFO my_reference_model.sv(18) @ 8050: uvm_test_top.m_env.ref_model [REF_REPORT] 
# master agent have been sent a transaction: 
# --------------------------------------
# Name       Type            Size  Value
# --------------------------------------
# tr         my_transaction  -     @876 
#   sa       integral        4     'he  
#   da       integral        4     'h8  
#   payload  da(integral)    3     -    
#     [0]    integral        8     'h13 
#     [1]    integral        8     'h52 
#     [2]    integral        8     'hf5 
# --------------------------------------
# 
# UVM_INFO my_sequence.sv(31) @ 8050: uvm_test_top.m_env.m_agent.m_seqr@@m_seq [SEQ] 
# Sequence get the response: 
# -----------------------------------------
# Name          Type            Size  Value
# -----------------------------------------
# tr            my_transaction  -     @888 
#   sa          integral        4     'he  
#   da          integral        4     'h8  
#   payload     da(integral)    3     -    
#     [0]       integral        8     'h13 
#     [1]       integral        8     'h52 
#     [2]       integral        8     'hf5 
#   begin_time  time            64    7290 
# -----------------------------------------
# 
# UVM_INFO ../../uvm-1.1d/src/base/uvm_objection.svh(1268) @ 8150: reporter [TEST_DONE] 'run' phase is ready to proceed to the 'extract' phase
# 
# --- UVM Report Summary ---
# 
# ** Report counts by severity
# UVM_INFO :   57
# UVM_WARNING :    0
# UVM_ERROR :    0
# UVM_FATAL :    0
# ** Report counts by id
# [CHECK_ENABLE]     1
# [COVERAGE_ENABLE]     1
# [DRV_RUN_PHASE]    10
# [ENV]     1
# [Monitor]    20
# [NO_DPI_TSTNAME]     1
# [REF_REPORT]    10
# [RNTST]     1
# [SEQ]    10
# [TEST_DONE]     1
# [UVMTOP]     1
# ** Note: $finish    : ../../uvm-1.1d/src/base/uvm_root.svh(430)
#    Time: 8150 ns  Iteration: 59  Instance: /top
# End time: 11:51:21 on Apr 26,2020, Elapsed time: 0:00:15
# Errors: 0, Warnings: 3
