Command: ./simv -l run.log -assert filter+success
Chronologic VCS simulator copyright 1991-2004
Contains Synopsys proprietary information.
Compiler version 7.2R16; Runtime version 7.2R16;  Apr 20 10:00 2005

"pci_target_assertions.sva", 48: pci_target.u1.a_tchk1: No attempt started
"pci_target_assertions.sva", 49: pci_target.u1.c_tchk1: No attempt started
"pci_target_assertions.sva", 61: pci_target.u1.a_tchk2: No attempt started
"pci_target_assertions.sva", 62: pci_target.u1.c_tchk2: No attempt started
"pci_target_assertions.sva", 71: pci_target.u1.a_tchk3: No attempt started
"pci_target_assertions.sva", 72: pci_target.u1.c_tchk3: No attempt started
"pci_target_assertions.sva", 84: pci_target.u1.a_tchk5b: No attempt started
"pci_target_assertions.sva", 85: pci_target.u1.c_tchk5b: No attempt started
"pci_target_assertions.sva", 110: pci_target.u1.a_tchk6: No attempt started
"pci_target_assertions.sva", 111: pci_target.u1.c_tchk6: No attempt started
"pci_target_assertions.sva", 124: pci_target.u1.a_tchk6_1: No attempt started
"pci_target_assertions.sva", 125: pci_target.u1.c_tchk6_1: No attempt started
"pci_target_assertions.sva", 146: pci_target.u1.a_tchk7: No attempt started
"pci_target_assertions.sva", 147: pci_target.u1.c_tchk7: No attempt started
"pci_target_assertions.sva", 159: pci_target.u1.a_tchk8: No attempt started
"pci_target_assertions.sva", 160: pci_target.u1.c_tchk8: No attempt started
"pci_target_assertions.sva", 192: pci_target.u1.a_tchk9_fast: No attempt started
"pci_target_assertions.sva", 193: pci_target.u1.c_tchk9_fast: No attempt started
"pci_target_assertions.sva", 199: pci_target.u1.a_tchk9_medium: No attempt started
"pci_target_assertions.sva", 200: pci_target.u1.c_tchk9_medium: No attempt started
"pci_target_assertions.sva", 206: pci_target.u1.a_tchk9_slow: No attempt started
"pci_target_assertions.sva", 207: pci_target.u1.c_tchk9_slow: No attempt started
"pci_target_assertions.sva", 213: pci_target.u1.a_tchk9_subtractive: No attempt started
"pci_target_assertions.sva", 214: pci_target.u1.c_tchk9_subtractive: No attempt started
"pci_target_assertions.sva", 222: pci_target.u1.a_tchk10: No attempt started
"pci_target_assertions.sva", 223: pci_target.u1.c_tchk10: No attempt started
"pci_target_assertions.sva", 243: pci_target.u1.a_tchk11: No attempt started
"pci_target_assertions.sva", 244: pci_target.u1.c_tchk11: No attempt started
"pci_target_assertions.sva", 269: pci_target.u1.a_tchk12: No attempt started
"pci_target_assertions.sva", 270: pci_target.u1.c_tchk12: No attempt started
"pci_target_assertions.sva", 289: pci_target.u1.a_tchk13: No attempt started
"pci_target_assertions.sva", 290: pci_target.u1.c_tchk13: No attempt started
"pci_target_assertions.sva", 305: pci_target.u1.c_tcov1: No attempt started
"pci_target_assertions.sva", 311: pci_target.u1.c_tcov2: No attempt started
"pci_target_assertions.sva", 317: pci_target.u1.c_tcov3: No attempt started
"pci_target_assertions.sva", 323: pci_target.u1.c_tcov4: No attempt started
"pci_target_assertions.sva", 49: pci_target.u1.c_tchk1, 0 attempts, 0 match, 0 vacuous match
"pci_target_assertions.sva", 62: pci_target.u1.c_tchk2, 0 attempts, 0 match, 0 vacuous match
"pci_target_assertions.sva", 72: pci_target.u1.c_tchk3, 0 attempts, 0 match, 0 vacuous match
"pci_target_assertions.sva", 85: pci_target.u1.c_tchk5b, 0 attempts, 0 match, 0 vacuous match
"pci_target_assertions.sva", 111: pci_target.u1.c_tchk6, 0 attempts, 0 match, 0 vacuous match
"pci_target_assertions.sva", 125: pci_target.u1.c_tchk6_1, 0 attempts, 0 match, 0 vacuous match
"pci_target_assertions.sva", 147: pci_target.u1.c_tchk7, 0 attempts, 0 match, 0 vacuous match
"pci_target_assertions.sva", 160: pci_target.u1.c_tchk8, 0 attempts, 0 match, 0 vacuous match
"pci_target_assertions.sva", 193: pci_target.u1.c_tchk9_fast, 0 attempts, 0 match, 0 vacuous match
"pci_target_assertions.sva", 200: pci_target.u1.c_tchk9_medium, 0 attempts, 0 match, 0 vacuous match
"pci_target_assertions.sva", 207: pci_target.u1.c_tchk9_slow, 0 attempts, 0 match, 0 vacuous match
"pci_target_assertions.sva", 214: pci_target.u1.c_tchk9_subtractive, 0 attempts, 0 match, 0 vacuous match
"pci_target_assertions.sva", 223: pci_target.u1.c_tchk10, 0 attempts, 0 match, 0 vacuous match
"pci_target_assertions.sva", 244: pci_target.u1.c_tchk11, 0 attempts, 0 match, 0 vacuous match
"pci_target_assertions.sva", 270: pci_target.u1.c_tchk12, 0 attempts, 0 match, 0 vacuous match
"pci_target_assertions.sva", 290: pci_target.u1.c_tchk13, 0 attempts, 0 match, 0 vacuous match
"pci_target_assertions.sva", 305: pci_target.u1.c_tcov1, 0 attempts, 0 match, 0 vacuous match
"pci_target_assertions.sva", 311: pci_target.u1.c_tcov2, 0 attempts, 0 match, 0 vacuous match
"pci_target_assertions.sva", 317: pci_target.u1.c_tcov3, 0 attempts, 0 match, 0 vacuous match
"pci_target_assertions.sva", 323: pci_target.u1.c_tcov4, 0 attempts, 0 match, 0 vacuous match
           V C S   S i m u l a t i o n   R e p o r t 
Time: 0
CPU Time:      0.030 seconds;       Data structure size:   0.0Mb
Wed Apr 20 10:00:40 2005
