D:\CODE\C_LANGUAGE\DATA-STRUCT\C_PLUS_PLUS\CONSOLEAPPLICATION1\CONSOLEAPPLICATION1\RELEASE\CONSOLEAPPLICATION1.PCH
D:\CODE\C_LANGUAGE\DATA-STRUCT\C_PLUS_PLUS\CONSOLEAPPLICATION1\CONSOLEAPPLICATION1\RELEASE\STDAFX.OBJ
D:\CODE\C_LANGUAGE\DATA-STRUCT\C_PLUS_PLUS\CONSOLEAPPLICATION1\CONSOLEAPPLICATION1\RELEASE\VC110.PDB
D:\CODE\C_LANGUAGE\DATA-STRUCT\C_PLUS_PLUS\CONSOLEAPPLICATION1\CONSOLEAPPLICATION1\RELEASE\CONSOLEAPPLICATION1.OBJ
D:\CODE\C_LANGUAGE\DATA-STRUCT\C_PLUS_PLUS\CONSOLEAPPLICATION1\RELEASE\CONSOLEAPPLICATION1.EXE
D:\CODE\C_LANGUAGE\DATA-STRUCT\C_PLUS_PLUS\CONSOLEAPPLICATION1\RELEASE\CONSOLEAPPLICATION1.PDB
D:\code\c_language\data-struct\c_plus_plus\ConsoleApplication1\ConsoleApplication1\Release\ConsoleApplication1.obj
D:\code\c_language\data-struct\c_plus_plus\ConsoleApplication1\ConsoleApplication1\Release\stdafx.obj
D:\code\c_language\data-struct\c_plus_plus\ConsoleApplication1\ConsoleApplication1\Release\cl.command.1.tlog
D:\code\c_language\data-struct\c_plus_plus\ConsoleApplication1\ConsoleApplication1\Release\CL.read.1.tlog
D:\code\c_language\data-struct\c_plus_plus\ConsoleApplication1\ConsoleApplication1\Release\CL.write.1.tlog
D:\code\c_language\data-struct\c_plus_plus\ConsoleApplication1\ConsoleApplication1\Release\link-cvtres.read.1.tlog
D:\code\c_language\data-struct\c_plus_plus\ConsoleApplication1\ConsoleApplication1\Release\link-cvtres.write.1.tlog
D:\code\c_language\data-struct\c_plus_plus\ConsoleApplication1\ConsoleApplication1\Release\link-rc.read.1.tlog
D:\code\c_language\data-struct\c_plus_plus\ConsoleApplication1\ConsoleApplication1\Release\link-rc.write.1.tlog
D:\code\c_language\data-struct\c_plus_plus\ConsoleApplication1\ConsoleApplication1\Release\link.command.1.tlog
D:\code\c_language\data-struct\c_plus_plus\ConsoleApplication1\ConsoleApplication1\Release\link.read.1.tlog
D:\code\c_language\data-struct\c_plus_plus\ConsoleApplication1\ConsoleApplication1\Release\link.write.1.tlog
D:\code\c_language\data-struct\c_plus_plus\ConsoleApplication1\ConsoleApplication1\Release\ConsoleApplication1.pch
D:\code\c_language\data-struct\c_plus_plus\ConsoleApplication1\ConsoleApplication1\Release\vc110.pdb
D:\code\c_language\data-struct\c_plus_plus\ConsoleApplication1\Release\ConsoleApplication1.pdb
D:\code\c_language\data-struct\c_plus_plus\ConsoleApplication1\Release\ConsoleApplication1.exe
