Command: vcs bus_arbiter.v glue.v master_bfm.v target_bfm.v tb.v -sverilog -PP -assert \
enable_diag -cm assert +define+master1_blk_chk -l compile.log
                         Chronologic VCS (TM)
           Version X-2005.06-B -- Thu Apr 14 08:37:15 2005
               Copyright (c) 1991-2005 by Synopsys Inc.
                         ALL RIGHTS RESERVED

This program is proprietary and confidential information of Synopsys Inc.
and may be used and disclosed only as authorized in a license agreement
controlling such use and disclosure.

***** Warning: ACC/CLI capabilities have been enabled for the entire design.
      For faster performance enable module specific capability in pli.tab file
Parsing design file 'bus_arbiter.v'
Parsing design file 'glue.v'
Parsing design file 'master_bfm.v'
Parsing design file 'target_bfm.v'
Parsing design file 'tb.v'
Top Level Modules:
       tb
No TimeScale specified
VCS Coverage Metrics Release X-2005.06-B Copyright (c) 2003 by Synopsys, Inc.
Starting vcs inline pass...
3 modules and 0 UDP read.
recompiling module master_bfm because:
	Module parameters have been changed via defparam.
	Assertion file changed or assertion compile time options changed.
recompiling module target_bfm because:
	Module parameters have been changed via defparam.
	Assertion file changed or assertion compile time options changed.
recompiling module tb because:
	This module or some inlined child module(s) has/have been modified.
All of 3 modules done
if [ -x ../simv ]; then chmod -x ../simv; fi
gcc   -o ../simv  5NrI_d.o 5NrIB_d.o vnDO_1_d.o E0VK_1_d.o jUh1_1_d.o SIM_l.o   /build/SCRATCH_agni/ugaira/X-2005.06-B/VCS/Linux/vcsX-2005.06-B/gui/virsim/linux/vcdplus/vcs7_2/libvirsim.a \
/build/SCRATCH_agni/ugaira/X-2005.06-B/VCS/Linux/vcsX-2005.06-B/linux/lib/libcm_vcsd.a \
-L/build/SCRATCH_agni/ugaira/X-2005.06-B/VCS/Linux/vcsX-2005.06-B/linux/lib -lBA \
/build/SCRATCH_agni/ugaira/X-2005.06-B/VCS/Linux/vcsX-2005.06-B/linux/lib/libvcsnew.so \
/build/SCRATCH_agni/ugaira/X-2005.06-B/VCS/Linux/vcsX-2005.06-B/linux/lib/ctype-stubs_32.a \
-ldl -lm  -lc -ldl    
/build/SCRATCH_agni/ugaira/X-2005.06-B/VCS/Linux/vcsX-2005.06-B/linux/lib/libcm_vcsd.a(cm-vcsd.o)(.text+0x76062): \
In function `TJ3n_1':
: `sys_errlist' is deprecated; use `strerror' or `strerror_r' instead
/build/SCRATCH_agni/ugaira/X-2005.06-B/VCS/Linux/vcsX-2005.06-B/linux/lib/libcm_vcsd.a(cm-vcsd.o)(.text+0x76052): \
In function `TJ3n_1':
: `sys_nerr' is deprecated; use `strerror' or `strerror_r' instead
../simv up to date
CPU time: 1.270 seconds to compile + .420 seconds to link
