One matching license found for this product: synplifypro_gowin
NOTE:  This version of the software is not a production release. No warranty is made as to the general availability of features and functionality included in this version or described in the accompanying documentation. The final contents of a production release and its timing remain at the sole discretion of Synopsys.

Starting:    C:\Gowin\1.8\SynplifyPro\bin64\mbin\synbatch.exe
Install:     C:\Gowin\1.8\SynplifyPro
Hostname:    DESKTOP-NJ8P8F8
Date:        Mon Jul  2 20:17:32 2018
Version:     N-2018.03G-Beta6

Arguments:   -product synplify_pro -batch G:/gowin_test/DBSTAR_RGMII/par/fpga_project_1/impl/synthesize/fpga_project_1.prj
ProductType: synplify_pro

License checkout: synplifypro_gowin
License: synplifypro_gowin node-locked 
Licensed Vendor: gowin

Running in Vendor Mode

log file: "G:\gowin_test\DBSTAR_RGMII\par\fpga_project_1\impl\synthesize\rev_1\fpga_project_1.srr"
Running: rev_1 in foreground

Running fpga_project_1|rev_1

Running Flow: compile (Compile) on fpga_project_1|rev_1
# Mon Jul  2 20:17:33 2018

Running Flow: compile_flow (Compile Process) on fpga_project_1|rev_1
# Mon Jul  2 20:17:33 2018

Running: compiler (Compile Input) on fpga_project_1|rev_1
# Mon Jul  2 20:17:33 2018

compiler completed
# Mon Jul  2 20:17:34 2018

Return Code: 0
Run Time:00h:00m:01s

Running: multi_srs_gen (Multi-srs Generator) on fpga_project_1|rev_1
# Mon Jul  2 20:17:34 2018
Up-To-Date: multi_srs_gen. No run necessary
Complete: Compile Process on fpga_project_1|rev_1

Running: premap (Premap) on fpga_project_1|rev_1
# Mon Jul  2 20:17:34 2018
Up-To-Date: premap. No run necessary
Complete: Compile on fpga_project_1|rev_1

Running Flow: map (Map) on fpga_project_1|rev_1
# Mon Jul  2 20:17:35 2018
License granted for 4 parallel jobs

Running: fpga_mapper (Map & Optimize) on fpga_project_1|rev_1
# Mon Jul  2 20:17:35 2018
Up-To-Date: fpga_mapper. No run necessary
Complete: Map on fpga_project_1|rev_1
Complete: Logic Synthesis on fpga_project_1|rev_1
exit status=0
exit status=0
License checkin: synplifypro_gowin
