D:\CODE\C_LANGUAGE\DATA-STRUCT\C_PLUS_PLUS\CONSOLEAPPLICATION1\CONSOLEAPPLICATION1\DEBUG\CONSOLEAPPLICATION1.PCH
D:\CODE\C_LANGUAGE\DATA-STRUCT\C_PLUS_PLUS\CONSOLEAPPLICATION1\CONSOLEAPPLICATION1\DEBUG\STDAFX.OBJ
D:\CODE\C_LANGUAGE\DATA-STRUCT\C_PLUS_PLUS\CONSOLEAPPLICATION1\CONSOLEAPPLICATION1\DEBUG\VC110.PDB
D:\CODE\C_LANGUAGE\DATA-STRUCT\C_PLUS_PLUS\CONSOLEAPPLICATION1\CONSOLEAPPLICATION1\DEBUG\CONSOLEAPPLICATION1.OBJ
D:\CODE\C_LANGUAGE\DATA-STRUCT\C_PLUS_PLUS\CONSOLEAPPLICATION1\CONSOLEAPPLICATION1\DEBUG\TEST.OBJ
D:\CODE\C_LANGUAGE\DATA-STRUCT\C_PLUS_PLUS\CONSOLEAPPLICATION1\DEBUG\CONSOLEAPPLICATION1.ILK
D:\CODE\C_LANGUAGE\DATA-STRUCT\C_PLUS_PLUS\CONSOLEAPPLICATION1\DEBUG\CONSOLEAPPLICATION1.EXE
D:\CODE\C_LANGUAGE\DATA-STRUCT\C_PLUS_PLUS\CONSOLEAPPLICATION1\DEBUG\CONSOLEAPPLICATION1.PDB
D:\CODE\C_LANGUAGE\DATA-STRUCT\C_PLUS_PLUS\CONSOLEAPPLICATION1\CONSOLEAPPLICATION1\DEBUG\CONSOLEAPPLICATION1.RES
D:\code\c_language\data-struct\c_plus_plus\ConsoleApplication1\ConsoleApplication1\Debug\ConsoleApplication1.obj
D:\code\c_language\data-struct\c_plus_plus\ConsoleApplication1\ConsoleApplication1\Debug\stdafx.obj
D:\code\c_language\data-struct\c_plus_plus\ConsoleApplication1\ConsoleApplication1\Debug\test.obj
D:\code\c_language\data-struct\c_plus_plus\ConsoleApplication1\ConsoleApplication1\Debug\cl.command.1.tlog
D:\code\c_language\data-struct\c_plus_plus\ConsoleApplication1\ConsoleApplication1\Debug\CL.read.1.tlog
D:\code\c_language\data-struct\c_plus_plus\ConsoleApplication1\ConsoleApplication1\Debug\CL.write.1.tlog
D:\code\c_language\data-struct\c_plus_plus\ConsoleApplication1\ConsoleApplication1\Debug\link-cvtres.read.1.tlog
D:\code\c_language\data-struct\c_plus_plus\ConsoleApplication1\ConsoleApplication1\Debug\link-cvtres.write.1.tlog
D:\code\c_language\data-struct\c_plus_plus\ConsoleApplication1\ConsoleApplication1\Debug\link-rc.read.1.tlog
D:\code\c_language\data-struct\c_plus_plus\ConsoleApplication1\ConsoleApplication1\Debug\link-rc.write.1.tlog
D:\code\c_language\data-struct\c_plus_plus\ConsoleApplication1\ConsoleApplication1\Debug\link.command.1.tlog
D:\code\c_language\data-struct\c_plus_plus\ConsoleApplication1\ConsoleApplication1\Debug\link.read.1.tlog
D:\code\c_language\data-struct\c_plus_plus\ConsoleApplication1\ConsoleApplication1\Debug\link.write.1.tlog
D:\code\c_language\data-struct\c_plus_plus\ConsoleApplication1\ConsoleApplication1\Debug\rc.command.1.tlog
D:\code\c_language\data-struct\c_plus_plus\ConsoleApplication1\ConsoleApplication1\Debug\rc.read.1.tlog
D:\code\c_language\data-struct\c_plus_plus\ConsoleApplication1\ConsoleApplication1\Debug\rc.write.1.tlog
D:\code\c_language\data-struct\c_plus_plus\ConsoleApplication1\ConsoleApplication1\Debug\ConsoleApplication1.res
D:\code\c_language\data-struct\c_plus_plus\ConsoleApplication1\ConsoleApplication1\Debug\ConsoleApplication1.pch
D:\code\c_language\data-struct\c_plus_plus\ConsoleApplication1\ConsoleApplication1\Debug\vc110.idb
D:\code\c_language\data-struct\c_plus_plus\ConsoleApplication1\ConsoleApplication1\Debug\vc110.pdb
D:\code\c_language\data-struct\c_plus_plus\ConsoleApplication1\Debug\ConsoleApplication1.pdb
D:\code\c_language\data-struct\c_plus_plus\ConsoleApplication1\Debug\ConsoleApplication1.exe
D:\code\c_language\data-struct\c_plus_plus\ConsoleApplication1\Debug\ConsoleApplication1.ilk
