Warning: In design 'adder', there is 1 submodule connected to power or ground. (LINT-30)
Warning: In design 'adder_DW01_add_64_1', there are 2 ports not connected to any nets. (LINT-30)

Information: Use the 'check_design' command for 
	 more information about warnings. (LINT-99)

Information: Updating design information... (UID-85)
Performing power analysis through design. (low effort)
Warning: There are sequential cells with no output activity annotation. (PWR-96)
Warning: Sequential cell bm_reg[20] with no output activity annotation. (PWR-81)
Warning: Sequential cell am_reg[42] with no output activity annotation. (PWR-81)
Warning: Sequential cell am_reg[4] with no output activity annotation. (PWR-81)
Warning: Sequential cell am_reg[9] with no output activity annotation. (PWR-81)
Warning: Sequential cell am_reg[62] with no output activity annotation. (PWR-81)
Warning: Sequential cell am_reg[43] with no output activity annotation. (PWR-81)
Warning: Sequential cell am_reg[53] with no output activity annotation. (PWR-81)
Warning: Sequential cell am_reg[45] with no output activity annotation. (PWR-81)
Warning: Sequential cell am_reg[55] with no output activity annotation. (PWR-81)
Warning: Sequential cell am_reg[57] with no output activity annotation. (PWR-81)
Warning: Sequential cell am_reg[3] with no output activity annotation. (PWR-81)
Warning: Sequential cell am_reg[59] with no output activity annotation. (PWR-81)
Warning: Sequential cell am_reg[1] with no output activity annotation. (PWR-81)
Warning: Sequential cell bm_reg[24] with no output activity annotation. (PWR-81)
Warning: Sequential cell bm_reg[29] with no output activity annotation. (PWR-81)
Warning: Sequential cell am_reg[33] with no output activity annotation. (PWR-81)
Warning: Sequential cell bm_reg[39] with no output activity annotation. (PWR-81)
Warning: Sequential cell bm_reg[40] with no output activity annotation. (PWR-81)
Warning: Sequential cell am_reg[7] with no output activity annotation. (PWR-81)
Warning: Sequential cell bm_reg[56] with no output activity annotation. (PWR-81)
Warning: Sequential cell am_reg[37] with no output activity annotation. (PWR-81)
Warning: Sequential cell bm_reg[5] with no output activity annotation. (PWR-81)
Warning: Sequential cell cnt_reg[0] with no output activity annotation. (PWR-81)
Warning: Sequential cell am_reg[40] with no output activity annotation. (PWR-81)
Warning: Sequential cell am_reg[50] with no output activity annotation. (PWR-81)
Warning: Sequential cell bm_reg[1] with no output activity annotation. (PWR-81)
Warning: Sequential cell s_reg[63] with no output activity annotation. (PWR-81)
Warning: Sequential cell am_reg[46] with no output activity annotation. (PWR-81)
Warning: Sequential cell am_reg[49] with no output activity annotation. (PWR-81)
Warning: Sequential cell am_reg[51] with no output activity annotation. (PWR-81)
Warning: Sequential cell am_reg[29] with no output activity annotation. (PWR-81)
Warning: Sequential cell am_reg[6] with no output activity annotation. (PWR-81)
Warning: Sequential cell bm_reg[37] with no output activity annotation. (PWR-81)
Warning: Sequential cell bm_reg[33] with no output activity annotation. (PWR-81)
Warning: Sequential cell bm_reg[31] with no output activity annotation. (PWR-81)
Warning: Sequential cell bm_reg[18] with no output activity annotation. (PWR-81)
Warning: Sequential cell bm_reg[15] with no output activity annotation. (PWR-81)
Warning: Sequential cell bm_reg[21] with no output activity annotation. (PWR-81)
Warning: Sequential cell bm_reg[0] with no output activity annotation. (PWR-81)
Warning: Sequential cell bm_reg[35] with no output activity annotation. (PWR-81)
Warning: Sequential cell am_reg[63] with no output activity annotation. (PWR-81)
Warning: Sequential cell bm_reg[11] with no output activity annotation. (PWR-81)
Warning: Sequential cell am_reg[20] with no output activity annotation. (PWR-81)
Warning: Sequential cell am_reg[32] with no output activity annotation. (PWR-81)
Warning: Sequential cell am_reg[17] with no output activity annotation. (PWR-81)
Warning: Sequential cell am_reg[36] with no output activity annotation. (PWR-81)
Warning: Sequential cell bm_reg[10] with no output activity annotation. (PWR-81)
Warning: Sequential cell bm_reg[53] with no output activity annotation. (PWR-81)
Warning: Sequential cell bm_reg[3] with no output activity annotation. (PWR-81)
Warning: Sequential cell bm_reg[57] with no output activity annotation. (PWR-81)
Warning: Sequential cell bm_reg[49] with no output activity annotation. (PWR-81)
Warning: Sequential cell bm_reg[46] with no output activity annotation. (PWR-81)
Warning: Sequential cell bm_reg[51] with no output activity annotation. (PWR-81)
Warning: Sequential cell bm_reg[45] with no output activity annotation. (PWR-81)
Warning: Sequential cell bm_reg[55] with no output activity annotation. (PWR-81)
Warning: Sequential cell bm_reg[6] with no output activity annotation. (PWR-81)
Warning: Sequential cell bm_reg[59] with no output activity annotation. (PWR-81)
Warning: Sequential cell bm_reg[30] with no output activity annotation. (PWR-81)
Warning: Sequential cell bm_reg[32] with no output activity annotation. (PWR-81)
Warning: Sequential cell bm_reg[36] with no output activity annotation. (PWR-81)
Warning: Sequential cell bm_reg[17] with no output activity annotation. (PWR-81)
Warning: Sequential cell am_reg[34] with no output activity annotation. (PWR-81)
Warning: Sequential cell am_reg[0] with no output activity annotation. (PWR-81)
Warning: Sequential cell am_reg[61] with no output activity annotation. (PWR-81)
Warning: Sequential cell am_reg[60] with no output activity annotation. (PWR-81)
Warning: Sequential cell bm_reg[63] with no output activity annotation. (PWR-81)
Warning: Sequential cell am_reg[26] with no output activity annotation. (PWR-81)
Warning: Sequential cell am_reg[22] with no output activity annotation. (PWR-81)
Warning: Sequential cell am_reg[38] with no output activity annotation. (PWR-81)
Warning: Sequential cell am_reg[13] with no output activity annotation. (PWR-81)
Warning: Sequential cell bm_reg[61] with no output activity annotation. (PWR-81)
Warning: Sequential cell bm_reg[60] with no output activity annotation. (PWR-81)
Warning: Sequential cell bm_reg[62] with no output activity annotation. (PWR-81)
Warning: Sequential cell bm_reg[34] with no output activity annotation. (PWR-81)
Warning: Sequential cell am_reg[47] with no output activity annotation. (PWR-81)
Warning: Sequential cell bm_reg[26] with no output activity annotation. (PWR-81)
Warning: Sequential cell bm_reg[42] with no output activity annotation. (PWR-81)
Warning: Sequential cell bm_reg[13] with no output activity annotation. (PWR-81)
Warning: Sequential cell am_reg[35] with no output activity annotation. (PWR-81)
Warning: Sequential cell bm_reg[38] with no output activity annotation. (PWR-81)
Warning: Sequential cell bm_reg[47] with no output activity annotation. (PWR-81)
Warning: Sequential cell bm_reg[22] with no output activity annotation. (PWR-81)
Warning: Sequential cell s_reg[24] with no output activity annotation. (PWR-81)
Warning: Sequential cell s_reg[16] with no output activity annotation. (PWR-81)
Warning: Sequential cell s_reg[55] with no output activity annotation. (PWR-81)
Warning: Sequential cell s_reg[13] with no output activity annotation. (PWR-81)
Warning: Sequential cell s_reg[58] with no output activity annotation. (PWR-81)
Warning: Sequential cell s_reg[12] with no output activity annotation. (PWR-81)
Warning: Sequential cell s_reg[59] with no output activity annotation. (PWR-81)
Warning: Sequential cell s_reg[32] with no output activity annotation. (PWR-81)
Warning: Sequential cell s_reg[33] with no output activity annotation. (PWR-81)
Warning: Sequential cell s_reg[31] with no output activity annotation. (PWR-81)
Warning: Sequential cell s_reg[34] with no output activity annotation. (PWR-81)
Warning: Sequential cell s_reg[30] with no output activity annotation. (PWR-81)
Warning: Sequential cell s_reg[35] with no output activity annotation. (PWR-81)
Warning: Sequential cell s_reg[29] with no output activity annotation. (PWR-81)
Warning: Sequential cell s_reg[36] with no output activity annotation. (PWR-81)
Warning: Sequential cell s_reg[28] with no output activity annotation. (PWR-81)
Warning: Sequential cell s_reg[37] with no output activity annotation. (PWR-81)
Warning: Sequential cell s_reg[27] with no output activity annotation. (PWR-81)
Warning: Sequential cell s_reg[38] with no output activity annotation. (PWR-81)
Warning: Sequential cell s_reg[26] with no output activity annotation. (PWR-81)
Warning: Sequential cell s_reg[39] with no output activity annotation. (PWR-81)
Warning: Sequential cell s_reg[25] with no output activity annotation. (PWR-81)
Warning: Sequential cell s_reg[40] with no output activity annotation. (PWR-81)
Warning: Sequential cell s_reg[23] with no output activity annotation. (PWR-81)
Warning: Sequential cell s_reg[41] with no output activity annotation. (PWR-81)
Warning: Sequential cell s_reg[22] with no output activity annotation. (PWR-81)
Warning: Sequential cell s_reg[42] with no output activity annotation. (PWR-81)
Warning: Sequential cell s_reg[21] with no output activity annotation. (PWR-81)
Warning: Sequential cell s_reg[43] with no output activity annotation. (PWR-81)
Warning: Sequential cell s_reg[20] with no output activity annotation. (PWR-81)
Warning: Sequential cell s_reg[44] with no output activity annotation. (PWR-81)
Warning: Sequential cell s_reg[19] with no output activity annotation. (PWR-81)
Warning: Sequential cell s_reg[45] with no output activity annotation. (PWR-81)
Warning: Sequential cell s_reg[18] with no output activity annotation. (PWR-81)
Warning: Sequential cell s_reg[46] with no output activity annotation. (PWR-81)
Warning: Sequential cell s_reg[17] with no output activity annotation. (PWR-81)
Warning: Sequential cell s_reg[47] with no output activity annotation. (PWR-81)
Warning: Sequential cell s_reg[15] with no output activity annotation. (PWR-81)
Warning: Sequential cell s_reg[48] with no output activity annotation. (PWR-81)
Warning: Sequential cell s_reg[14] with no output activity annotation. (PWR-81)
Warning: Sequential cell s_reg[49] with no output activity annotation. (PWR-81)
Warning: Sequential cell s_reg[11] with no output activity annotation. (PWR-81)
Warning: Sequential cell s_reg[50] with no output activity annotation. (PWR-81)
Warning: Sequential cell s_reg[10] with no output activity annotation. (PWR-81)
Warning: Sequential cell s_reg[51] with no output activity annotation. (PWR-81)
Warning: Sequential cell s_reg[9] with no output activity annotation. (PWR-81)
Warning: Sequential cell s_reg[52] with no output activity annotation. (PWR-81)
Warning: Sequential cell s_reg[8] with no output activity annotation. (PWR-81)
Warning: Sequential cell s_reg[53] with no output activity annotation. (PWR-81)
Warning: Sequential cell s_reg[7] with no output activity annotation. (PWR-81)
Warning: Sequential cell s_reg[54] with no output activity annotation. (PWR-81)
Warning: Sequential cell s_reg[6] with no output activity annotation. (PWR-81)
Warning: Sequential cell s_reg[56] with no output activity annotation. (PWR-81)
Warning: Sequential cell s_reg[5] with no output activity annotation. (PWR-81)
Warning: Sequential cell s_reg[57] with no output activity annotation. (PWR-81)
Warning: Sequential cell s_reg[4] with no output activity annotation. (PWR-81)
Warning: Sequential cell s_reg[60] with no output activity annotation. (PWR-81)
Warning: Sequential cell s_reg[3] with no output activity annotation. (PWR-81)
Warning: Sequential cell s_reg[61] with no output activity annotation. (PWR-81)
Warning: Sequential cell s_reg[2] with no output activity annotation. (PWR-81)
Warning: Sequential cell s_reg[62] with no output activity annotation. (PWR-81)
Warning: Sequential cell s_reg[1] with no output activity annotation. (PWR-81)
Warning: Sequential cell s_reg[0] with no output activity annotation. (PWR-81)
Warning: Sequential cell am_reg[30] with no output activity annotation. (PWR-81)
Warning: Sequential cell am_reg[58] with no output activity annotation. (PWR-81)
Warning: Sequential cell am_reg[11] with no output activity annotation. (PWR-81)
Warning: Sequential cell am_reg[56] with no output activity annotation. (PWR-81)
Warning: Sequential cell am_reg[52] with no output activity annotation. (PWR-81)
Warning: Sequential cell am_reg[48] with no output activity annotation. (PWR-81)
Warning: Sequential cell am_reg[54] with no output activity annotation. (PWR-81)
Warning: Sequential cell am_reg[2] with no output activity annotation. (PWR-81)
Warning: Sequential cell am_reg[14] with no output activity annotation. (PWR-81)
Warning: Sequential cell am_reg[8] with no output activity annotation. (PWR-81)
Warning: Sequential cell am_reg[10] with no output activity annotation. (PWR-81)
Warning: Sequential cell am_reg[27] with no output activity annotation. (PWR-81)
Warning: Sequential cell am_reg[23] with no output activity annotation. (PWR-81)
Warning: Sequential cell am_reg[39] with no output activity annotation. (PWR-81)
Warning: Sequential cell am_reg[19] with no output activity annotation. (PWR-81)
Warning: Sequential cell bm_reg[43] with no output activity annotation. (PWR-81)
Warning: Sequential cell bm_reg[27] with no output activity annotation. (PWR-81)
Warning: Sequential cell bm_reg[2] with no output activity annotation. (PWR-81)
Warning: Sequential cell bm_reg[23] with no output activity annotation. (PWR-81)
Warning: Sequential cell bm_reg[50] with no output activity annotation. (PWR-81)
Warning: Sequential cell bm_reg[19] with no output activity annotation. (PWR-81)
Warning: Sequential cell bm_reg[52] with no output activity annotation. (PWR-81)
Warning: Sequential cell bm_reg[54] with no output activity annotation. (PWR-81)
Warning: Sequential cell bm_reg[48] with no output activity annotation. (PWR-81)
Warning: Sequential cell bm_reg[58] with no output activity annotation. (PWR-81)
Warning: Sequential cell am_reg[16] with no output activity annotation. (PWR-81)
Warning: Sequential cell am_reg[15] with no output activity annotation. (PWR-81)
Warning: Sequential cell am_reg[18] with no output activity annotation. (PWR-81)
Warning: Sequential cell am_reg[31] with no output activity annotation. (PWR-81)
Warning: Sequential cell am_reg[24] with no output activity annotation. (PWR-81)
Warning: Sequential cell bm_reg[16] with no output activity annotation. (PWR-81)
Warning: Sequential cell bm_reg[7] with no output activity annotation. (PWR-81)
Warning: Sequential cell am_reg[5] with no output activity annotation. (PWR-81)
Warning: Sequential cell bm_reg[8] with no output activity annotation. (PWR-81)
Warning: Sequential cell bm_reg[9] with no output activity annotation. (PWR-81)
Warning: Sequential cell bm_reg[4] with no output activity annotation. (PWR-81)
Warning: Sequential cell am_reg[21] with no output activity annotation. (PWR-81)
Warning: Sequential cell bm_reg[14] with no output activity annotation. (PWR-81)
Warning: Sequential cell bm_reg[12] with no output activity annotation. (PWR-81)
Warning: Sequential cell am_reg[12] with no output activity annotation. (PWR-81)
Warning: Sequential cell bm_reg[44] with no output activity annotation. (PWR-81)
Warning: Sequential cell am_reg[44] with no output activity annotation. (PWR-81)
Warning: Sequential cell bm_reg[28] with no output activity annotation. (PWR-81)
Warning: Sequential cell am_reg[28] with no output activity annotation. (PWR-81)
Warning: Sequential cell bm_reg[25] with no output activity annotation. (PWR-81)
Warning: Sequential cell am_reg[25] with no output activity annotation. (PWR-81)
Warning: Sequential cell bm_reg[41] with no output activity annotation. (PWR-81)
Warning: Sequential cell am_reg[41] with no output activity annotation. (PWR-81)
Warning: Sequential cell cnt_reg[1] with no output activity annotation. (PWR-81)
Warning: Sequential cell cnt_reg[2] with no output activity annotation. (PWR-81)
 
****************************************
Report : power
	-analysis_effort low
Design : adder
Version: 2003.03
Date   : Sun Apr  5 23:34:38 2009
****************************************


Library(s) Used:

    fsa0a_c_sc_tc (File: /usr/iclib/fsa0a_c/2004Q4v1.1/SC/FrontEnd/synopsys/fsa0a_c_sc_tc.db)


Operating Conditions: TCCOM   Library: fsa0a_c_sc_tc
Wire Load Model Mode: top

Design        Wire Load Model            Library
------------------------------------------------
adder                  G5K               fsa0a_c_sc_tc


Global Operating Voltage = 1.8  
Power-specific unit information :
    Voltage Units = 1V
    Capacitance Units = 1.000000pf
    Time Units = 1ns
    Dynamic Power Units = 1mW    (derived from V,C,T units)
    Leakage Power Units = 1pW


  Cell Internal Power  =  71.1021 uW   (12%)
  Net Switching Power  = 534.3126 uW   (88%)
                         ---------
Total Dynamic Power    = 605.4147 uW  (100%)

Cell Leakage Power     = 199.4593 nW

1
